ARM GAS  C:\Users\HERMIN~1\AppData\Local\Temp\ccfZTw6L.s 			page 1


   1              		.cpu cortex-m0
   2              		.fpu softvfp
   3              		.eabi_attribute 20, 1
   4              		.eabi_attribute 21, 1
   5              		.eabi_attribute 23, 3
   6              		.eabi_attribute 24, 1
   7              		.eabi_attribute 25, 1
   8              		.eabi_attribute 26, 1
   9              		.eabi_attribute 30, 6
  10              		.eabi_attribute 34, 0
  11              		.eabi_attribute 18, 4
  12              		.code	16
  13              		.file	"Cm0Start.c"
  14              		.text
  15              	.Ltext0:
  16              		.cfi_sections	.debug_frame
  17              		.section	.noinit,"aw",%progbits
  18              		.align	2
  19              		.type	cySysNoInitDataValid, %object
  20              		.size	cySysNoInitDataValid, 4
  21              	cySysNoInitDataValid:
  22 0000 00000000 		.space	4
  23              		.section	.text.IntDefaultHandler,"ax",%progbits
  24              		.align	2
  25              		.global	IntDefaultHandler
  26              		.code	16
  27              		.thumb_func
  28              		.type	IntDefaultHandler, %function
  29              	IntDefaultHandler:
  30              	.LFB0:
  31              		.file 1 ".\\Generated_Source\\PSoC4\\Cm0Start.c"
   1:.\Generated_Source\PSoC4/Cm0Start.c **** /*******************************************************************************
   2:.\Generated_Source\PSoC4/Cm0Start.c **** * File Name: Cm0Start.c
   3:.\Generated_Source\PSoC4/Cm0Start.c **** * Version 5.30
   4:.\Generated_Source\PSoC4/Cm0Start.c **** *
   5:.\Generated_Source\PSoC4/Cm0Start.c **** *  Description:
   6:.\Generated_Source\PSoC4/Cm0Start.c **** *  Startup code for the ARM CM0.
   7:.\Generated_Source\PSoC4/Cm0Start.c **** *
   8:.\Generated_Source\PSoC4/Cm0Start.c **** ********************************************************************************
   9:.\Generated_Source\PSoC4/Cm0Start.c **** * Copyright 2010-2015, Cypress Semiconductor Corporation.  All rights reserved.
  10:.\Generated_Source\PSoC4/Cm0Start.c **** * You may use this file only in accordance with the license, terms, conditions,
  11:.\Generated_Source\PSoC4/Cm0Start.c **** * disclaimers, and limitations in the end user license agreement accompanying
  12:.\Generated_Source\PSoC4/Cm0Start.c **** * the software package with which this file was provided.
  13:.\Generated_Source\PSoC4/Cm0Start.c **** *******************************************************************************/
  14:.\Generated_Source\PSoC4/Cm0Start.c **** 
  15:.\Generated_Source\PSoC4/Cm0Start.c **** #include <limits.h>
  16:.\Generated_Source\PSoC4/Cm0Start.c **** #include "cydevice_trm.h"
  17:.\Generated_Source\PSoC4/Cm0Start.c **** #include "cytypes.h"
  18:.\Generated_Source\PSoC4/Cm0Start.c **** #include "cyfitter_cfg.h"
  19:.\Generated_Source\PSoC4/Cm0Start.c **** #include "CyLib.h"
  20:.\Generated_Source\PSoC4/Cm0Start.c **** #include "cyfitter.h"
  21:.\Generated_Source\PSoC4/Cm0Start.c **** #include "cyapicallbacks.h"
  22:.\Generated_Source\PSoC4/Cm0Start.c **** 
  23:.\Generated_Source\PSoC4/Cm0Start.c **** #define CY_NUM_VECTORS              (CY_INT_IRQ_BASE + CY_NUM_INTERRUPTS)
  24:.\Generated_Source\PSoC4/Cm0Start.c **** #define CY_CPUSS_CONFIG_VECT_IN_RAM (( uint32 ) 0x01)
  25:.\Generated_Source\PSoC4/Cm0Start.c **** 
  26:.\Generated_Source\PSoC4/Cm0Start.c **** /* CPUSS Configuration register */
ARM GAS  C:\Users\HERMIN~1\AppData\Local\Temp\ccfZTw6L.s 			page 2


  27:.\Generated_Source\PSoC4/Cm0Start.c **** #define CY_CPUSS_CONFIG_REG         (*(reg32 *) CYREG_CPUSS_CONFIG)
  28:.\Generated_Source\PSoC4/Cm0Start.c **** #define CY_CPUSS_CONFIG_PTR         ( (reg32 *) CYREG_CPUSS_CONFIG)
  29:.\Generated_Source\PSoC4/Cm0Start.c **** 
  30:.\Generated_Source\PSoC4/Cm0Start.c **** 
  31:.\Generated_Source\PSoC4/Cm0Start.c **** #if defined (__ICCARM__)
  32:.\Generated_Source\PSoC4/Cm0Start.c ****     #define CY_NUM_ROM_VECTORS      (CY_NUM_VECTORS)
  33:.\Generated_Source\PSoC4/Cm0Start.c **** #else
  34:.\Generated_Source\PSoC4/Cm0Start.c ****     #define CY_NUM_ROM_VECTORS      (4u)
  35:.\Generated_Source\PSoC4/Cm0Start.c **** #endif  /* defined (__ICCARM__) */
  36:.\Generated_Source\PSoC4/Cm0Start.c **** 
  37:.\Generated_Source\PSoC4/Cm0Start.c **** 
  38:.\Generated_Source\PSoC4/Cm0Start.c **** #ifndef CY_SYS_INITIAL_STACK_POINTER
  39:.\Generated_Source\PSoC4/Cm0Start.c **** 
  40:.\Generated_Source\PSoC4/Cm0Start.c ****     #if defined(__ARMCC_VERSION)
  41:.\Generated_Source\PSoC4/Cm0Start.c ****         #define CY_SYS_INITIAL_STACK_POINTER ((cyisraddress)(uint32)&Image$$ARM_LIB_STACK$$ZI$$Limi
  42:.\Generated_Source\PSoC4/Cm0Start.c ****     #elif defined (__GNUC__)
  43:.\Generated_Source\PSoC4/Cm0Start.c ****         #define CY_SYS_INITIAL_STACK_POINTER (&__cy_stack)
  44:.\Generated_Source\PSoC4/Cm0Start.c ****     #elif defined (__ICCARM__)
  45:.\Generated_Source\PSoC4/Cm0Start.c ****         #pragma language=extended
  46:.\Generated_Source\PSoC4/Cm0Start.c ****         #pragma segment="CSTACK"
  47:.\Generated_Source\PSoC4/Cm0Start.c ****         #define CY_SYS_INITIAL_STACK_POINTER  { .__ptr = __sfe( "CSTACK" ) }
  48:.\Generated_Source\PSoC4/Cm0Start.c **** 
  49:.\Generated_Source\PSoC4/Cm0Start.c ****         extern void __iar_program_start( void );
  50:.\Generated_Source\PSoC4/Cm0Start.c ****         extern void __iar_data_init3 (void);
  51:.\Generated_Source\PSoC4/Cm0Start.c ****     #endif  /* (__ARMCC_VERSION) */
  52:.\Generated_Source\PSoC4/Cm0Start.c **** 
  53:.\Generated_Source\PSoC4/Cm0Start.c **** #endif /* CY_SYS_INITIAL_STACK_POINTER */
  54:.\Generated_Source\PSoC4/Cm0Start.c **** 
  55:.\Generated_Source\PSoC4/Cm0Start.c **** 
  56:.\Generated_Source\PSoC4/Cm0Start.c **** #if defined(__GNUC__)
  57:.\Generated_Source\PSoC4/Cm0Start.c ****     #include <errno.h>
  58:.\Generated_Source\PSoC4/Cm0Start.c ****     extern int  errno;
  59:.\Generated_Source\PSoC4/Cm0Start.c ****     extern int  end;
  60:.\Generated_Source\PSoC4/Cm0Start.c **** #endif  /* defined(__GNUC__) */
  61:.\Generated_Source\PSoC4/Cm0Start.c **** 
  62:.\Generated_Source\PSoC4/Cm0Start.c **** /* Extern functions */
  63:.\Generated_Source\PSoC4/Cm0Start.c **** extern void CyBtldr_CheckLaunch(void);
  64:.\Generated_Source\PSoC4/Cm0Start.c **** 
  65:.\Generated_Source\PSoC4/Cm0Start.c **** /* Function prototypes */
  66:.\Generated_Source\PSoC4/Cm0Start.c **** void initialize_psoc(void);
  67:.\Generated_Source\PSoC4/Cm0Start.c **** 
  68:.\Generated_Source\PSoC4/Cm0Start.c **** /* Global variables */
  69:.\Generated_Source\PSoC4/Cm0Start.c **** #if !defined (__ICCARM__)
  70:.\Generated_Source\PSoC4/Cm0Start.c ****     CY_NOINIT static uint32 cySysNoInitDataValid;
  71:.\Generated_Source\PSoC4/Cm0Start.c **** #endif  /* !defined (__ICCARM__) */
  72:.\Generated_Source\PSoC4/Cm0Start.c **** 
  73:.\Generated_Source\PSoC4/Cm0Start.c **** 
  74:.\Generated_Source\PSoC4/Cm0Start.c **** #if (CYDEV_PROJ_TYPE != CYDEV_PROJ_TYPE_STANDARD)
  75:.\Generated_Source\PSoC4/Cm0Start.c **** 
  76:.\Generated_Source\PSoC4/Cm0Start.c ****     /*******************************************************************************
  77:.\Generated_Source\PSoC4/Cm0Start.c ****     This variable is used by the Bootloader/Bootloadable components to schedule
  78:.\Generated_Source\PSoC4/Cm0Start.c ****     what application will be started after a software reset.
  79:.\Generated_Source\PSoC4/Cm0Start.c ****     *******************************************************************************/
  80:.\Generated_Source\PSoC4/Cm0Start.c ****     #if (__ARMCC_VERSION)
  81:.\Generated_Source\PSoC4/Cm0Start.c ****         __attribute__ ((section(".bootloaderruntype"), zero_init))
  82:.\Generated_Source\PSoC4/Cm0Start.c ****     #elif defined (__GNUC__)
  83:.\Generated_Source\PSoC4/Cm0Start.c ****         __attribute__ ((section(".bootloaderruntype")))
ARM GAS  C:\Users\HERMIN~1\AppData\Local\Temp\ccfZTw6L.s 			page 3


  84:.\Generated_Source\PSoC4/Cm0Start.c ****     #elif defined (__ICCARM__)
  85:.\Generated_Source\PSoC4/Cm0Start.c ****         #pragma location=".bootloaderruntype"
  86:.\Generated_Source\PSoC4/Cm0Start.c ****     #endif /* (__ARMCC_VERSION) */
  87:.\Generated_Source\PSoC4/Cm0Start.c ****     volatile uint32 cyBtldrRunType;
  88:.\Generated_Source\PSoC4/Cm0Start.c **** 
  89:.\Generated_Source\PSoC4/Cm0Start.c **** #endif  /* (CYDEV_PROJ_TYPE != CYDEV_PROJ_TYPE_STANDARD) */
  90:.\Generated_Source\PSoC4/Cm0Start.c **** 
  91:.\Generated_Source\PSoC4/Cm0Start.c **** 
  92:.\Generated_Source\PSoC4/Cm0Start.c **** /*******************************************************************************
  93:.\Generated_Source\PSoC4/Cm0Start.c **** * Function Name: IntDefaultHandler
  94:.\Generated_Source\PSoC4/Cm0Start.c **** ********************************************************************************
  95:.\Generated_Source\PSoC4/Cm0Start.c **** *
  96:.\Generated_Source\PSoC4/Cm0Start.c **** * Summary:
  97:.\Generated_Source\PSoC4/Cm0Start.c **** *  This function is called for all interrupts, other than a reset that is called
  98:.\Generated_Source\PSoC4/Cm0Start.c **** *  before the system is setup.
  99:.\Generated_Source\PSoC4/Cm0Start.c **** *
 100:.\Generated_Source\PSoC4/Cm0Start.c **** * Parameters:
 101:.\Generated_Source\PSoC4/Cm0Start.c **** *  None
 102:.\Generated_Source\PSoC4/Cm0Start.c **** *
 103:.\Generated_Source\PSoC4/Cm0Start.c **** * Return:
 104:.\Generated_Source\PSoC4/Cm0Start.c **** *  None
 105:.\Generated_Source\PSoC4/Cm0Start.c **** *
 106:.\Generated_Source\PSoC4/Cm0Start.c **** * Theory:
 107:.\Generated_Source\PSoC4/Cm0Start.c **** *   Any value other than zero is acceptable.
 108:.\Generated_Source\PSoC4/Cm0Start.c **** *
 109:.\Generated_Source\PSoC4/Cm0Start.c **** *******************************************************************************/
 110:.\Generated_Source\PSoC4/Cm0Start.c **** CY_NORETURN
 111:.\Generated_Source\PSoC4/Cm0Start.c **** CY_ISR(IntDefaultHandler)
 112:.\Generated_Source\PSoC4/Cm0Start.c **** {
  32              		.loc 1 112 0
  33              		.cfi_startproc
  34 0000 80B5     		push	{r7, lr}
  35              		.cfi_def_cfa_offset 8
  36              		.cfi_offset 7, -8
  37              		.cfi_offset 14, -4
  38 0002 00AF     		add	r7, sp, #0
  39              		.cfi_def_cfa_register 7
  40              	.L2:
 113:.\Generated_Source\PSoC4/Cm0Start.c ****     /***************************************************************************
 114:.\Generated_Source\PSoC4/Cm0Start.c ****     * We must not get here. If we do, a serious problem occurs, so go into
 115:.\Generated_Source\PSoC4/Cm0Start.c ****     * an infinite loop.
 116:.\Generated_Source\PSoC4/Cm0Start.c ****     ***************************************************************************/
 117:.\Generated_Source\PSoC4/Cm0Start.c **** 
 118:.\Generated_Source\PSoC4/Cm0Start.c ****     #ifdef CY_BOOT_INT_DEFAULT_HANDLER_EXCEPTION_ENTRY_CALLBACK
 119:.\Generated_Source\PSoC4/Cm0Start.c ****         CyBoot_IntDefaultHandler_Exception_EntryCallback();
 120:.\Generated_Source\PSoC4/Cm0Start.c ****     #endif /* CY_BOOT_INT_DEFAULT_HANDLER_EXCEPTION_ENTRY_CALLBACK */
 121:.\Generated_Source\PSoC4/Cm0Start.c **** 
 122:.\Generated_Source\PSoC4/Cm0Start.c ****     while(1)
 123:.\Generated_Source\PSoC4/Cm0Start.c ****     {
 124:.\Generated_Source\PSoC4/Cm0Start.c **** 
 125:.\Generated_Source\PSoC4/Cm0Start.c ****     }
  41              		.loc 1 125 0 discriminator 1
  42 0004 FEE7     		b	.L2
  43              		.cfi_endproc
  44              	.LFE0:
  45              		.size	IntDefaultHandler, .-IntDefaultHandler
  46 0006 C046     		.section	.text._exit,"ax",%progbits
ARM GAS  C:\Users\HERMIN~1\AppData\Local\Temp\ccfZTw6L.s 			page 4


  47              		.align	2
  48              		.weak	_exit
  49              		.code	16
  50              		.thumb_func
  51              		.type	_exit, %function
  52              	_exit:
  53              	.LFB1:
 126:.\Generated_Source\PSoC4/Cm0Start.c **** }
 127:.\Generated_Source\PSoC4/Cm0Start.c **** 
 128:.\Generated_Source\PSoC4/Cm0Start.c **** #if defined(__ARMCC_VERSION)
 129:.\Generated_Source\PSoC4/Cm0Start.c **** 
 130:.\Generated_Source\PSoC4/Cm0Start.c **** /* Local function for device reset. */
 131:.\Generated_Source\PSoC4/Cm0Start.c **** extern void Reset(void);
 132:.\Generated_Source\PSoC4/Cm0Start.c **** 
 133:.\Generated_Source\PSoC4/Cm0Start.c **** /* Application entry point. */
 134:.\Generated_Source\PSoC4/Cm0Start.c **** extern void $Super$$main(void);
 135:.\Generated_Source\PSoC4/Cm0Start.c **** 
 136:.\Generated_Source\PSoC4/Cm0Start.c **** /* Linker-generated Stack Base addresses, Two Region and One Region */
 137:.\Generated_Source\PSoC4/Cm0Start.c **** extern unsigned long Image$$ARM_LIB_STACK$$ZI$$Limit;
 138:.\Generated_Source\PSoC4/Cm0Start.c **** 
 139:.\Generated_Source\PSoC4/Cm0Start.c **** /* RealView C Library initialization. */
 140:.\Generated_Source\PSoC4/Cm0Start.c **** extern int __main(void);
 141:.\Generated_Source\PSoC4/Cm0Start.c **** 
 142:.\Generated_Source\PSoC4/Cm0Start.c **** 
 143:.\Generated_Source\PSoC4/Cm0Start.c **** /*******************************************************************************
 144:.\Generated_Source\PSoC4/Cm0Start.c **** * Function Name: Reset
 145:.\Generated_Source\PSoC4/Cm0Start.c **** ********************************************************************************
 146:.\Generated_Source\PSoC4/Cm0Start.c **** *
 147:.\Generated_Source\PSoC4/Cm0Start.c **** * Summary:
 148:.\Generated_Source\PSoC4/Cm0Start.c **** *  This function handles the reset interrupt for the RVDS/MDK toolchains.
 149:.\Generated_Source\PSoC4/Cm0Start.c **** *  This is the first bit of code that is executed at startup.
 150:.\Generated_Source\PSoC4/Cm0Start.c **** *
 151:.\Generated_Source\PSoC4/Cm0Start.c **** * Parameters:
 152:.\Generated_Source\PSoC4/Cm0Start.c **** *  None
 153:.\Generated_Source\PSoC4/Cm0Start.c **** *
 154:.\Generated_Source\PSoC4/Cm0Start.c **** * Return:
 155:.\Generated_Source\PSoC4/Cm0Start.c **** *  None
 156:.\Generated_Source\PSoC4/Cm0Start.c **** *
 157:.\Generated_Source\PSoC4/Cm0Start.c **** *******************************************************************************/
 158:.\Generated_Source\PSoC4/Cm0Start.c **** void Reset(void)
 159:.\Generated_Source\PSoC4/Cm0Start.c **** {
 160:.\Generated_Source\PSoC4/Cm0Start.c ****     #if (CYDEV_PROJ_TYPE == CYDEV_PROJ_TYPE_LOADABLE || CYDEV_PROJ_TYPE == CYDEV_PROJ_TYPE_LOADABLE
 161:.\Generated_Source\PSoC4/Cm0Start.c ****         /* The bootloadable application image is started at Reset() handler
 162:.\Generated_Source\PSoC4/Cm0Start.c ****         * as a result of a branch instruction execution from the bootloader.
 163:.\Generated_Source\PSoC4/Cm0Start.c ****         * So, the stack pointer needs to be reset to be sure that
 164:.\Generated_Source\PSoC4/Cm0Start.c ****         * there is no garbage in the stack.
 165:.\Generated_Source\PSoC4/Cm0Start.c ****         */
 166:.\Generated_Source\PSoC4/Cm0Start.c ****         register uint32_t msp __asm("msp");
 167:.\Generated_Source\PSoC4/Cm0Start.c ****         msp = (uint32_t)&Image$$ARM_LIB_STACK$$ZI$$Limit;
 168:.\Generated_Source\PSoC4/Cm0Start.c ****     #endif /*(CYDEV_PROJ_TYPE == CYDEV_PROJ_TYPE_LOADABLE || CYDEV_PROJ_TYPE == CYDEV_PROJ_TYPE_LOA
 169:.\Generated_Source\PSoC4/Cm0Start.c **** 
 170:.\Generated_Source\PSoC4/Cm0Start.c ****     #if(CY_IP_SRSSLT)
 171:.\Generated_Source\PSoC4/Cm0Start.c ****         CySysWdtDisable();
 172:.\Generated_Source\PSoC4/Cm0Start.c ****     #endif  /* (CY_IP_SRSSLT) */
 173:.\Generated_Source\PSoC4/Cm0Start.c **** 
 174:.\Generated_Source\PSoC4/Cm0Start.c ****     #if ((CYDEV_BOOTLOADER_ENABLE) && (CYDEV_PROJ_TYPE != CYDEV_PROJ_TYPE_LOADABLEANDBOOTLOADER))
 175:.\Generated_Source\PSoC4/Cm0Start.c ****         CyBtldr_CheckLaunch();
ARM GAS  C:\Users\HERMIN~1\AppData\Local\Temp\ccfZTw6L.s 			page 5


 176:.\Generated_Source\PSoC4/Cm0Start.c ****     #endif /* ((CYDEV_BOOTLOADER_ENABLE) && (CYDEV_PROJ_TYPE != CYDEV_PROJ_TYPE_LOADABLEANDBOOTLOAD
 177:.\Generated_Source\PSoC4/Cm0Start.c **** 
 178:.\Generated_Source\PSoC4/Cm0Start.c ****     __main();
 179:.\Generated_Source\PSoC4/Cm0Start.c **** }
 180:.\Generated_Source\PSoC4/Cm0Start.c **** 
 181:.\Generated_Source\PSoC4/Cm0Start.c **** /*******************************************************************************
 182:.\Generated_Source\PSoC4/Cm0Start.c **** * Function Name: $Sub$$main
 183:.\Generated_Source\PSoC4/Cm0Start.c **** ********************************************************************************
 184:.\Generated_Source\PSoC4/Cm0Start.c **** *
 185:.\Generated_Source\PSoC4/Cm0Start.c **** * Summary:
 186:.\Generated_Source\PSoC4/Cm0Start.c **** *  This function is called immediately before the users main
 187:.\Generated_Source\PSoC4/Cm0Start.c **** *
 188:.\Generated_Source\PSoC4/Cm0Start.c **** * Parameters:
 189:.\Generated_Source\PSoC4/Cm0Start.c **** *  None
 190:.\Generated_Source\PSoC4/Cm0Start.c **** *
 191:.\Generated_Source\PSoC4/Cm0Start.c **** * Return:
 192:.\Generated_Source\PSoC4/Cm0Start.c **** *  None
 193:.\Generated_Source\PSoC4/Cm0Start.c **** *
 194:.\Generated_Source\PSoC4/Cm0Start.c **** *******************************************************************************/
 195:.\Generated_Source\PSoC4/Cm0Start.c **** __attribute__ ((noreturn, __noinline__))
 196:.\Generated_Source\PSoC4/Cm0Start.c **** void $Sub$$main(void)
 197:.\Generated_Source\PSoC4/Cm0Start.c **** {
 198:.\Generated_Source\PSoC4/Cm0Start.c ****     initialize_psoc();
 199:.\Generated_Source\PSoC4/Cm0Start.c **** 
 200:.\Generated_Source\PSoC4/Cm0Start.c ****     /* Call original main */
 201:.\Generated_Source\PSoC4/Cm0Start.c ****     $Super$$main();
 202:.\Generated_Source\PSoC4/Cm0Start.c **** 
 203:.\Generated_Source\PSoC4/Cm0Start.c ****     while (1)
 204:.\Generated_Source\PSoC4/Cm0Start.c ****     {
 205:.\Generated_Source\PSoC4/Cm0Start.c ****         /* If main returns it is undefined what we should do. */
 206:.\Generated_Source\PSoC4/Cm0Start.c ****     }
 207:.\Generated_Source\PSoC4/Cm0Start.c **** }
 208:.\Generated_Source\PSoC4/Cm0Start.c **** 
 209:.\Generated_Source\PSoC4/Cm0Start.c **** #elif defined(__GNUC__)
 210:.\Generated_Source\PSoC4/Cm0Start.c **** 
 211:.\Generated_Source\PSoC4/Cm0Start.c **** /* Stack Base address */
 212:.\Generated_Source\PSoC4/Cm0Start.c **** extern void __cy_stack(void);
 213:.\Generated_Source\PSoC4/Cm0Start.c **** 
 214:.\Generated_Source\PSoC4/Cm0Start.c **** /* Application entry point. */
 215:.\Generated_Source\PSoC4/Cm0Start.c **** extern int main(void);
 216:.\Generated_Source\PSoC4/Cm0Start.c **** 
 217:.\Generated_Source\PSoC4/Cm0Start.c **** /* The static objects constructors initializer */
 218:.\Generated_Source\PSoC4/Cm0Start.c **** extern void __libc_init_array(void);
 219:.\Generated_Source\PSoC4/Cm0Start.c **** 
 220:.\Generated_Source\PSoC4/Cm0Start.c **** typedef unsigned char __cy_byte_align8 __attribute ((aligned (8)));
 221:.\Generated_Source\PSoC4/Cm0Start.c **** 
 222:.\Generated_Source\PSoC4/Cm0Start.c **** struct __cy_region
 223:.\Generated_Source\PSoC4/Cm0Start.c **** {
 224:.\Generated_Source\PSoC4/Cm0Start.c ****     __cy_byte_align8 *init; /* Initial contents of this region.  */
 225:.\Generated_Source\PSoC4/Cm0Start.c ****     __cy_byte_align8 *data; /* Start address of region.  */
 226:.\Generated_Source\PSoC4/Cm0Start.c ****     size_t init_size;       /* Size of initial data.  */
 227:.\Generated_Source\PSoC4/Cm0Start.c ****     size_t zero_size;       /* Additional size to be zeroed.  */
 228:.\Generated_Source\PSoC4/Cm0Start.c **** };
 229:.\Generated_Source\PSoC4/Cm0Start.c **** 
 230:.\Generated_Source\PSoC4/Cm0Start.c **** extern const struct __cy_region __cy_regions[];
 231:.\Generated_Source\PSoC4/Cm0Start.c **** extern const char __cy_region_num __attribute__((weak));
 232:.\Generated_Source\PSoC4/Cm0Start.c **** #define __cy_region_num ((size_t)&__cy_region_num)
ARM GAS  C:\Users\HERMIN~1\AppData\Local\Temp\ccfZTw6L.s 			page 6


 233:.\Generated_Source\PSoC4/Cm0Start.c **** 
 234:.\Generated_Source\PSoC4/Cm0Start.c **** 
 235:.\Generated_Source\PSoC4/Cm0Start.c **** /*******************************************************************************
 236:.\Generated_Source\PSoC4/Cm0Start.c **** * System Calls of the Red Hat newlib C Library
 237:.\Generated_Source\PSoC4/Cm0Start.c **** *******************************************************************************/
 238:.\Generated_Source\PSoC4/Cm0Start.c **** 
 239:.\Generated_Source\PSoC4/Cm0Start.c **** 
 240:.\Generated_Source\PSoC4/Cm0Start.c **** /*******************************************************************************
 241:.\Generated_Source\PSoC4/Cm0Start.c **** * Function Name: _exit
 242:.\Generated_Source\PSoC4/Cm0Start.c **** ********************************************************************************
 243:.\Generated_Source\PSoC4/Cm0Start.c **** *
 244:.\Generated_Source\PSoC4/Cm0Start.c **** * Summary:
 245:.\Generated_Source\PSoC4/Cm0Start.c **** *  Exit a program without cleaning up files. If your system doesn't provide
 246:.\Generated_Source\PSoC4/Cm0Start.c **** *  this, it is best to avoid linking with subroutines that require it (exit,
 247:.\Generated_Source\PSoC4/Cm0Start.c **** *  system).
 248:.\Generated_Source\PSoC4/Cm0Start.c **** *
 249:.\Generated_Source\PSoC4/Cm0Start.c **** * Parameters:
 250:.\Generated_Source\PSoC4/Cm0Start.c **** *  status: Status caused program exit.
 251:.\Generated_Source\PSoC4/Cm0Start.c **** *
 252:.\Generated_Source\PSoC4/Cm0Start.c **** * Return:
 253:.\Generated_Source\PSoC4/Cm0Start.c **** *  None
 254:.\Generated_Source\PSoC4/Cm0Start.c **** *
 255:.\Generated_Source\PSoC4/Cm0Start.c **** *******************************************************************************/
 256:.\Generated_Source\PSoC4/Cm0Start.c **** __attribute__((weak))
 257:.\Generated_Source\PSoC4/Cm0Start.c **** void _exit(int status)
 258:.\Generated_Source\PSoC4/Cm0Start.c **** {
  54              		.loc 1 258 0
  55              		.cfi_startproc
  56 0000 80B5     		push	{r7, lr}
  57              		.cfi_def_cfa_offset 8
  58              		.cfi_offset 7, -8
  59              		.cfi_offset 14, -4
  60 0002 82B0     		sub	sp, sp, #8
  61              		.cfi_def_cfa_offset 16
  62 0004 00AF     		add	r7, sp, #0
  63              		.cfi_def_cfa_register 7
  64 0006 7860     		str	r0, [r7, #4]
 259:.\Generated_Source\PSoC4/Cm0Start.c ****     CyHalt((uint8) status);
  65              		.loc 1 259 0
  66 0008 7B68     		ldr	r3, [r7, #4]
  67 000a DBB2     		uxtb	r3, r3
  68 000c 181C     		mov	r0, r3
  69 000e FFF7FEFF 		bl	CyHalt
  70              	.L4:
 260:.\Generated_Source\PSoC4/Cm0Start.c **** 
 261:.\Generated_Source\PSoC4/Cm0Start.c ****     while(1)
 262:.\Generated_Source\PSoC4/Cm0Start.c ****     {
 263:.\Generated_Source\PSoC4/Cm0Start.c **** 
 264:.\Generated_Source\PSoC4/Cm0Start.c ****     }
  71              		.loc 1 264 0 discriminator 1
  72 0012 FEE7     		b	.L4
  73              		.cfi_endproc
  74              	.LFE1:
  75              		.size	_exit, .-_exit
  76              		.section	.text._sbrk,"ax",%progbits
  77              		.align	2
  78              		.weak	_sbrk
ARM GAS  C:\Users\HERMIN~1\AppData\Local\Temp\ccfZTw6L.s 			page 7


  79              		.code	16
  80              		.thumb_func
  81              		.type	_sbrk, %function
  82              	_sbrk:
  83              	.LFB2:
 265:.\Generated_Source\PSoC4/Cm0Start.c **** }
 266:.\Generated_Source\PSoC4/Cm0Start.c **** 
 267:.\Generated_Source\PSoC4/Cm0Start.c **** 
 268:.\Generated_Source\PSoC4/Cm0Start.c **** /*******************************************************************************
 269:.\Generated_Source\PSoC4/Cm0Start.c **** * Function Name: _sbrk
 270:.\Generated_Source\PSoC4/Cm0Start.c **** ********************************************************************************
 271:.\Generated_Source\PSoC4/Cm0Start.c **** *
 272:.\Generated_Source\PSoC4/Cm0Start.c **** * Summary:
 273:.\Generated_Source\PSoC4/Cm0Start.c **** *  Increase program data space. As malloc and related functions depend on this,
 274:.\Generated_Source\PSoC4/Cm0Start.c **** *  it is useful to have a working implementation. The following suffices for a
 275:.\Generated_Source\PSoC4/Cm0Start.c **** *  standalone system; it exploits the symbol end automatically defined by the
 276:.\Generated_Source\PSoC4/Cm0Start.c **** *  GNU linker.
 277:.\Generated_Source\PSoC4/Cm0Start.c **** *
 278:.\Generated_Source\PSoC4/Cm0Start.c **** * Parameters:
 279:.\Generated_Source\PSoC4/Cm0Start.c **** *  nbytes: The number of bytes requested (if the parameter value is positive)
 280:.\Generated_Source\PSoC4/Cm0Start.c **** *  from the heap or returned back to the heap (if the parameter value is
 281:.\Generated_Source\PSoC4/Cm0Start.c **** *  negative).
 282:.\Generated_Source\PSoC4/Cm0Start.c **** *
 283:.\Generated_Source\PSoC4/Cm0Start.c **** * Return:
 284:.\Generated_Source\PSoC4/Cm0Start.c **** *  None
 285:.\Generated_Source\PSoC4/Cm0Start.c **** *
 286:.\Generated_Source\PSoC4/Cm0Start.c **** *******************************************************************************/
 287:.\Generated_Source\PSoC4/Cm0Start.c **** __attribute__((weak))
 288:.\Generated_Source\PSoC4/Cm0Start.c **** void * _sbrk (int nbytes)
 289:.\Generated_Source\PSoC4/Cm0Start.c **** {
  84              		.loc 1 289 0
  85              		.cfi_startproc
  86 0000 80B5     		push	{r7, lr}
  87              		.cfi_def_cfa_offset 8
  88              		.cfi_offset 7, -8
  89              		.cfi_offset 14, -4
  90 0002 84B0     		sub	sp, sp, #16
  91              		.cfi_def_cfa_offset 24
  92 0004 00AF     		add	r7, sp, #0
  93              		.cfi_def_cfa_register 7
  94 0006 7860     		str	r0, [r7, #4]
 290:.\Generated_Source\PSoC4/Cm0Start.c ****     extern int  end;            /* Symbol defined by linker map. Start of free memory (as symbol). 
 291:.\Generated_Source\PSoC4/Cm0Start.c ****     void *      returnValue;
 292:.\Generated_Source\PSoC4/Cm0Start.c **** 
 293:.\Generated_Source\PSoC4/Cm0Start.c ****     /* The statically held previous end of the heap, with its initialization. */
 294:.\Generated_Source\PSoC4/Cm0Start.c ****     static void *heapPointer = (void *) &end;                 /* Previous end */
 295:.\Generated_Source\PSoC4/Cm0Start.c **** 
 296:.\Generated_Source\PSoC4/Cm0Start.c ****     if (((heapPointer + nbytes) - (void *) &end) <= CYDEV_HEAP_SIZE)
  95              		.loc 1 296 0
  96 0008 0F4B     		ldr	r3, .L9
  97 000a 1A68     		ldr	r2, [r3]
  98 000c 7B68     		ldr	r3, [r7, #4]
  99 000e D318     		add	r3, r2, r3
 100 0010 1A1C     		mov	r2, r3
 101 0012 0E4B     		ldr	r3, .L9+4
 102 0014 D31A     		sub	r3, r2, r3
 103 0016 802B     		cmp	r3, #128
ARM GAS  C:\Users\HERMIN~1\AppData\Local\Temp\ccfZTw6L.s 			page 8


 104 0018 09DC     		bgt	.L6
 297:.\Generated_Source\PSoC4/Cm0Start.c ****     {
 298:.\Generated_Source\PSoC4/Cm0Start.c ****         returnValue  = heapPointer;
 105              		.loc 1 298 0
 106 001a 0B4B     		ldr	r3, .L9
 107 001c 1B68     		ldr	r3, [r3]
 108 001e FB60     		str	r3, [r7, #12]
 299:.\Generated_Source\PSoC4/Cm0Start.c ****         heapPointer += nbytes;
 109              		.loc 1 299 0
 110 0020 094B     		ldr	r3, .L9
 111 0022 1A68     		ldr	r2, [r3]
 112 0024 7B68     		ldr	r3, [r7, #4]
 113 0026 D218     		add	r2, r2, r3
 114 0028 074B     		ldr	r3, .L9
 115 002a 1A60     		str	r2, [r3]
 116 002c 07E0     		b	.L7
 117              	.L6:
 300:.\Generated_Source\PSoC4/Cm0Start.c ****     }
 301:.\Generated_Source\PSoC4/Cm0Start.c ****     else
 302:.\Generated_Source\PSoC4/Cm0Start.c ****     {
 303:.\Generated_Source\PSoC4/Cm0Start.c ****         errno = ENOMEM;
 118              		.loc 1 303 0
 119 002e FFF7FEFF 		bl	__errno
 120 0032 031C     		mov	r3, r0
 121 0034 0C22     		mov	r2, #12
 122 0036 1A60     		str	r2, [r3]
 304:.\Generated_Source\PSoC4/Cm0Start.c ****         returnValue = (void *) -1;
 123              		.loc 1 304 0
 124 0038 0123     		mov	r3, #1
 125 003a 5B42     		neg	r3, r3
 126 003c FB60     		str	r3, [r7, #12]
 127              	.L7:
 305:.\Generated_Source\PSoC4/Cm0Start.c ****     }
 306:.\Generated_Source\PSoC4/Cm0Start.c **** 
 307:.\Generated_Source\PSoC4/Cm0Start.c ****     return (returnValue);
 128              		.loc 1 307 0
 129 003e FB68     		ldr	r3, [r7, #12]
 308:.\Generated_Source\PSoC4/Cm0Start.c **** }
 130              		.loc 1 308 0
 131 0040 181C     		mov	r0, r3
 132 0042 BD46     		mov	sp, r7
 133 0044 04B0     		add	sp, sp, #16
 134              		@ sp needed
 135 0046 80BD     		pop	{r7, pc}
 136              	.L10:
 137              		.align	2
 138              	.L9:
 139 0048 00000000 		.word	heapPointer.4713
 140 004c 00000000 		.word	end
 141              		.cfi_endproc
 142              	.LFE2:
 143              		.size	_sbrk, .-_sbrk
 144              		.section	.text.Start_c,"ax",%progbits
 145              		.align	2
 146              		.global	Start_c
 147              		.code	16
 148              		.thumb_func
ARM GAS  C:\Users\HERMIN~1\AppData\Local\Temp\ccfZTw6L.s 			page 9


 149              		.type	Start_c, %function
 150              	Start_c:
 151              	.LFB3:
 309:.\Generated_Source\PSoC4/Cm0Start.c **** 
 310:.\Generated_Source\PSoC4/Cm0Start.c **** 
 311:.\Generated_Source\PSoC4/Cm0Start.c **** /*******************************************************************************
 312:.\Generated_Source\PSoC4/Cm0Start.c **** * Function Name: Start_c
 313:.\Generated_Source\PSoC4/Cm0Start.c **** ********************************************************************************
 314:.\Generated_Source\PSoC4/Cm0Start.c **** *
 315:.\Generated_Source\PSoC4/Cm0Start.c **** * Summary:
 316:.\Generated_Source\PSoC4/Cm0Start.c **** *  This function handles initializing the .data and .bss sections in
 317:.\Generated_Source\PSoC4/Cm0Start.c **** *  preparation for running the standard c code.  Once initialization is complete
 318:.\Generated_Source\PSoC4/Cm0Start.c **** *  it will call main().  This function will never return.
 319:.\Generated_Source\PSoC4/Cm0Start.c **** *
 320:.\Generated_Source\PSoC4/Cm0Start.c **** * Parameters:
 321:.\Generated_Source\PSoC4/Cm0Start.c **** *  None
 322:.\Generated_Source\PSoC4/Cm0Start.c **** *
 323:.\Generated_Source\PSoC4/Cm0Start.c **** * Return:
 324:.\Generated_Source\PSoC4/Cm0Start.c **** *  None
 325:.\Generated_Source\PSoC4/Cm0Start.c **** *
 326:.\Generated_Source\PSoC4/Cm0Start.c **** *******************************************************************************/
 327:.\Generated_Source\PSoC4/Cm0Start.c **** void Start_c(void)  __attribute__ ((noreturn, noinline));
 328:.\Generated_Source\PSoC4/Cm0Start.c **** void Start_c(void)
 329:.\Generated_Source\PSoC4/Cm0Start.c **** {
 152              		.loc 1 329 0
 153              		.cfi_startproc
 154 0000 80B5     		push	{r7, lr}
 155              		.cfi_def_cfa_offset 8
 156              		.cfi_offset 7, -8
 157              		.cfi_offset 14, -4
 158 0002 86B0     		sub	sp, sp, #24
 159              		.cfi_def_cfa_offset 32
 160 0004 00AF     		add	r7, sp, #0
 161              		.cfi_def_cfa_register 7
 330:.\Generated_Source\PSoC4/Cm0Start.c ****     #ifdef CY_BOOT_START_C_CALLBACK
 331:.\Generated_Source\PSoC4/Cm0Start.c ****         CyBoot_Start_c_Callback();
 332:.\Generated_Source\PSoC4/Cm0Start.c ****     #else
 333:.\Generated_Source\PSoC4/Cm0Start.c ****         unsigned regions = __cy_region_num;
 162              		.loc 1 333 0
 163 0006 224B     		ldr	r3, .L19
 164 0008 7B61     		str	r3, [r7, #20]
 334:.\Generated_Source\PSoC4/Cm0Start.c ****         const struct __cy_region *rptr = __cy_regions;
 165              		.loc 1 334 0
 166 000a 224B     		ldr	r3, .L19+4
 167 000c 3B61     		str	r3, [r7, #16]
 335:.\Generated_Source\PSoC4/Cm0Start.c **** 
 336:.\Generated_Source\PSoC4/Cm0Start.c ****         /* Initialize memory */
 337:.\Generated_Source\PSoC4/Cm0Start.c ****         for (regions = __cy_region_num; regions != 0u; regions--)
 168              		.loc 1 337 0
 169 000e 204B     		ldr	r3, .L19
 170 0010 7B61     		str	r3, [r7, #20]
 171 0012 35E0     		b	.L12
 172              	.L17:
 173              	.LBB2:
 338:.\Generated_Source\PSoC4/Cm0Start.c ****         {
 339:.\Generated_Source\PSoC4/Cm0Start.c ****             uint32 *src = (uint32 *)rptr->init;
 174              		.loc 1 339 0
ARM GAS  C:\Users\HERMIN~1\AppData\Local\Temp\ccfZTw6L.s 			page 10


 175 0014 3B69     		ldr	r3, [r7, #16]
 176 0016 1B68     		ldr	r3, [r3]
 177 0018 FB60     		str	r3, [r7, #12]
 340:.\Generated_Source\PSoC4/Cm0Start.c ****             uint32 *dst = (uint32 *)rptr->data;
 178              		.loc 1 340 0
 179 001a 3B69     		ldr	r3, [r7, #16]
 180 001c 5B68     		ldr	r3, [r3, #4]
 181 001e BB60     		str	r3, [r7, #8]
 341:.\Generated_Source\PSoC4/Cm0Start.c ****             unsigned limit = rptr->init_size;
 182              		.loc 1 341 0
 183 0020 3B69     		ldr	r3, [r7, #16]
 184 0022 9B68     		ldr	r3, [r3, #8]
 185 0024 3B60     		str	r3, [r7]
 342:.\Generated_Source\PSoC4/Cm0Start.c ****             unsigned count;
 343:.\Generated_Source\PSoC4/Cm0Start.c **** 
 344:.\Generated_Source\PSoC4/Cm0Start.c ****             for (count = 0u; count != limit; count += sizeof (uint32))
 186              		.loc 1 344 0
 187 0026 0023     		mov	r3, #0
 188 0028 7B60     		str	r3, [r7, #4]
 189 002a 0CE0     		b	.L13
 190              	.L14:
 345:.\Generated_Source\PSoC4/Cm0Start.c ****             {
 346:.\Generated_Source\PSoC4/Cm0Start.c ****                 *dst = *src;
 191              		.loc 1 346 0 discriminator 3
 192 002c FB68     		ldr	r3, [r7, #12]
 193 002e 1A68     		ldr	r2, [r3]
 194 0030 BB68     		ldr	r3, [r7, #8]
 195 0032 1A60     		str	r2, [r3]
 347:.\Generated_Source\PSoC4/Cm0Start.c ****                 dst++;
 196              		.loc 1 347 0 discriminator 3
 197 0034 BB68     		ldr	r3, [r7, #8]
 198 0036 0433     		add	r3, r3, #4
 199 0038 BB60     		str	r3, [r7, #8]
 348:.\Generated_Source\PSoC4/Cm0Start.c ****                 src++;
 200              		.loc 1 348 0 discriminator 3
 201 003a FB68     		ldr	r3, [r7, #12]
 202 003c 0433     		add	r3, r3, #4
 203 003e FB60     		str	r3, [r7, #12]
 344:.\Generated_Source\PSoC4/Cm0Start.c ****             {
 204              		.loc 1 344 0 discriminator 3
 205 0040 7B68     		ldr	r3, [r7, #4]
 206 0042 0433     		add	r3, r3, #4
 207 0044 7B60     		str	r3, [r7, #4]
 208              	.L13:
 344:.\Generated_Source\PSoC4/Cm0Start.c ****             {
 209              		.loc 1 344 0 is_stmt 0 discriminator 1
 210 0046 7A68     		ldr	r2, [r7, #4]
 211 0048 3B68     		ldr	r3, [r7]
 212 004a 9A42     		cmp	r2, r3
 213 004c EED1     		bne	.L14
 349:.\Generated_Source\PSoC4/Cm0Start.c ****             }
 350:.\Generated_Source\PSoC4/Cm0Start.c ****             limit = rptr->zero_size;
 214              		.loc 1 350 0 is_stmt 1
 215 004e 3B69     		ldr	r3, [r7, #16]
 216 0050 DB68     		ldr	r3, [r3, #12]
 217 0052 3B60     		str	r3, [r7]
 351:.\Generated_Source\PSoC4/Cm0Start.c ****             for (count = 0u; count != limit; count += sizeof (uint32))
ARM GAS  C:\Users\HERMIN~1\AppData\Local\Temp\ccfZTw6L.s 			page 11


 218              		.loc 1 351 0
 219 0054 0023     		mov	r3, #0
 220 0056 7B60     		str	r3, [r7, #4]
 221 0058 08E0     		b	.L15
 222              	.L16:
 352:.\Generated_Source\PSoC4/Cm0Start.c ****             {
 353:.\Generated_Source\PSoC4/Cm0Start.c ****                 *dst = 0u;
 223              		.loc 1 353 0 discriminator 3
 224 005a BB68     		ldr	r3, [r7, #8]
 225 005c 0022     		mov	r2, #0
 226 005e 1A60     		str	r2, [r3]
 354:.\Generated_Source\PSoC4/Cm0Start.c ****                 dst++;
 227              		.loc 1 354 0 discriminator 3
 228 0060 BB68     		ldr	r3, [r7, #8]
 229 0062 0433     		add	r3, r3, #4
 230 0064 BB60     		str	r3, [r7, #8]
 351:.\Generated_Source\PSoC4/Cm0Start.c ****             for (count = 0u; count != limit; count += sizeof (uint32))
 231              		.loc 1 351 0 discriminator 3
 232 0066 7B68     		ldr	r3, [r7, #4]
 233 0068 0433     		add	r3, r3, #4
 234 006a 7B60     		str	r3, [r7, #4]
 235              	.L15:
 351:.\Generated_Source\PSoC4/Cm0Start.c ****             for (count = 0u; count != limit; count += sizeof (uint32))
 236              		.loc 1 351 0 is_stmt 0 discriminator 1
 237 006c 7A68     		ldr	r2, [r7, #4]
 238 006e 3B68     		ldr	r3, [r7]
 239 0070 9A42     		cmp	r2, r3
 240 0072 F2D1     		bne	.L16
 355:.\Generated_Source\PSoC4/Cm0Start.c ****             }
 356:.\Generated_Source\PSoC4/Cm0Start.c **** 
 357:.\Generated_Source\PSoC4/Cm0Start.c ****             rptr++;
 241              		.loc 1 357 0 is_stmt 1 discriminator 2
 242 0074 3B69     		ldr	r3, [r7, #16]
 243 0076 1033     		add	r3, r3, #16
 244 0078 3B61     		str	r3, [r7, #16]
 245              	.LBE2:
 337:.\Generated_Source\PSoC4/Cm0Start.c ****         {
 246              		.loc 1 337 0 discriminator 2
 247 007a 7B69     		ldr	r3, [r7, #20]
 248 007c 013B     		sub	r3, r3, #1
 249 007e 7B61     		str	r3, [r7, #20]
 250              	.L12:
 337:.\Generated_Source\PSoC4/Cm0Start.c ****         {
 251              		.loc 1 337 0 is_stmt 0 discriminator 1
 252 0080 7B69     		ldr	r3, [r7, #20]
 253 0082 002B     		cmp	r3, #0
 254 0084 C6D1     		bne	.L17
 358:.\Generated_Source\PSoC4/Cm0Start.c ****         }
 359:.\Generated_Source\PSoC4/Cm0Start.c **** 
 360:.\Generated_Source\PSoC4/Cm0Start.c ****         /* Invoke static objects constructors */
 361:.\Generated_Source\PSoC4/Cm0Start.c ****         __libc_init_array();
 255              		.loc 1 361 0 is_stmt 1
 256 0086 FFF7FEFF 		bl	__libc_init_array
 362:.\Generated_Source\PSoC4/Cm0Start.c ****         (void) main();
 257              		.loc 1 362 0
 258 008a FFF7FEFF 		bl	main
 259              	.L18:
ARM GAS  C:\Users\HERMIN~1\AppData\Local\Temp\ccfZTw6L.s 			page 12


 363:.\Generated_Source\PSoC4/Cm0Start.c **** 
 364:.\Generated_Source\PSoC4/Cm0Start.c ****         while (1)
 365:.\Generated_Source\PSoC4/Cm0Start.c ****         {
 366:.\Generated_Source\PSoC4/Cm0Start.c ****             /* If main returns, make sure we don't return. */
 367:.\Generated_Source\PSoC4/Cm0Start.c ****         }
 260              		.loc 1 367 0 discriminator 1
 261 008e FEE7     		b	.L18
 262              	.L20:
 263              		.align	2
 264              	.L19:
 265 0090 00000000 		.word	__cy_region_num
 266 0094 00000000 		.word	__cy_regions
 267              		.cfi_endproc
 268              	.LFE3:
 269              		.size	Start_c, .-Start_c
 270              		.section	.text.Reset,"ax",%progbits
 271              		.align	2
 272              		.global	Reset
 273              		.code	16
 274              		.thumb_func
 275              		.type	Reset, %function
 276              	Reset:
 277              	.LFB4:
 368:.\Generated_Source\PSoC4/Cm0Start.c **** 
 369:.\Generated_Source\PSoC4/Cm0Start.c ****     #endif /* CY_BOOT_START_C_CALLBACK */
 370:.\Generated_Source\PSoC4/Cm0Start.c **** }
 371:.\Generated_Source\PSoC4/Cm0Start.c **** 
 372:.\Generated_Source\PSoC4/Cm0Start.c **** 
 373:.\Generated_Source\PSoC4/Cm0Start.c **** /*******************************************************************************
 374:.\Generated_Source\PSoC4/Cm0Start.c **** * Function Name: Reset
 375:.\Generated_Source\PSoC4/Cm0Start.c **** ********************************************************************************
 376:.\Generated_Source\PSoC4/Cm0Start.c **** *
 377:.\Generated_Source\PSoC4/Cm0Start.c **** * Summary:
 378:.\Generated_Source\PSoC4/Cm0Start.c **** *  This function handles the reset interrupt for the GCC toolchain.  This is
 379:.\Generated_Source\PSoC4/Cm0Start.c **** *  the first bit of code that is executed at startup.
 380:.\Generated_Source\PSoC4/Cm0Start.c **** *
 381:.\Generated_Source\PSoC4/Cm0Start.c **** * Parameters:
 382:.\Generated_Source\PSoC4/Cm0Start.c **** *  None
 383:.\Generated_Source\PSoC4/Cm0Start.c **** *
 384:.\Generated_Source\PSoC4/Cm0Start.c **** * Return:
 385:.\Generated_Source\PSoC4/Cm0Start.c **** *  None
 386:.\Generated_Source\PSoC4/Cm0Start.c **** *
 387:.\Generated_Source\PSoC4/Cm0Start.c **** *******************************************************************************/
 388:.\Generated_Source\PSoC4/Cm0Start.c **** void Reset(void)
 389:.\Generated_Source\PSoC4/Cm0Start.c **** {
 278              		.loc 1 389 0
 279              		.cfi_startproc
 280 0000 80B5     		push	{r7, lr}
 281              		.cfi_def_cfa_offset 8
 282              		.cfi_offset 7, -8
 283              		.cfi_offset 14, -4
 284 0002 00AF     		add	r7, sp, #0
 285              		.cfi_def_cfa_register 7
 390:.\Generated_Source\PSoC4/Cm0Start.c ****     #if (CYDEV_PROJ_TYPE == CYDEV_PROJ_TYPE_LOADABLE || CYDEV_PROJ_TYPE == CYDEV_PROJ_TYPE_LOADABLE
 391:.\Generated_Source\PSoC4/Cm0Start.c **** 
 392:.\Generated_Source\PSoC4/Cm0Start.c ****         /* The bootloadable application image is started at Reset() handler
 393:.\Generated_Source\PSoC4/Cm0Start.c ****         * as a result of a branch instruction execution from the bootloader.
ARM GAS  C:\Users\HERMIN~1\AppData\Local\Temp\ccfZTw6L.s 			page 13


 394:.\Generated_Source\PSoC4/Cm0Start.c ****         * So, the stack pointer needs to be reset to be sure that
 395:.\Generated_Source\PSoC4/Cm0Start.c ****         * there is no garbage in the stack.
 396:.\Generated_Source\PSoC4/Cm0Start.c ****         */
 397:.\Generated_Source\PSoC4/Cm0Start.c ****         __asm volatile ("MSR msp, %0\n" : : "r" ((uint32)&__cy_stack) : "sp");
 398:.\Generated_Source\PSoC4/Cm0Start.c ****     #endif /* CYDEV_PROJ_TYPE_LOADABLE */
 399:.\Generated_Source\PSoC4/Cm0Start.c **** 
 400:.\Generated_Source\PSoC4/Cm0Start.c ****     #if(CY_IP_SRSSLT)
 401:.\Generated_Source\PSoC4/Cm0Start.c ****         CySysWdtDisable();
 402:.\Generated_Source\PSoC4/Cm0Start.c ****     #endif  /* (CY_IP_SRSSLT) */
 403:.\Generated_Source\PSoC4/Cm0Start.c **** 
 404:.\Generated_Source\PSoC4/Cm0Start.c ****     #if ((CYDEV_BOOTLOADER_ENABLE) && (CYDEV_PROJ_TYPE != CYDEV_PROJ_TYPE_LOADABLEANDBOOTLOADER))
 405:.\Generated_Source\PSoC4/Cm0Start.c ****         CyBtldr_CheckLaunch();
 406:.\Generated_Source\PSoC4/Cm0Start.c ****     #endif /* ((CYDEV_BOOTLOADER_ENABLE) && (CYDEV_PROJ_TYPE != CYDEV_PROJ_TYPE_LOADABLEANDBOOTLOAD
 407:.\Generated_Source\PSoC4/Cm0Start.c ****     Start_c();
 286              		.loc 1 407 0
 287 0004 FFF7FEFF 		bl	Start_c
 288              		.cfi_endproc
 289              	.LFE4:
 290              		.size	Reset, .-Reset
 291              		.global	CyRamVectors
 292              		.section	.ramvectors,"aw",%progbits
 293              		.align	2
 294              		.type	CyRamVectors, %object
 295              		.size	CyRamVectors, 192
 296              	CyRamVectors:
 297 0000 00000000 		.space	192
 297      00000000 
 297      00000000 
 297      00000000 
 297      00000000 
 298              		.global	RomVectors
 299              		.section	.romvectors,"a",%progbits
 300              		.align	2
 301              		.type	RomVectors, %object
 302              		.size	RomVectors, 16
 303              	RomVectors:
 304 0000 00000000 		.word	__cy_stack
 305 0004 00000000 		.word	Reset
 306 0008 00000000 		.word	IntDefaultHandler
 307 000c 00000000 		.word	IntDefaultHandler
 308              		.section	.text.initialize_psoc,"ax",%progbits
 309              		.align	2
 310              		.global	initialize_psoc
 311              		.code	16
 312              		.thumb_func
 313              		.type	initialize_psoc, %function
 314              	initialize_psoc:
 315              	.LFB5:
 408:.\Generated_Source\PSoC4/Cm0Start.c **** }
 409:.\Generated_Source\PSoC4/Cm0Start.c **** 
 410:.\Generated_Source\PSoC4/Cm0Start.c **** #elif defined (__ICCARM__)
 411:.\Generated_Source\PSoC4/Cm0Start.c **** 
 412:.\Generated_Source\PSoC4/Cm0Start.c **** 
 413:.\Generated_Source\PSoC4/Cm0Start.c **** /*******************************************************************************
 414:.\Generated_Source\PSoC4/Cm0Start.c **** * Function Name: __low_level_init
 415:.\Generated_Source\PSoC4/Cm0Start.c **** ********************************************************************************
 416:.\Generated_Source\PSoC4/Cm0Start.c **** *
ARM GAS  C:\Users\HERMIN~1\AppData\Local\Temp\ccfZTw6L.s 			page 14


 417:.\Generated_Source\PSoC4/Cm0Start.c **** * Summary:
 418:.\Generated_Source\PSoC4/Cm0Start.c **** *  This function performs early initializations for the IAR Embedded
 419:.\Generated_Source\PSoC4/Cm0Start.c **** *  Workbench IDE. It is executed in the context of reset interrupt handler
 420:.\Generated_Source\PSoC4/Cm0Start.c **** *  before the data sections are initialized.
 421:.\Generated_Source\PSoC4/Cm0Start.c **** *
 422:.\Generated_Source\PSoC4/Cm0Start.c **** * Parameters:
 423:.\Generated_Source\PSoC4/Cm0Start.c **** *  None
 424:.\Generated_Source\PSoC4/Cm0Start.c **** *
 425:.\Generated_Source\PSoC4/Cm0Start.c **** * Return:
 426:.\Generated_Source\PSoC4/Cm0Start.c **** *  The value that determines whether or not data sections should be initialized
 427:.\Generated_Source\PSoC4/Cm0Start.c **** *  by the system startup code:
 428:.\Generated_Source\PSoC4/Cm0Start.c **** *    0 - skip data sections initialization;
 429:.\Generated_Source\PSoC4/Cm0Start.c **** *    1 - initialize data sections;
 430:.\Generated_Source\PSoC4/Cm0Start.c **** *
 431:.\Generated_Source\PSoC4/Cm0Start.c **** *******************************************************************************/
 432:.\Generated_Source\PSoC4/Cm0Start.c **** #pragma inline = never
 433:.\Generated_Source\PSoC4/Cm0Start.c **** int __low_level_init(void)
 434:.\Generated_Source\PSoC4/Cm0Start.c **** {
 435:.\Generated_Source\PSoC4/Cm0Start.c ****     #if(CY_IP_SRSSLT)
 436:.\Generated_Source\PSoC4/Cm0Start.c ****         CySysWdtDisable();
 437:.\Generated_Source\PSoC4/Cm0Start.c ****     #endif  /* (CY_IP_SRSSLT) */
 438:.\Generated_Source\PSoC4/Cm0Start.c **** 
 439:.\Generated_Source\PSoC4/Cm0Start.c **** #if ((CYDEV_BOOTLOADER_ENABLE) && (CYDEV_PROJ_TYPE != CYDEV_PROJ_TYPE_LOADABLEANDBOOTLOADER))
 440:.\Generated_Source\PSoC4/Cm0Start.c ****     CyBtldr_CheckLaunch();
 441:.\Generated_Source\PSoC4/Cm0Start.c **** #endif /* ((CYDEV_BOOTLOADER_ENABLE) && (CYDEV_PROJ_TYPE != CYDEV_PROJ_TYPE_LOADABLEANDBOOTLOADER))
 442:.\Generated_Source\PSoC4/Cm0Start.c **** 
 443:.\Generated_Source\PSoC4/Cm0Start.c ****     /* Initialize data sections */
 444:.\Generated_Source\PSoC4/Cm0Start.c ****     __iar_data_init3();
 445:.\Generated_Source\PSoC4/Cm0Start.c **** 
 446:.\Generated_Source\PSoC4/Cm0Start.c ****     initialize_psoc();
 447:.\Generated_Source\PSoC4/Cm0Start.c **** 
 448:.\Generated_Source\PSoC4/Cm0Start.c ****     return 0;
 449:.\Generated_Source\PSoC4/Cm0Start.c **** }
 450:.\Generated_Source\PSoC4/Cm0Start.c **** 
 451:.\Generated_Source\PSoC4/Cm0Start.c **** #endif /* __GNUC__ */
 452:.\Generated_Source\PSoC4/Cm0Start.c **** 
 453:.\Generated_Source\PSoC4/Cm0Start.c **** 
 454:.\Generated_Source\PSoC4/Cm0Start.c **** /*******************************************************************************
 455:.\Generated_Source\PSoC4/Cm0Start.c **** * Ram Interrupt Vector table storage area. Must be placed at 0x20000000.
 456:.\Generated_Source\PSoC4/Cm0Start.c **** *******************************************************************************/
 457:.\Generated_Source\PSoC4/Cm0Start.c **** 
 458:.\Generated_Source\PSoC4/Cm0Start.c **** #if defined (__ICCARM__)
 459:.\Generated_Source\PSoC4/Cm0Start.c ****     #pragma location=".ramvectors"
 460:.\Generated_Source\PSoC4/Cm0Start.c **** #else
 461:.\Generated_Source\PSoC4/Cm0Start.c ****     #ifndef CY_SYS_RAM_VECTOR_SECTION
 462:.\Generated_Source\PSoC4/Cm0Start.c ****         #define CY_SYS_RAM_VECTOR_SECTION CY_SECTION(".ramvectors")
 463:.\Generated_Source\PSoC4/Cm0Start.c ****     #endif /* CY_SYS_RAM_VECTOR_SECTION */
 464:.\Generated_Source\PSoC4/Cm0Start.c ****     CY_SYS_RAM_VECTOR_SECTION
 465:.\Generated_Source\PSoC4/Cm0Start.c **** #endif  /* defined (__ICCARM__) */
 466:.\Generated_Source\PSoC4/Cm0Start.c **** cyisraddress CyRamVectors[CY_NUM_VECTORS];
 467:.\Generated_Source\PSoC4/Cm0Start.c **** 
 468:.\Generated_Source\PSoC4/Cm0Start.c **** 
 469:.\Generated_Source\PSoC4/Cm0Start.c **** /*******************************************************************************
 470:.\Generated_Source\PSoC4/Cm0Start.c **** * Rom Interrupt Vector table storage area. Must be 256-byte aligned.
 471:.\Generated_Source\PSoC4/Cm0Start.c **** *******************************************************************************/
 472:.\Generated_Source\PSoC4/Cm0Start.c **** 
 473:.\Generated_Source\PSoC4/Cm0Start.c **** #if defined(__ARMCC_VERSION)
ARM GAS  C:\Users\HERMIN~1\AppData\Local\Temp\ccfZTw6L.s 			page 15


 474:.\Generated_Source\PSoC4/Cm0Start.c ****     /* Suppress diagnostic message 1296-D: extended constant initialiser used */
 475:.\Generated_Source\PSoC4/Cm0Start.c ****     #pragma diag_suppress 1296
 476:.\Generated_Source\PSoC4/Cm0Start.c **** #endif  /* defined(__ARMCC_VERSION) */
 477:.\Generated_Source\PSoC4/Cm0Start.c **** 
 478:.\Generated_Source\PSoC4/Cm0Start.c **** #if defined (__ICCARM__)
 479:.\Generated_Source\PSoC4/Cm0Start.c ****     #pragma location=".romvectors"
 480:.\Generated_Source\PSoC4/Cm0Start.c ****     const intvec_elem __vector_table[CY_NUM_ROM_VECTORS] =
 481:.\Generated_Source\PSoC4/Cm0Start.c **** #else
 482:.\Generated_Source\PSoC4/Cm0Start.c ****     #ifndef CY_SYS_ROM_VECTOR_SECTION
 483:.\Generated_Source\PSoC4/Cm0Start.c ****         #define CY_SYS_ROM_VECTOR_SECTION CY_SECTION(".romvectors")
 484:.\Generated_Source\PSoC4/Cm0Start.c ****     #endif /* CY_SYS_ROM_VECTOR_SECTION */
 485:.\Generated_Source\PSoC4/Cm0Start.c ****     CY_SYS_ROM_VECTOR_SECTION
 486:.\Generated_Source\PSoC4/Cm0Start.c ****     const cyisraddress RomVectors[CY_NUM_ROM_VECTORS] =
 487:.\Generated_Source\PSoC4/Cm0Start.c **** #endif  /* defined (__ICCARM__) */
 488:.\Generated_Source\PSoC4/Cm0Start.c **** {
 489:.\Generated_Source\PSoC4/Cm0Start.c ****     CY_SYS_INITIAL_STACK_POINTER,   /* The initial stack pointer  0 */
 490:.\Generated_Source\PSoC4/Cm0Start.c ****     #if defined (__ICCARM__) /* The reset handler          1 */
 491:.\Generated_Source\PSoC4/Cm0Start.c ****         __iar_program_start,
 492:.\Generated_Source\PSoC4/Cm0Start.c ****     #else
 493:.\Generated_Source\PSoC4/Cm0Start.c ****         (cyisraddress)&Reset,
 494:.\Generated_Source\PSoC4/Cm0Start.c ****     #endif  /* defined (__ICCARM__) */
 495:.\Generated_Source\PSoC4/Cm0Start.c ****     &IntDefaultHandler,      /* The NMI handler            2 */
 496:.\Generated_Source\PSoC4/Cm0Start.c ****     &IntDefaultHandler,      /* The hard fault handler     3 */
 497:.\Generated_Source\PSoC4/Cm0Start.c **** };
 498:.\Generated_Source\PSoC4/Cm0Start.c **** 
 499:.\Generated_Source\PSoC4/Cm0Start.c **** #if defined(__ARMCC_VERSION)
 500:.\Generated_Source\PSoC4/Cm0Start.c ****     #pragma diag_default 1296
 501:.\Generated_Source\PSoC4/Cm0Start.c **** #endif  /* defined(__ARMCC_VERSION) */
 502:.\Generated_Source\PSoC4/Cm0Start.c **** 
 503:.\Generated_Source\PSoC4/Cm0Start.c **** 
 504:.\Generated_Source\PSoC4/Cm0Start.c **** /*******************************************************************************
 505:.\Generated_Source\PSoC4/Cm0Start.c **** * Function Name: initialize_psoc
 506:.\Generated_Source\PSoC4/Cm0Start.c **** ********************************************************************************
 507:.\Generated_Source\PSoC4/Cm0Start.c **** *
 508:.\Generated_Source\PSoC4/Cm0Start.c **** * Summary:
 509:.\Generated_Source\PSoC4/Cm0Start.c **** *  This function is used to initialize the PSoC chip before calling main.
 510:.\Generated_Source\PSoC4/Cm0Start.c **** *
 511:.\Generated_Source\PSoC4/Cm0Start.c **** * Parameters:
 512:.\Generated_Source\PSoC4/Cm0Start.c **** *  None
 513:.\Generated_Source\PSoC4/Cm0Start.c **** *
 514:.\Generated_Source\PSoC4/Cm0Start.c **** * Return:
 515:.\Generated_Source\PSoC4/Cm0Start.c **** *  None
 516:.\Generated_Source\PSoC4/Cm0Start.c **** *
 517:.\Generated_Source\PSoC4/Cm0Start.c **** *******************************************************************************/
 518:.\Generated_Source\PSoC4/Cm0Start.c **** #if(defined(__GNUC__) && !defined(__ARMCC_VERSION))
 519:.\Generated_Source\PSoC4/Cm0Start.c **** __attribute__ ((constructor(101)))
 520:.\Generated_Source\PSoC4/Cm0Start.c **** #endif  /* (defined(__GNUC__) && !defined(__ARMCC_VERSION)) */
 521:.\Generated_Source\PSoC4/Cm0Start.c **** void initialize_psoc(void)
 522:.\Generated_Source\PSoC4/Cm0Start.c **** {
 316              		.loc 1 522 0
 317              		.cfi_startproc
 318 0000 80B5     		push	{r7, lr}
 319              		.cfi_def_cfa_offset 8
 320              		.cfi_offset 7, -8
 321              		.cfi_offset 14, -4
 322 0002 82B0     		sub	sp, sp, #8
 323              		.cfi_def_cfa_offset 16
ARM GAS  C:\Users\HERMIN~1\AppData\Local\Temp\ccfZTw6L.s 			page 16


 324 0004 00AF     		add	r7, sp, #0
 325              		.cfi_def_cfa_register 7
 523:.\Generated_Source\PSoC4/Cm0Start.c ****     uint32 indexInit;
 524:.\Generated_Source\PSoC4/Cm0Start.c **** 
 525:.\Generated_Source\PSoC4/Cm0Start.c ****     #if(CY_IP_CPUSSV2)
 526:.\Generated_Source\PSoC4/Cm0Start.c ****         /***********************************************************************
 527:.\Generated_Source\PSoC4/Cm0Start.c ****         * Make sure that Vector Table is located at 0000_0000 in Flash, before
 528:.\Generated_Source\PSoC4/Cm0Start.c ****         * accessing RomVectors or calling functions that may be placed in
 529:.\Generated_Source\PSoC4/Cm0Start.c ****         * .psocinit (cyfitter_cfg and ClockSetup). Note The CY_CPUSS_CONFIG_REG
 530:.\Generated_Source\PSoC4/Cm0Start.c ****         * register is retention for the specified device family.
 531:.\Generated_Source\PSoC4/Cm0Start.c ****         ***********************************************************************/
 532:.\Generated_Source\PSoC4/Cm0Start.c ****         CY_CPUSS_CONFIG_REG &= (uint32) ~CY_CPUSS_CONFIG_VECT_IN_RAM;
 533:.\Generated_Source\PSoC4/Cm0Start.c ****     #endif  /* (CY_IP_CPUSSV2) */
 534:.\Generated_Source\PSoC4/Cm0Start.c **** 
 535:.\Generated_Source\PSoC4/Cm0Start.c ****     /* Set Ram interrupt vectors to default functions. */
 536:.\Generated_Source\PSoC4/Cm0Start.c ****     for (indexInit = 0u; indexInit < CY_NUM_VECTORS; indexInit++)
 326              		.loc 1 536 0
 327 0006 0023     		mov	r3, #0
 328 0008 7B60     		str	r3, [r7, #4]
 329 000a 0FE0     		b	.L23
 330              	.L26:
 537:.\Generated_Source\PSoC4/Cm0Start.c ****     {
 538:.\Generated_Source\PSoC4/Cm0Start.c ****         CyRamVectors[indexInit] = (indexInit < CY_NUM_ROM_VECTORS) ?
 539:.\Generated_Source\PSoC4/Cm0Start.c ****             #if defined (__ICCARM__)
 540:.\Generated_Source\PSoC4/Cm0Start.c ****                 __vector_table[indexInit].__fun : &IntDefaultHandler;
 541:.\Generated_Source\PSoC4/Cm0Start.c ****             #else
 542:.\Generated_Source\PSoC4/Cm0Start.c ****                 RomVectors[indexInit] : &IntDefaultHandler;
 331              		.loc 1 542 0
 332 000c 7B68     		ldr	r3, [r7, #4]
 333 000e 032B     		cmp	r3, #3
 334 0010 04D8     		bhi	.L24
 335              		.loc 1 542 0 is_stmt 0 discriminator 1
 336 0012 104B     		ldr	r3, .L27
 337 0014 7A68     		ldr	r2, [r7, #4]
 338 0016 9200     		lsl	r2, r2, #2
 339 0018 D358     		ldr	r3, [r2, r3]
 340 001a 00E0     		b	.L25
 341              	.L24:
 342              		.loc 1 542 0 discriminator 2
 343 001c 0E4B     		ldr	r3, .L27+4
 344              	.L25:
 538:.\Generated_Source\PSoC4/Cm0Start.c ****             #if defined (__ICCARM__)
 345              		.loc 1 538 0 is_stmt 1 discriminator 2
 346 001e 0F4A     		ldr	r2, .L27+8
 347 0020 7968     		ldr	r1, [r7, #4]
 348 0022 8900     		lsl	r1, r1, #2
 349 0024 8B50     		str	r3, [r1, r2]
 536:.\Generated_Source\PSoC4/Cm0Start.c ****     {
 350              		.loc 1 536 0 discriminator 2
 351 0026 7B68     		ldr	r3, [r7, #4]
 352 0028 0133     		add	r3, r3, #1
 353 002a 7B60     		str	r3, [r7, #4]
 354              	.L23:
 536:.\Generated_Source\PSoC4/Cm0Start.c ****     {
 355              		.loc 1 536 0 is_stmt 0 discriminator 1
 356 002c 7B68     		ldr	r3, [r7, #4]
 357 002e 2F2B     		cmp	r3, #47
ARM GAS  C:\Users\HERMIN~1\AppData\Local\Temp\ccfZTw6L.s 			page 17


 358 0030 ECD9     		bls	.L26
 543:.\Generated_Source\PSoC4/Cm0Start.c ****             #endif  /* defined (__ICCARM__) */
 544:.\Generated_Source\PSoC4/Cm0Start.c ****     }
 545:.\Generated_Source\PSoC4/Cm0Start.c **** 
 546:.\Generated_Source\PSoC4/Cm0Start.c ****     /* Initialize configuration registers. */
 547:.\Generated_Source\PSoC4/Cm0Start.c ****     cyfitter_cfg();
 359              		.loc 1 547 0 is_stmt 1
 360 0032 FFF7FEFF 		bl	cyfitter_cfg
 548:.\Generated_Source\PSoC4/Cm0Start.c **** 
 549:.\Generated_Source\PSoC4/Cm0Start.c ****     #if !defined (__ICCARM__)
 550:.\Generated_Source\PSoC4/Cm0Start.c ****         /* Actually, no need to clean this variable, just to make compiler happy. */
 551:.\Generated_Source\PSoC4/Cm0Start.c ****         cySysNoInitDataValid = 0u;
 361              		.loc 1 551 0
 362 0036 0A4B     		ldr	r3, .L27+12
 363 0038 0022     		mov	r2, #0
 364 003a 1A60     		str	r2, [r3]
 552:.\Generated_Source\PSoC4/Cm0Start.c ****     #endif  /* !defined (__ICCARM__) */
 553:.\Generated_Source\PSoC4/Cm0Start.c **** 
 554:.\Generated_Source\PSoC4/Cm0Start.c ****     #if (CYDEV_PROJ_TYPE != CYDEV_PROJ_TYPE_STANDARD)
 555:.\Generated_Source\PSoC4/Cm0Start.c **** 
 556:.\Generated_Source\PSoC4/Cm0Start.c ****         /* Need to make sure that this variable will not be optimized out */
 557:.\Generated_Source\PSoC4/Cm0Start.c ****         if (0u == cyBtldrRunType)
 558:.\Generated_Source\PSoC4/Cm0Start.c ****         {
 559:.\Generated_Source\PSoC4/Cm0Start.c ****             cyBtldrRunType = 0u;
 560:.\Generated_Source\PSoC4/Cm0Start.c ****         }
 561:.\Generated_Source\PSoC4/Cm0Start.c **** 
 562:.\Generated_Source\PSoC4/Cm0Start.c ****     #endif  /* (CYDEV_PROJ_TYPE != CYDEV_PROJ_TYPE_STANDARD) */
 563:.\Generated_Source\PSoC4/Cm0Start.c **** 
 564:.\Generated_Source\PSoC4/Cm0Start.c ****     /* Vector Table is located at 0x2000:0000 in SRAM */
 565:.\Generated_Source\PSoC4/Cm0Start.c ****     CY_CPUSS_CONFIG_REG |= CY_CPUSS_CONFIG_VECT_IN_RAM;
 365              		.loc 1 565 0
 366 003c 8023     		mov	r3, #128
 367 003e DB05     		lsl	r3, r3, #23
 368 0040 8022     		mov	r2, #128
 369 0042 D205     		lsl	r2, r2, #23
 370 0044 1268     		ldr	r2, [r2]
 371 0046 0121     		mov	r1, #1
 372 0048 0A43     		orr	r2, r1
 373 004a 1A60     		str	r2, [r3]
 566:.\Generated_Source\PSoC4/Cm0Start.c **** }
 374              		.loc 1 566 0
 375 004c BD46     		mov	sp, r7
 376 004e 02B0     		add	sp, sp, #8
 377              		@ sp needed
 378 0050 80BD     		pop	{r7, pc}
 379              	.L28:
 380 0052 C046     		.align	2
 381              	.L27:
 382 0054 00000000 		.word	RomVectors
 383 0058 00000000 		.word	IntDefaultHandler
 384 005c 00000000 		.word	CyRamVectors
 385 0060 00000000 		.word	cySysNoInitDataValid
 386              		.cfi_endproc
 387              	.LFE5:
 388              		.size	initialize_psoc, .-initialize_psoc
 389              		.section	.init_array,"aw",%init_array
 390              		.align	2
ARM GAS  C:\Users\HERMIN~1\AppData\Local\Temp\ccfZTw6L.s 			page 18


 391 0000 00000000 		.word	initialize_psoc(target1)
 392              		.data
 393              		.align	2
 394              		.type	heapPointer.4713, %object
 395              		.size	heapPointer.4713, 4
 396              	heapPointer.4713:
 397 0000 00000000 		.word	end
 398              		.weak	__cy_region_num
 399              		.text
 400              	.Letext0:
 401              		.file 2 ".\\Generated_Source\\PSoC4\\cytypes.h"
 402              		.file 3 "c:\\program files (x86)\\cypress\\psoc creator\\3.3\\psoc creator\\import\\gnu\\arm\\4.9.
 403              		.section	.debug_info,"",%progbits
 404              	.Ldebug_info0:
 405 0000 FE020000 		.4byte	0x2fe
 406 0004 0400     		.2byte	0x4
 407 0006 00000000 		.4byte	.Ldebug_abbrev0
 408 000a 04       		.byte	0x4
 409 000b 01       		.uleb128 0x1
 410 000c 06000000 		.4byte	.LASF42
 411 0010 01       		.byte	0x1
 412 0011 4A020000 		.4byte	.LASF43
 413 0015 9B000000 		.4byte	.LASF44
 414 0019 00000000 		.4byte	.Ldebug_ranges0+0
 415 001d 00000000 		.4byte	0
 416 0021 00000000 		.4byte	.Ldebug_line0
 417 0025 02       		.uleb128 0x2
 418 0026 01       		.byte	0x1
 419 0027 06       		.byte	0x6
 420 0028 81020000 		.4byte	.LASF0
 421 002c 02       		.uleb128 0x2
 422 002d 01       		.byte	0x1
 423 002e 08       		.byte	0x8
 424 002f 3E010000 		.4byte	.LASF1
 425 0033 02       		.uleb128 0x2
 426 0034 02       		.byte	0x2
 427 0035 05       		.byte	0x5
 428 0036 6E020000 		.4byte	.LASF2
 429 003a 02       		.uleb128 0x2
 430 003b 02       		.byte	0x2
 431 003c 07       		.byte	0x7
 432 003d F5000000 		.4byte	.LASF3
 433 0041 02       		.uleb128 0x2
 434 0042 04       		.byte	0x4
 435 0043 05       		.byte	0x5
 436 0044 78020000 		.4byte	.LASF4
 437 0048 02       		.uleb128 0x2
 438 0049 04       		.byte	0x4
 439 004a 07       		.byte	0x7
 440 004b 63010000 		.4byte	.LASF5
 441 004f 02       		.uleb128 0x2
 442 0050 08       		.byte	0x8
 443 0051 05       		.byte	0x5
 444 0052 37020000 		.4byte	.LASF6
 445 0056 02       		.uleb128 0x2
 446 0057 08       		.byte	0x8
 447 0058 07       		.byte	0x7
ARM GAS  C:\Users\HERMIN~1\AppData\Local\Temp\ccfZTw6L.s 			page 19


 448 0059 E9010000 		.4byte	.LASF7
 449 005d 03       		.uleb128 0x3
 450 005e 04       		.byte	0x4
 451 005f 05       		.byte	0x5
 452 0060 696E7400 		.ascii	"int\000"
 453 0064 02       		.uleb128 0x2
 454 0065 04       		.byte	0x4
 455 0066 07       		.byte	0x7
 456 0067 DC010000 		.4byte	.LASF8
 457 006b 04       		.uleb128 0x4
 458 006c 8A010000 		.4byte	.LASF9
 459 0070 02       		.byte	0x2
 460 0071 3801     		.2byte	0x138
 461 0073 2C000000 		.4byte	0x2c
 462 0077 04       		.uleb128 0x4
 463 0078 CB010000 		.4byte	.LASF10
 464 007c 02       		.byte	0x2
 465 007d 3A01     		.2byte	0x13a
 466 007f 48000000 		.4byte	0x48
 467 0083 02       		.uleb128 0x2
 468 0084 04       		.byte	0x4
 469 0085 04       		.byte	0x4
 470 0086 33010000 		.4byte	.LASF11
 471 008a 02       		.uleb128 0x2
 472 008b 08       		.byte	0x8
 473 008c 04       		.byte	0x4
 474 008d B4010000 		.4byte	.LASF12
 475 0091 02       		.uleb128 0x2
 476 0092 01       		.byte	0x1
 477 0093 08       		.byte	0x8
 478 0094 45020000 		.4byte	.LASF13
 479 0098 04       		.uleb128 0x4
 480 0099 00000000 		.4byte	.LASF14
 481 009d 02       		.byte	0x2
 482 009e E401     		.2byte	0x1e4
 483 00a0 A4000000 		.4byte	0xa4
 484 00a4 05       		.uleb128 0x5
 485 00a5 77000000 		.4byte	0x77
 486 00a9 04       		.uleb128 0x4
 487 00aa 06020000 		.4byte	.LASF15
 488 00ae 02       		.byte	0x2
 489 00af F401     		.2byte	0x1f4
 490 00b1 B5000000 		.4byte	0xb5
 491 00b5 06       		.uleb128 0x6
 492 00b6 04       		.byte	0x4
 493 00b7 BB000000 		.4byte	0xbb
 494 00bb 07       		.uleb128 0x7
 495 00bc 08       		.uleb128 0x8
 496 00bd 94000000 		.4byte	.LASF16
 497 00c1 03       		.byte	0x3
 498 00c2 D4       		.byte	0xd4
 499 00c3 64000000 		.4byte	0x64
 500 00c7 02       		.uleb128 0x2
 501 00c8 04       		.byte	0x4
 502 00c9 07       		.byte	0x7
 503 00ca 2E020000 		.4byte	.LASF17
 504 00ce 09       		.uleb128 0x9
ARM GAS  C:\Users\HERMIN~1\AppData\Local\Temp\ccfZTw6L.s 			page 20


 505 00cf 04       		.byte	0x4
 506 00d0 0A       		.uleb128 0xa
 507 00d1 91000000 		.4byte	0x91
 508 00d5 08       		.uleb128 0x8
 509 00d6 1D020000 		.4byte	.LASF18
 510 00da 01       		.byte	0x1
 511 00db DC       		.byte	0xdc
 512 00dc 2C000000 		.4byte	0x2c
 513 00e0 0B       		.uleb128 0xb
 514 00e1 A9020000 		.4byte	.LASF45
 515 00e5 10       		.byte	0x10
 516 00e6 01       		.byte	0x1
 517 00e7 DE       		.byte	0xde
 518 00e8 1D010000 		.4byte	0x11d
 519 00ec 0C       		.uleb128 0xc
 520 00ed 18010000 		.4byte	.LASF19
 521 00f1 01       		.byte	0x1
 522 00f2 E0       		.byte	0xe0
 523 00f3 1D010000 		.4byte	0x11d
 524 00f7 00       		.byte	0
 525 00f8 0C       		.uleb128 0xc
 526 00f9 39010000 		.4byte	.LASF20
 527 00fd 01       		.byte	0x1
 528 00fe E1       		.byte	0xe1
 529 00ff 1D010000 		.4byte	0x11d
 530 0103 04       		.byte	0x4
 531 0104 0C       		.uleb128 0xc
 532 0105 13020000 		.4byte	.LASF21
 533 0109 01       		.byte	0x1
 534 010a E2       		.byte	0xe2
 535 010b BC000000 		.4byte	0xbc
 536 010f 08       		.byte	0x8
 537 0110 0C       		.uleb128 0xc
 538 0111 24010000 		.4byte	.LASF22
 539 0115 01       		.byte	0x1
 540 0116 E3       		.byte	0xe3
 541 0117 BC000000 		.4byte	0xbc
 542 011b 0C       		.byte	0xc
 543 011c 00       		.byte	0
 544 011d 06       		.uleb128 0x6
 545 011e 04       		.byte	0x4
 546 011f D5000000 		.4byte	0xd5
 547 0123 0D       		.uleb128 0xd
 548 0124 9C010000 		.4byte	.LASF33
 549 0128 01       		.byte	0x1
 550 0129 6F       		.byte	0x6f
 551 012a 00000000 		.4byte	.LFB0
 552 012e 06000000 		.4byte	.LFE0-.LFB0
 553 0132 01       		.uleb128 0x1
 554 0133 9C       		.byte	0x9c
 555 0134 0E       		.uleb128 0xe
 556 0135 96010000 		.4byte	.LASF27
 557 0139 01       		.byte	0x1
 558 013a 0101     		.2byte	0x101
 559 013c 00000000 		.4byte	.LFB1
 560 0140 14000000 		.4byte	.LFE1-.LFB1
 561 0144 01       		.uleb128 0x1
ARM GAS  C:\Users\HERMIN~1\AppData\Local\Temp\ccfZTw6L.s 			page 21


 562 0145 9C       		.byte	0x9c
 563 0146 5A010000 		.4byte	0x15a
 564 014a 0F       		.uleb128 0xf
 565 014b 1D010000 		.4byte	.LASF23
 566 014f 01       		.byte	0x1
 567 0150 0101     		.2byte	0x101
 568 0152 5D000000 		.4byte	0x5d
 569 0156 02       		.uleb128 0x2
 570 0157 91       		.byte	0x91
 571 0158 74       		.sleb128 -12
 572 0159 00       		.byte	0
 573 015a 10       		.uleb128 0x10
 574 015b AE010000 		.4byte	.LASF46
 575 015f 01       		.byte	0x1
 576 0160 2001     		.2byte	0x120
 577 0162 CE000000 		.4byte	0xce
 578 0166 00000000 		.4byte	.LFB2
 579 016a 50000000 		.4byte	.LFE2-.LFB2
 580 016e 01       		.uleb128 0x1
 581 016f 9C       		.byte	0x9c
 582 0170 B1010000 		.4byte	0x1b1
 583 0174 0F       		.uleb128 0xf
 584 0175 A2020000 		.4byte	.LASF24
 585 0179 01       		.byte	0x1
 586 017a 2001     		.2byte	0x120
 587 017c 5D000000 		.4byte	0x5d
 588 0180 02       		.uleb128 0x2
 589 0181 91       		.byte	0x91
 590 0182 6C       		.sleb128 -20
 591 0183 11       		.uleb128 0x11
 592 0184 656E6400 		.ascii	"end\000"
 593 0188 01       		.byte	0x1
 594 0189 2201     		.2byte	0x122
 595 018b 5D000000 		.4byte	0x5d
 596 018f 12       		.uleb128 0x12
 597 0190 4C010000 		.4byte	.LASF25
 598 0194 01       		.byte	0x1
 599 0195 2301     		.2byte	0x123
 600 0197 CE000000 		.4byte	0xce
 601 019b 02       		.uleb128 0x2
 602 019c 91       		.byte	0x91
 603 019d 74       		.sleb128 -12
 604 019e 12       		.uleb128 0x12
 605 019f E9000000 		.4byte	.LASF26
 606 01a3 01       		.byte	0x1
 607 01a4 2601     		.2byte	0x126
 608 01a6 CE000000 		.4byte	0xce
 609 01aa 05       		.uleb128 0x5
 610 01ab 03       		.byte	0x3
 611 01ac 00000000 		.4byte	heapPointer.4713
 612 01b0 00       		.byte	0
 613 01b1 0E       		.uleb128 0xe
 614 01b2 DB000000 		.4byte	.LASF28
 615 01b6 01       		.byte	0x1
 616 01b7 4801     		.2byte	0x148
 617 01b9 00000000 		.4byte	.LFB3
 618 01bd 98000000 		.4byte	.LFE3-.LFB3
ARM GAS  C:\Users\HERMIN~1\AppData\Local\Temp\ccfZTw6L.s 			page 22


 619 01c1 01       		.uleb128 0x1
 620 01c2 9C       		.byte	0x9c
 621 01c3 2C020000 		.4byte	0x22c
 622 01c7 12       		.uleb128 0x12
 623 01c8 9A020000 		.4byte	.LASF29
 624 01cc 01       		.byte	0x1
 625 01cd 4D01     		.2byte	0x14d
 626 01cf 64000000 		.4byte	0x64
 627 01d3 02       		.uleb128 0x2
 628 01d4 91       		.byte	0x91
 629 01d5 74       		.sleb128 -12
 630 01d6 12       		.uleb128 0x12
 631 01d7 2E010000 		.4byte	.LASF30
 632 01db 01       		.byte	0x1
 633 01dc 4E01     		.2byte	0x14e
 634 01de 2C020000 		.4byte	0x22c
 635 01e2 02       		.uleb128 0x2
 636 01e3 91       		.byte	0x91
 637 01e4 70       		.sleb128 -16
 638 01e5 13       		.uleb128 0x13
 639 01e6 14000000 		.4byte	.LBB2
 640 01ea 66000000 		.4byte	.LBE2-.LBB2
 641 01ee 14       		.uleb128 0x14
 642 01ef 73726300 		.ascii	"src\000"
 643 01f3 01       		.byte	0x1
 644 01f4 5301     		.2byte	0x153
 645 01f6 37020000 		.4byte	0x237
 646 01fa 02       		.uleb128 0x2
 647 01fb 91       		.byte	0x91
 648 01fc 6C       		.sleb128 -20
 649 01fd 14       		.uleb128 0x14
 650 01fe 64737400 		.ascii	"dst\000"
 651 0202 01       		.byte	0x1
 652 0203 5401     		.2byte	0x154
 653 0205 37020000 		.4byte	0x237
 654 0209 02       		.uleb128 0x2
 655 020a 91       		.byte	0x91
 656 020b 68       		.sleb128 -24
 657 020c 12       		.uleb128 0x12
 658 020d 00020000 		.4byte	.LASF31
 659 0211 01       		.byte	0x1
 660 0212 5501     		.2byte	0x155
 661 0214 64000000 		.4byte	0x64
 662 0218 02       		.uleb128 0x2
 663 0219 91       		.byte	0x91
 664 021a 60       		.sleb128 -32
 665 021b 12       		.uleb128 0x12
 666 021c E3000000 		.4byte	.LASF32
 667 0220 01       		.byte	0x1
 668 0221 5601     		.2byte	0x156
 669 0223 64000000 		.4byte	0x64
 670 0227 02       		.uleb128 0x2
 671 0228 91       		.byte	0x91
 672 0229 64       		.sleb128 -28
 673 022a 00       		.byte	0
 674 022b 00       		.byte	0
 675 022c 06       		.uleb128 0x6
ARM GAS  C:\Users\HERMIN~1\AppData\Local\Temp\ccfZTw6L.s 			page 23


 676 022d 04       		.byte	0x4
 677 022e 32020000 		.4byte	0x232
 678 0232 0A       		.uleb128 0xa
 679 0233 E0000000 		.4byte	0xe0
 680 0237 06       		.uleb128 0x6
 681 0238 04       		.byte	0x4
 682 0239 77000000 		.4byte	0x77
 683 023d 15       		.uleb128 0x15
 684 023e 90010000 		.4byte	.LASF34
 685 0242 01       		.byte	0x1
 686 0243 8401     		.2byte	0x184
 687 0245 00000000 		.4byte	.LFB4
 688 0249 08000000 		.4byte	.LFE4-.LFB4
 689 024d 01       		.uleb128 0x1
 690 024e 9C       		.byte	0x9c
 691 024f 0E       		.uleb128 0xe
 692 0250 BB010000 		.4byte	.LASF35
 693 0254 01       		.byte	0x1
 694 0255 0902     		.2byte	0x209
 695 0257 00000000 		.4byte	.LFB5
 696 025b 64000000 		.4byte	.LFE5-.LFB5
 697 025f 01       		.uleb128 0x1
 698 0260 9C       		.byte	0x9c
 699 0261 75020000 		.4byte	0x275
 700 0265 12       		.uleb128 0x12
 701 0266 D2010000 		.4byte	.LASF36
 702 026a 01       		.byte	0x1
 703 026b 0B02     		.2byte	0x20b
 704 026d 77000000 		.4byte	0x77
 705 0271 02       		.uleb128 0x2
 706 0272 91       		.byte	0x91
 707 0273 74       		.sleb128 -12
 708 0274 00       		.byte	0
 709 0275 16       		.uleb128 0x16
 710 0276 75010000 		.4byte	.LASF37
 711 027a 01       		.byte	0x1
 712 027b 46       		.byte	0x46
 713 027c 77000000 		.4byte	0x77
 714 0280 05       		.uleb128 0x5
 715 0281 03       		.byte	0x3
 716 0282 00000000 		.4byte	cySysNoInitDataValid
 717 0286 11       		.uleb128 0x11
 718 0287 656E6400 		.ascii	"end\000"
 719 028b 01       		.byte	0x1
 720 028c 2201     		.2byte	0x122
 721 028e 5D000000 		.4byte	0x5d
 722 0292 17       		.uleb128 0x17
 723 0293 E0000000 		.4byte	0xe0
 724 0297 9D020000 		.4byte	0x29d
 725 029b 18       		.uleb128 0x18
 726 029c 00       		.byte	0
 727 029d 19       		.uleb128 0x19
 728 029e 8D020000 		.4byte	.LASF38
 729 02a2 01       		.byte	0x1
 730 02a3 E6       		.byte	0xe6
 731 02a4 A8020000 		.4byte	0x2a8
 732 02a8 0A       		.uleb128 0xa
ARM GAS  C:\Users\HERMIN~1\AppData\Local\Temp\ccfZTw6L.s 			page 24


 733 02a9 92020000 		.4byte	0x292
 734 02ad 19       		.uleb128 0x19
 735 02ae 08010000 		.4byte	.LASF39
 736 02b2 01       		.byte	0x1
 737 02b3 E7       		.byte	0xe7
 738 02b4 D0000000 		.4byte	0xd0
 739 02b8 17       		.uleb128 0x17
 740 02b9 A9000000 		.4byte	0xa9
 741 02bd C8020000 		.4byte	0x2c8
 742 02c1 1A       		.uleb128 0x1a
 743 02c2 C7000000 		.4byte	0xc7
 744 02c6 2F       		.byte	0x2f
 745 02c7 00       		.byte	0
 746 02c8 1B       		.uleb128 0x1b
 747 02c9 CE000000 		.4byte	.LASF40
 748 02cd 01       		.byte	0x1
 749 02ce D201     		.2byte	0x1d2
 750 02d0 B8020000 		.4byte	0x2b8
 751 02d4 05       		.uleb128 0x5
 752 02d5 03       		.byte	0x3
 753 02d6 00000000 		.4byte	CyRamVectors
 754 02da 17       		.uleb128 0x17
 755 02db A9000000 		.4byte	0xa9
 756 02df EA020000 		.4byte	0x2ea
 757 02e3 1A       		.uleb128 0x1a
 758 02e4 C7000000 		.4byte	0xc7
 759 02e8 03       		.byte	0x3
 760 02e9 00       		.byte	0
 761 02ea 1B       		.uleb128 0x1b
 762 02eb 58010000 		.4byte	.LASF41
 763 02ef 01       		.byte	0x1
 764 02f0 E601     		.2byte	0x1e6
 765 02f2 FC020000 		.4byte	0x2fc
 766 02f6 05       		.uleb128 0x5
 767 02f7 03       		.byte	0x3
 768 02f8 00000000 		.4byte	RomVectors
 769 02fc 0A       		.uleb128 0xa
 770 02fd DA020000 		.4byte	0x2da
 771 0301 00       		.byte	0
 772              		.section	.debug_abbrev,"",%progbits
 773              	.Ldebug_abbrev0:
 774 0000 01       		.uleb128 0x1
 775 0001 11       		.uleb128 0x11
 776 0002 01       		.byte	0x1
 777 0003 25       		.uleb128 0x25
 778 0004 0E       		.uleb128 0xe
 779 0005 13       		.uleb128 0x13
 780 0006 0B       		.uleb128 0xb
 781 0007 03       		.uleb128 0x3
 782 0008 0E       		.uleb128 0xe
 783 0009 1B       		.uleb128 0x1b
 784 000a 0E       		.uleb128 0xe
 785 000b 55       		.uleb128 0x55
 786 000c 17       		.uleb128 0x17
 787 000d 11       		.uleb128 0x11
 788 000e 01       		.uleb128 0x1
 789 000f 10       		.uleb128 0x10
ARM GAS  C:\Users\HERMIN~1\AppData\Local\Temp\ccfZTw6L.s 			page 25


 790 0010 17       		.uleb128 0x17
 791 0011 00       		.byte	0
 792 0012 00       		.byte	0
 793 0013 02       		.uleb128 0x2
 794 0014 24       		.uleb128 0x24
 795 0015 00       		.byte	0
 796 0016 0B       		.uleb128 0xb
 797 0017 0B       		.uleb128 0xb
 798 0018 3E       		.uleb128 0x3e
 799 0019 0B       		.uleb128 0xb
 800 001a 03       		.uleb128 0x3
 801 001b 0E       		.uleb128 0xe
 802 001c 00       		.byte	0
 803 001d 00       		.byte	0
 804 001e 03       		.uleb128 0x3
 805 001f 24       		.uleb128 0x24
 806 0020 00       		.byte	0
 807 0021 0B       		.uleb128 0xb
 808 0022 0B       		.uleb128 0xb
 809 0023 3E       		.uleb128 0x3e
 810 0024 0B       		.uleb128 0xb
 811 0025 03       		.uleb128 0x3
 812 0026 08       		.uleb128 0x8
 813 0027 00       		.byte	0
 814 0028 00       		.byte	0
 815 0029 04       		.uleb128 0x4
 816 002a 16       		.uleb128 0x16
 817 002b 00       		.byte	0
 818 002c 03       		.uleb128 0x3
 819 002d 0E       		.uleb128 0xe
 820 002e 3A       		.uleb128 0x3a
 821 002f 0B       		.uleb128 0xb
 822 0030 3B       		.uleb128 0x3b
 823 0031 05       		.uleb128 0x5
 824 0032 49       		.uleb128 0x49
 825 0033 13       		.uleb128 0x13
 826 0034 00       		.byte	0
 827 0035 00       		.byte	0
 828 0036 05       		.uleb128 0x5
 829 0037 35       		.uleb128 0x35
 830 0038 00       		.byte	0
 831 0039 49       		.uleb128 0x49
 832 003a 13       		.uleb128 0x13
 833 003b 00       		.byte	0
 834 003c 00       		.byte	0
 835 003d 06       		.uleb128 0x6
 836 003e 0F       		.uleb128 0xf
 837 003f 00       		.byte	0
 838 0040 0B       		.uleb128 0xb
 839 0041 0B       		.uleb128 0xb
 840 0042 49       		.uleb128 0x49
 841 0043 13       		.uleb128 0x13
 842 0044 00       		.byte	0
 843 0045 00       		.byte	0
 844 0046 07       		.uleb128 0x7
 845 0047 15       		.uleb128 0x15
 846 0048 00       		.byte	0
ARM GAS  C:\Users\HERMIN~1\AppData\Local\Temp\ccfZTw6L.s 			page 26


 847 0049 27       		.uleb128 0x27
 848 004a 19       		.uleb128 0x19
 849 004b 00       		.byte	0
 850 004c 00       		.byte	0
 851 004d 08       		.uleb128 0x8
 852 004e 16       		.uleb128 0x16
 853 004f 00       		.byte	0
 854 0050 03       		.uleb128 0x3
 855 0051 0E       		.uleb128 0xe
 856 0052 3A       		.uleb128 0x3a
 857 0053 0B       		.uleb128 0xb
 858 0054 3B       		.uleb128 0x3b
 859 0055 0B       		.uleb128 0xb
 860 0056 49       		.uleb128 0x49
 861 0057 13       		.uleb128 0x13
 862 0058 00       		.byte	0
 863 0059 00       		.byte	0
 864 005a 09       		.uleb128 0x9
 865 005b 0F       		.uleb128 0xf
 866 005c 00       		.byte	0
 867 005d 0B       		.uleb128 0xb
 868 005e 0B       		.uleb128 0xb
 869 005f 00       		.byte	0
 870 0060 00       		.byte	0
 871 0061 0A       		.uleb128 0xa
 872 0062 26       		.uleb128 0x26
 873 0063 00       		.byte	0
 874 0064 49       		.uleb128 0x49
 875 0065 13       		.uleb128 0x13
 876 0066 00       		.byte	0
 877 0067 00       		.byte	0
 878 0068 0B       		.uleb128 0xb
 879 0069 13       		.uleb128 0x13
 880 006a 01       		.byte	0x1
 881 006b 03       		.uleb128 0x3
 882 006c 0E       		.uleb128 0xe
 883 006d 0B       		.uleb128 0xb
 884 006e 0B       		.uleb128 0xb
 885 006f 3A       		.uleb128 0x3a
 886 0070 0B       		.uleb128 0xb
 887 0071 3B       		.uleb128 0x3b
 888 0072 0B       		.uleb128 0xb
 889 0073 01       		.uleb128 0x1
 890 0074 13       		.uleb128 0x13
 891 0075 00       		.byte	0
 892 0076 00       		.byte	0
 893 0077 0C       		.uleb128 0xc
 894 0078 0D       		.uleb128 0xd
 895 0079 00       		.byte	0
 896 007a 03       		.uleb128 0x3
 897 007b 0E       		.uleb128 0xe
 898 007c 3A       		.uleb128 0x3a
 899 007d 0B       		.uleb128 0xb
 900 007e 3B       		.uleb128 0x3b
 901 007f 0B       		.uleb128 0xb
 902 0080 49       		.uleb128 0x49
 903 0081 13       		.uleb128 0x13
ARM GAS  C:\Users\HERMIN~1\AppData\Local\Temp\ccfZTw6L.s 			page 27


 904 0082 38       		.uleb128 0x38
 905 0083 0B       		.uleb128 0xb
 906 0084 00       		.byte	0
 907 0085 00       		.byte	0
 908 0086 0D       		.uleb128 0xd
 909 0087 2E       		.uleb128 0x2e
 910 0088 00       		.byte	0
 911 0089 3F       		.uleb128 0x3f
 912 008a 19       		.uleb128 0x19
 913 008b 03       		.uleb128 0x3
 914 008c 0E       		.uleb128 0xe
 915 008d 3A       		.uleb128 0x3a
 916 008e 0B       		.uleb128 0xb
 917 008f 3B       		.uleb128 0x3b
 918 0090 0B       		.uleb128 0xb
 919 0091 27       		.uleb128 0x27
 920 0092 19       		.uleb128 0x19
 921 0093 11       		.uleb128 0x11
 922 0094 01       		.uleb128 0x1
 923 0095 12       		.uleb128 0x12
 924 0096 06       		.uleb128 0x6
 925 0097 40       		.uleb128 0x40
 926 0098 18       		.uleb128 0x18
 927 0099 9742     		.uleb128 0x2117
 928 009b 19       		.uleb128 0x19
 929 009c 00       		.byte	0
 930 009d 00       		.byte	0
 931 009e 0E       		.uleb128 0xe
 932 009f 2E       		.uleb128 0x2e
 933 00a0 01       		.byte	0x1
 934 00a1 3F       		.uleb128 0x3f
 935 00a2 19       		.uleb128 0x19
 936 00a3 03       		.uleb128 0x3
 937 00a4 0E       		.uleb128 0xe
 938 00a5 3A       		.uleb128 0x3a
 939 00a6 0B       		.uleb128 0xb
 940 00a7 3B       		.uleb128 0x3b
 941 00a8 05       		.uleb128 0x5
 942 00a9 27       		.uleb128 0x27
 943 00aa 19       		.uleb128 0x19
 944 00ab 11       		.uleb128 0x11
 945 00ac 01       		.uleb128 0x1
 946 00ad 12       		.uleb128 0x12
 947 00ae 06       		.uleb128 0x6
 948 00af 40       		.uleb128 0x40
 949 00b0 18       		.uleb128 0x18
 950 00b1 9642     		.uleb128 0x2116
 951 00b3 19       		.uleb128 0x19
 952 00b4 01       		.uleb128 0x1
 953 00b5 13       		.uleb128 0x13
 954 00b6 00       		.byte	0
 955 00b7 00       		.byte	0
 956 00b8 0F       		.uleb128 0xf
 957 00b9 05       		.uleb128 0x5
 958 00ba 00       		.byte	0
 959 00bb 03       		.uleb128 0x3
 960 00bc 0E       		.uleb128 0xe
ARM GAS  C:\Users\HERMIN~1\AppData\Local\Temp\ccfZTw6L.s 			page 28


 961 00bd 3A       		.uleb128 0x3a
 962 00be 0B       		.uleb128 0xb
 963 00bf 3B       		.uleb128 0x3b
 964 00c0 05       		.uleb128 0x5
 965 00c1 49       		.uleb128 0x49
 966 00c2 13       		.uleb128 0x13
 967 00c3 02       		.uleb128 0x2
 968 00c4 18       		.uleb128 0x18
 969 00c5 00       		.byte	0
 970 00c6 00       		.byte	0
 971 00c7 10       		.uleb128 0x10
 972 00c8 2E       		.uleb128 0x2e
 973 00c9 01       		.byte	0x1
 974 00ca 3F       		.uleb128 0x3f
 975 00cb 19       		.uleb128 0x19
 976 00cc 03       		.uleb128 0x3
 977 00cd 0E       		.uleb128 0xe
 978 00ce 3A       		.uleb128 0x3a
 979 00cf 0B       		.uleb128 0xb
 980 00d0 3B       		.uleb128 0x3b
 981 00d1 05       		.uleb128 0x5
 982 00d2 27       		.uleb128 0x27
 983 00d3 19       		.uleb128 0x19
 984 00d4 49       		.uleb128 0x49
 985 00d5 13       		.uleb128 0x13
 986 00d6 11       		.uleb128 0x11
 987 00d7 01       		.uleb128 0x1
 988 00d8 12       		.uleb128 0x12
 989 00d9 06       		.uleb128 0x6
 990 00da 40       		.uleb128 0x40
 991 00db 18       		.uleb128 0x18
 992 00dc 9642     		.uleb128 0x2116
 993 00de 19       		.uleb128 0x19
 994 00df 01       		.uleb128 0x1
 995 00e0 13       		.uleb128 0x13
 996 00e1 00       		.byte	0
 997 00e2 00       		.byte	0
 998 00e3 11       		.uleb128 0x11
 999 00e4 34       		.uleb128 0x34
 1000 00e5 00       		.byte	0
 1001 00e6 03       		.uleb128 0x3
 1002 00e7 08       		.uleb128 0x8
 1003 00e8 3A       		.uleb128 0x3a
 1004 00e9 0B       		.uleb128 0xb
 1005 00ea 3B       		.uleb128 0x3b
 1006 00eb 05       		.uleb128 0x5
 1007 00ec 49       		.uleb128 0x49
 1008 00ed 13       		.uleb128 0x13
 1009 00ee 3F       		.uleb128 0x3f
 1010 00ef 19       		.uleb128 0x19
 1011 00f0 3C       		.uleb128 0x3c
 1012 00f1 19       		.uleb128 0x19
 1013 00f2 00       		.byte	0
 1014 00f3 00       		.byte	0
 1015 00f4 12       		.uleb128 0x12
 1016 00f5 34       		.uleb128 0x34
 1017 00f6 00       		.byte	0
ARM GAS  C:\Users\HERMIN~1\AppData\Local\Temp\ccfZTw6L.s 			page 29


 1018 00f7 03       		.uleb128 0x3
 1019 00f8 0E       		.uleb128 0xe
 1020 00f9 3A       		.uleb128 0x3a
 1021 00fa 0B       		.uleb128 0xb
 1022 00fb 3B       		.uleb128 0x3b
 1023 00fc 05       		.uleb128 0x5
 1024 00fd 49       		.uleb128 0x49
 1025 00fe 13       		.uleb128 0x13
 1026 00ff 02       		.uleb128 0x2
 1027 0100 18       		.uleb128 0x18
 1028 0101 00       		.byte	0
 1029 0102 00       		.byte	0
 1030 0103 13       		.uleb128 0x13
 1031 0104 0B       		.uleb128 0xb
 1032 0105 01       		.byte	0x1
 1033 0106 11       		.uleb128 0x11
 1034 0107 01       		.uleb128 0x1
 1035 0108 12       		.uleb128 0x12
 1036 0109 06       		.uleb128 0x6
 1037 010a 00       		.byte	0
 1038 010b 00       		.byte	0
 1039 010c 14       		.uleb128 0x14
 1040 010d 34       		.uleb128 0x34
 1041 010e 00       		.byte	0
 1042 010f 03       		.uleb128 0x3
 1043 0110 08       		.uleb128 0x8
 1044 0111 3A       		.uleb128 0x3a
 1045 0112 0B       		.uleb128 0xb
 1046 0113 3B       		.uleb128 0x3b
 1047 0114 05       		.uleb128 0x5
 1048 0115 49       		.uleb128 0x49
 1049 0116 13       		.uleb128 0x13
 1050 0117 02       		.uleb128 0x2
 1051 0118 18       		.uleb128 0x18
 1052 0119 00       		.byte	0
 1053 011a 00       		.byte	0
 1054 011b 15       		.uleb128 0x15
 1055 011c 2E       		.uleb128 0x2e
 1056 011d 00       		.byte	0
 1057 011e 3F       		.uleb128 0x3f
 1058 011f 19       		.uleb128 0x19
 1059 0120 03       		.uleb128 0x3
 1060 0121 0E       		.uleb128 0xe
 1061 0122 3A       		.uleb128 0x3a
 1062 0123 0B       		.uleb128 0xb
 1063 0124 3B       		.uleb128 0x3b
 1064 0125 05       		.uleb128 0x5
 1065 0126 27       		.uleb128 0x27
 1066 0127 19       		.uleb128 0x19
 1067 0128 11       		.uleb128 0x11
 1068 0129 01       		.uleb128 0x1
 1069 012a 12       		.uleb128 0x12
 1070 012b 06       		.uleb128 0x6
 1071 012c 40       		.uleb128 0x40
 1072 012d 18       		.uleb128 0x18
 1073 012e 9642     		.uleb128 0x2116
 1074 0130 19       		.uleb128 0x19
ARM GAS  C:\Users\HERMIN~1\AppData\Local\Temp\ccfZTw6L.s 			page 30


 1075 0131 00       		.byte	0
 1076 0132 00       		.byte	0
 1077 0133 16       		.uleb128 0x16
 1078 0134 34       		.uleb128 0x34
 1079 0135 00       		.byte	0
 1080 0136 03       		.uleb128 0x3
 1081 0137 0E       		.uleb128 0xe
 1082 0138 3A       		.uleb128 0x3a
 1083 0139 0B       		.uleb128 0xb
 1084 013a 3B       		.uleb128 0x3b
 1085 013b 0B       		.uleb128 0xb
 1086 013c 49       		.uleb128 0x49
 1087 013d 13       		.uleb128 0x13
 1088 013e 02       		.uleb128 0x2
 1089 013f 18       		.uleb128 0x18
 1090 0140 00       		.byte	0
 1091 0141 00       		.byte	0
 1092 0142 17       		.uleb128 0x17
 1093 0143 01       		.uleb128 0x1
 1094 0144 01       		.byte	0x1
 1095 0145 49       		.uleb128 0x49
 1096 0146 13       		.uleb128 0x13
 1097 0147 01       		.uleb128 0x1
 1098 0148 13       		.uleb128 0x13
 1099 0149 00       		.byte	0
 1100 014a 00       		.byte	0
 1101 014b 18       		.uleb128 0x18
 1102 014c 21       		.uleb128 0x21
 1103 014d 00       		.byte	0
 1104 014e 00       		.byte	0
 1105 014f 00       		.byte	0
 1106 0150 19       		.uleb128 0x19
 1107 0151 34       		.uleb128 0x34
 1108 0152 00       		.byte	0
 1109 0153 03       		.uleb128 0x3
 1110 0154 0E       		.uleb128 0xe
 1111 0155 3A       		.uleb128 0x3a
 1112 0156 0B       		.uleb128 0xb
 1113 0157 3B       		.uleb128 0x3b
 1114 0158 0B       		.uleb128 0xb
 1115 0159 49       		.uleb128 0x49
 1116 015a 13       		.uleb128 0x13
 1117 015b 3F       		.uleb128 0x3f
 1118 015c 19       		.uleb128 0x19
 1119 015d 3C       		.uleb128 0x3c
 1120 015e 19       		.uleb128 0x19
 1121 015f 00       		.byte	0
 1122 0160 00       		.byte	0
 1123 0161 1A       		.uleb128 0x1a
 1124 0162 21       		.uleb128 0x21
 1125 0163 00       		.byte	0
 1126 0164 49       		.uleb128 0x49
 1127 0165 13       		.uleb128 0x13
 1128 0166 2F       		.uleb128 0x2f
 1129 0167 0B       		.uleb128 0xb
 1130 0168 00       		.byte	0
 1131 0169 00       		.byte	0
ARM GAS  C:\Users\HERMIN~1\AppData\Local\Temp\ccfZTw6L.s 			page 31


 1132 016a 1B       		.uleb128 0x1b
 1133 016b 34       		.uleb128 0x34
 1134 016c 00       		.byte	0
 1135 016d 03       		.uleb128 0x3
 1136 016e 0E       		.uleb128 0xe
 1137 016f 3A       		.uleb128 0x3a
 1138 0170 0B       		.uleb128 0xb
 1139 0171 3B       		.uleb128 0x3b
 1140 0172 05       		.uleb128 0x5
 1141 0173 49       		.uleb128 0x49
 1142 0174 13       		.uleb128 0x13
 1143 0175 3F       		.uleb128 0x3f
 1144 0176 19       		.uleb128 0x19
 1145 0177 02       		.uleb128 0x2
 1146 0178 18       		.uleb128 0x18
 1147 0179 00       		.byte	0
 1148 017a 00       		.byte	0
 1149 017b 00       		.byte	0
 1150              		.section	.debug_aranges,"",%progbits
 1151 0000 44000000 		.4byte	0x44
 1152 0004 0200     		.2byte	0x2
 1153 0006 00000000 		.4byte	.Ldebug_info0
 1154 000a 04       		.byte	0x4
 1155 000b 00       		.byte	0
 1156 000c 0000     		.2byte	0
 1157 000e 0000     		.2byte	0
 1158 0010 00000000 		.4byte	.LFB0
 1159 0014 06000000 		.4byte	.LFE0-.LFB0
 1160 0018 00000000 		.4byte	.LFB1
 1161 001c 14000000 		.4byte	.LFE1-.LFB1
 1162 0020 00000000 		.4byte	.LFB2
 1163 0024 50000000 		.4byte	.LFE2-.LFB2
 1164 0028 00000000 		.4byte	.LFB3
 1165 002c 98000000 		.4byte	.LFE3-.LFB3
 1166 0030 00000000 		.4byte	.LFB4
 1167 0034 08000000 		.4byte	.LFE4-.LFB4
 1168 0038 00000000 		.4byte	.LFB5
 1169 003c 64000000 		.4byte	.LFE5-.LFB5
 1170 0040 00000000 		.4byte	0
 1171 0044 00000000 		.4byte	0
 1172              		.section	.debug_ranges,"",%progbits
 1173              	.Ldebug_ranges0:
 1174 0000 00000000 		.4byte	.LFB0
 1175 0004 06000000 		.4byte	.LFE0
 1176 0008 00000000 		.4byte	.LFB1
 1177 000c 14000000 		.4byte	.LFE1
 1178 0010 00000000 		.4byte	.LFB2
 1179 0014 50000000 		.4byte	.LFE2
 1180 0018 00000000 		.4byte	.LFB3
 1181 001c 98000000 		.4byte	.LFE3
 1182 0020 00000000 		.4byte	.LFB4
 1183 0024 08000000 		.4byte	.LFE4
 1184 0028 00000000 		.4byte	.LFB5
 1185 002c 64000000 		.4byte	.LFE5
 1186 0030 00000000 		.4byte	0
 1187 0034 00000000 		.4byte	0
 1188              		.section	.debug_line,"",%progbits
ARM GAS  C:\Users\HERMIN~1\AppData\Local\Temp\ccfZTw6L.s 			page 32


 1189              	.Ldebug_line0:
 1190 0000 C5010000 		.section	.debug_str,"MS",%progbits,1
 1190      0200C900 
 1190      00000201 
 1190      FB0E0D00 
 1190      01010101 
 1191              	.LASF14:
 1192 0000 72656733 		.ascii	"reg32\000"
 1192      3200
 1193              	.LASF42:
 1194 0006 474E5520 		.ascii	"GNU C 4.9.3 20150303 (release) [ARM/embedded-4_9-br"
 1194      4320342E 
 1194      392E3320 
 1194      32303135 
 1194      30333033 
 1195 0039 616E6368 		.ascii	"anch revision 221220] -mcpu=cortex-m0 -mthumb -g -O"
 1195      20726576 
 1195      6973696F 
 1195      6E203232 
 1195      31323230 
 1196 006c 30202D66 		.ascii	"0 -ffunction-sections -ffat-lto-objects\000"
 1196      66756E63 
 1196      74696F6E 
 1196      2D736563 
 1196      74696F6E 
 1197              	.LASF16:
 1198 0094 73697A65 		.ascii	"size_t\000"
 1198      5F7400
 1199              	.LASF44:
 1200 009b 433A5C70 		.ascii	"C:\\projekts\\Gunshow_PSoC\\SCB_I2cCommMaster01.cyd"
 1200      726F6A65 
 1200      6B74735C 
 1200      47756E73 
 1200      686F775F 
 1201 00cb 736E00   		.ascii	"sn\000"
 1202              	.LASF40:
 1203 00ce 43795261 		.ascii	"CyRamVectors\000"
 1203      6D566563 
 1203      746F7273 
 1203      00
 1204              	.LASF28:
 1205 00db 53746172 		.ascii	"Start_c\000"
 1205      745F6300 
 1206              	.LASF32:
 1207 00e3 636F756E 		.ascii	"count\000"
 1207      7400
 1208              	.LASF26:
 1209 00e9 68656170 		.ascii	"heapPointer\000"
 1209      506F696E 
 1209      74657200 
 1210              	.LASF3:
 1211 00f5 73686F72 		.ascii	"short unsigned int\000"
 1211      7420756E 
 1211      7369676E 
 1211      65642069 
 1211      6E7400
 1212              	.LASF39:
ARM GAS  C:\Users\HERMIN~1\AppData\Local\Temp\ccfZTw6L.s 			page 33


 1213 0108 5F5F6379 		.ascii	"__cy_region_num\000"
 1213      5F726567 
 1213      696F6E5F 
 1213      6E756D00 
 1214              	.LASF19:
 1215 0118 696E6974 		.ascii	"init\000"
 1215      00
 1216              	.LASF23:
 1217 011d 73746174 		.ascii	"status\000"
 1217      757300
 1218              	.LASF22:
 1219 0124 7A65726F 		.ascii	"zero_size\000"
 1219      5F73697A 
 1219      6500
 1220              	.LASF30:
 1221 012e 72707472 		.ascii	"rptr\000"
 1221      00
 1222              	.LASF11:
 1223 0133 666C6F61 		.ascii	"float\000"
 1223      7400
 1224              	.LASF20:
 1225 0139 64617461 		.ascii	"data\000"
 1225      00
 1226              	.LASF1:
 1227 013e 756E7369 		.ascii	"unsigned char\000"
 1227      676E6564 
 1227      20636861 
 1227      7200
 1228              	.LASF25:
 1229 014c 72657475 		.ascii	"returnValue\000"
 1229      726E5661 
 1229      6C756500 
 1230              	.LASF41:
 1231 0158 526F6D56 		.ascii	"RomVectors\000"
 1231      6563746F 
 1231      727300
 1232              	.LASF5:
 1233 0163 6C6F6E67 		.ascii	"long unsigned int\000"
 1233      20756E73 
 1233      69676E65 
 1233      6420696E 
 1233      7400
 1234              	.LASF37:
 1235 0175 63795379 		.ascii	"cySysNoInitDataValid\000"
 1235      734E6F49 
 1235      6E697444 
 1235      61746156 
 1235      616C6964 
 1236              	.LASF9:
 1237 018a 75696E74 		.ascii	"uint8\000"
 1237      3800
 1238              	.LASF34:
 1239 0190 52657365 		.ascii	"Reset\000"
 1239      7400
 1240              	.LASF27:
 1241 0196 5F657869 		.ascii	"_exit\000"
 1241      7400
ARM GAS  C:\Users\HERMIN~1\AppData\Local\Temp\ccfZTw6L.s 			page 34


 1242              	.LASF33:
 1243 019c 496E7444 		.ascii	"IntDefaultHandler\000"
 1243      65666175 
 1243      6C744861 
 1243      6E646C65 
 1243      7200
 1244              	.LASF46:
 1245 01ae 5F736272 		.ascii	"_sbrk\000"
 1245      6B00
 1246              	.LASF12:
 1247 01b4 646F7562 		.ascii	"double\000"
 1247      6C6500
 1248              	.LASF35:
 1249 01bb 696E6974 		.ascii	"initialize_psoc\000"
 1249      69616C69 
 1249      7A655F70 
 1249      736F6300 
 1250              	.LASF10:
 1251 01cb 75696E74 		.ascii	"uint32\000"
 1251      333200
 1252              	.LASF36:
 1253 01d2 696E6465 		.ascii	"indexInit\000"
 1253      78496E69 
 1253      7400
 1254              	.LASF8:
 1255 01dc 756E7369 		.ascii	"unsigned int\000"
 1255      676E6564 
 1255      20696E74 
 1255      00
 1256              	.LASF7:
 1257 01e9 6C6F6E67 		.ascii	"long long unsigned int\000"
 1257      206C6F6E 
 1257      6720756E 
 1257      7369676E 
 1257      65642069 
 1258              	.LASF31:
 1259 0200 6C696D69 		.ascii	"limit\000"
 1259      7400
 1260              	.LASF15:
 1261 0206 63796973 		.ascii	"cyisraddress\000"
 1261      72616464 
 1261      72657373 
 1261      00
 1262              	.LASF21:
 1263 0213 696E6974 		.ascii	"init_size\000"
 1263      5F73697A 
 1263      6500
 1264              	.LASF18:
 1265 021d 5F5F6379 		.ascii	"__cy_byte_align8\000"
 1265      5F627974 
 1265      655F616C 
 1265      69676E38 
 1265      00
 1266              	.LASF17:
 1267 022e 73697A65 		.ascii	"sizetype\000"
 1267      74797065 
 1267      00
ARM GAS  C:\Users\HERMIN~1\AppData\Local\Temp\ccfZTw6L.s 			page 35


 1268              	.LASF6:
 1269 0237 6C6F6E67 		.ascii	"long long int\000"
 1269      206C6F6E 
 1269      6720696E 
 1269      7400
 1270              	.LASF13:
 1271 0245 63686172 		.ascii	"char\000"
 1271      00
 1272              	.LASF43:
 1273 024a 2E5C4765 		.ascii	".\\Generated_Source\\PSoC4\\Cm0Start.c\000"
 1273      6E657261 
 1273      7465645F 
 1273      536F7572 
 1273      63655C50 
 1274              	.LASF2:
 1275 026e 73686F72 		.ascii	"short int\000"
 1275      7420696E 
 1275      7400
 1276              	.LASF4:
 1277 0278 6C6F6E67 		.ascii	"long int\000"
 1277      20696E74 
 1277      00
 1278              	.LASF0:
 1279 0281 7369676E 		.ascii	"signed char\000"
 1279      65642063 
 1279      68617200 
 1280              	.LASF38:
 1281 028d 5F5F6379 		.ascii	"__cy_regions\000"
 1281      5F726567 
 1281      696F6E73 
 1281      00
 1282              	.LASF29:
 1283 029a 72656769 		.ascii	"regions\000"
 1283      6F6E7300 
 1284              	.LASF24:
 1285 02a2 6E627974 		.ascii	"nbytes\000"
 1285      657300
 1286              	.LASF45:
 1287 02a9 5F5F6379 		.ascii	"__cy_region\000"
 1287      5F726567 
 1287      696F6E00 
 1288              		.ident	"GCC: (GNU Tools for ARM Embedded Processors) 4.9.3 20150303 (release) [ARM/embedded-4_9-br
