ARM GAS  C:\Users\HERMIN~1\AppData\Local\Temp\cctNHhOW.s 			page 1


   1              		.cpu cortex-m0
   2              		.fpu softvfp
   3              		.eabi_attribute 20, 1
   4              		.eabi_attribute 21, 1
   5              		.eabi_attribute 23, 3
   6              		.eabi_attribute 24, 1
   7              		.eabi_attribute 25, 1
   8              		.eabi_attribute 26, 1
   9              		.eabi_attribute 30, 6
  10              		.eabi_attribute 34, 0
  11              		.eabi_attribute 18, 4
  12              		.code	16
  13              		.file	"Cm0Start.c"
  14              		.text
  15              	.Ltext0:
  16              		.cfi_sections	.debug_frame
  17              		.section	.noinit,"aw",%progbits
  18              		.align	2
  19              		.type	cySysNoInitDataValid, %object
  20              		.size	cySysNoInitDataValid, 4
  21              	cySysNoInitDataValid:
  22 0000 00000000 		.space	4
  23              		.section	.text.IntDefaultHandler,"ax",%progbits
  24              		.align	2
  25              		.global	IntDefaultHandler
  26              		.code	16
  27              		.thumb_func
  28              		.type	IntDefaultHandler, %function
  29              	IntDefaultHandler:
  30              	.LFB0:
  31              		.file 1 ".\\Generated_Source\\PSoC4\\Cm0Start.c"
   1:.\Generated_Source\PSoC4/Cm0Start.c **** /*******************************************************************************
   2:.\Generated_Source\PSoC4/Cm0Start.c **** * File Name: Cm0Start.c
   3:.\Generated_Source\PSoC4/Cm0Start.c **** * Version 5.30
   4:.\Generated_Source\PSoC4/Cm0Start.c **** *
   5:.\Generated_Source\PSoC4/Cm0Start.c **** *  Description:
   6:.\Generated_Source\PSoC4/Cm0Start.c **** *  Startup code for the ARM CM0.
   7:.\Generated_Source\PSoC4/Cm0Start.c **** *
   8:.\Generated_Source\PSoC4/Cm0Start.c **** ********************************************************************************
   9:.\Generated_Source\PSoC4/Cm0Start.c **** * Copyright 2010-2015, Cypress Semiconductor Corporation.  All rights reserved.
  10:.\Generated_Source\PSoC4/Cm0Start.c **** * You may use this file only in accordance with the license, terms, conditions,
  11:.\Generated_Source\PSoC4/Cm0Start.c **** * disclaimers, and limitations in the end user license agreement accompanying
  12:.\Generated_Source\PSoC4/Cm0Start.c **** * the software package with which this file was provided.
  13:.\Generated_Source\PSoC4/Cm0Start.c **** *******************************************************************************/
  14:.\Generated_Source\PSoC4/Cm0Start.c **** 
  15:.\Generated_Source\PSoC4/Cm0Start.c **** #include <limits.h>
  16:.\Generated_Source\PSoC4/Cm0Start.c **** #include "cydevice_trm.h"
  17:.\Generated_Source\PSoC4/Cm0Start.c **** #include "cytypes.h"
  18:.\Generated_Source\PSoC4/Cm0Start.c **** #include "cyfitter_cfg.h"
  19:.\Generated_Source\PSoC4/Cm0Start.c **** #include "CyLib.h"
  20:.\Generated_Source\PSoC4/Cm0Start.c **** #include "cyfitter.h"
  21:.\Generated_Source\PSoC4/Cm0Start.c **** #include "cyapicallbacks.h"
  22:.\Generated_Source\PSoC4/Cm0Start.c **** 
  23:.\Generated_Source\PSoC4/Cm0Start.c **** #define CY_NUM_VECTORS              (CY_INT_IRQ_BASE + CY_NUM_INTERRUPTS)
  24:.\Generated_Source\PSoC4/Cm0Start.c **** #define CY_CPUSS_CONFIG_VECT_IN_RAM (( uint32 ) 0x01)
  25:.\Generated_Source\PSoC4/Cm0Start.c **** 
  26:.\Generated_Source\PSoC4/Cm0Start.c **** /* CPUSS Configuration register */
ARM GAS  C:\Users\HERMIN~1\AppData\Local\Temp\cctNHhOW.s 			page 2


  27:.\Generated_Source\PSoC4/Cm0Start.c **** #define CY_CPUSS_CONFIG_REG         (*(reg32 *) CYREG_CPUSS_CONFIG)
  28:.\Generated_Source\PSoC4/Cm0Start.c **** #define CY_CPUSS_CONFIG_PTR         ( (reg32 *) CYREG_CPUSS_CONFIG)
  29:.\Generated_Source\PSoC4/Cm0Start.c **** 
  30:.\Generated_Source\PSoC4/Cm0Start.c **** 
  31:.\Generated_Source\PSoC4/Cm0Start.c **** #if defined (__ICCARM__)
  32:.\Generated_Source\PSoC4/Cm0Start.c ****     #define CY_NUM_ROM_VECTORS      (CY_NUM_VECTORS)
  33:.\Generated_Source\PSoC4/Cm0Start.c **** #else
  34:.\Generated_Source\PSoC4/Cm0Start.c ****     #define CY_NUM_ROM_VECTORS      (4u)
  35:.\Generated_Source\PSoC4/Cm0Start.c **** #endif  /* defined (__ICCARM__) */
  36:.\Generated_Source\PSoC4/Cm0Start.c **** 
  37:.\Generated_Source\PSoC4/Cm0Start.c **** 
  38:.\Generated_Source\PSoC4/Cm0Start.c **** #ifndef CY_SYS_INITIAL_STACK_POINTER
  39:.\Generated_Source\PSoC4/Cm0Start.c **** 
  40:.\Generated_Source\PSoC4/Cm0Start.c ****     #if defined(__ARMCC_VERSION)
  41:.\Generated_Source\PSoC4/Cm0Start.c ****         #define CY_SYS_INITIAL_STACK_POINTER ((cyisraddress)(uint32)&Image$$ARM_LIB_STACK$$ZI$$Limi
  42:.\Generated_Source\PSoC4/Cm0Start.c ****     #elif defined (__GNUC__)
  43:.\Generated_Source\PSoC4/Cm0Start.c ****         #define CY_SYS_INITIAL_STACK_POINTER (&__cy_stack)
  44:.\Generated_Source\PSoC4/Cm0Start.c ****     #elif defined (__ICCARM__)
  45:.\Generated_Source\PSoC4/Cm0Start.c ****         #pragma language=extended
  46:.\Generated_Source\PSoC4/Cm0Start.c ****         #pragma segment="CSTACK"
  47:.\Generated_Source\PSoC4/Cm0Start.c ****         #define CY_SYS_INITIAL_STACK_POINTER  { .__ptr = __sfe( "CSTACK" ) }
  48:.\Generated_Source\PSoC4/Cm0Start.c **** 
  49:.\Generated_Source\PSoC4/Cm0Start.c ****         extern void __iar_program_start( void );
  50:.\Generated_Source\PSoC4/Cm0Start.c ****         extern void __iar_data_init3 (void);
  51:.\Generated_Source\PSoC4/Cm0Start.c ****     #endif  /* (__ARMCC_VERSION) */
  52:.\Generated_Source\PSoC4/Cm0Start.c **** 
  53:.\Generated_Source\PSoC4/Cm0Start.c **** #endif /* CY_SYS_INITIAL_STACK_POINTER */
  54:.\Generated_Source\PSoC4/Cm0Start.c **** 
  55:.\Generated_Source\PSoC4/Cm0Start.c **** 
  56:.\Generated_Source\PSoC4/Cm0Start.c **** #if defined(__GNUC__)
  57:.\Generated_Source\PSoC4/Cm0Start.c ****     #include <errno.h>
  58:.\Generated_Source\PSoC4/Cm0Start.c ****     extern int  errno;
  59:.\Generated_Source\PSoC4/Cm0Start.c ****     extern int  end;
  60:.\Generated_Source\PSoC4/Cm0Start.c **** #endif  /* defined(__GNUC__) */
  61:.\Generated_Source\PSoC4/Cm0Start.c **** 
  62:.\Generated_Source\PSoC4/Cm0Start.c **** /* Extern functions */
  63:.\Generated_Source\PSoC4/Cm0Start.c **** extern void CyBtldr_CheckLaunch(void);
  64:.\Generated_Source\PSoC4/Cm0Start.c **** 
  65:.\Generated_Source\PSoC4/Cm0Start.c **** /* Function prototypes */
  66:.\Generated_Source\PSoC4/Cm0Start.c **** void initialize_psoc(void);
  67:.\Generated_Source\PSoC4/Cm0Start.c **** 
  68:.\Generated_Source\PSoC4/Cm0Start.c **** /* Global variables */
  69:.\Generated_Source\PSoC4/Cm0Start.c **** #if !defined (__ICCARM__)
  70:.\Generated_Source\PSoC4/Cm0Start.c ****     CY_NOINIT static uint32 cySysNoInitDataValid;
  71:.\Generated_Source\PSoC4/Cm0Start.c **** #endif  /* !defined (__ICCARM__) */
  72:.\Generated_Source\PSoC4/Cm0Start.c **** 
  73:.\Generated_Source\PSoC4/Cm0Start.c **** 
  74:.\Generated_Source\PSoC4/Cm0Start.c **** #if (CYDEV_PROJ_TYPE != CYDEV_PROJ_TYPE_STANDARD)
  75:.\Generated_Source\PSoC4/Cm0Start.c **** 
  76:.\Generated_Source\PSoC4/Cm0Start.c ****     /*******************************************************************************
  77:.\Generated_Source\PSoC4/Cm0Start.c ****     This variable is used by the Bootloader/Bootloadable components to schedule
  78:.\Generated_Source\PSoC4/Cm0Start.c ****     what application will be started after a software reset.
  79:.\Generated_Source\PSoC4/Cm0Start.c ****     *******************************************************************************/
  80:.\Generated_Source\PSoC4/Cm0Start.c ****     #if (__ARMCC_VERSION)
  81:.\Generated_Source\PSoC4/Cm0Start.c ****         __attribute__ ((section(".bootloaderruntype"), zero_init))
  82:.\Generated_Source\PSoC4/Cm0Start.c ****     #elif defined (__GNUC__)
  83:.\Generated_Source\PSoC4/Cm0Start.c ****         __attribute__ ((section(".bootloaderruntype")))
ARM GAS  C:\Users\HERMIN~1\AppData\Local\Temp\cctNHhOW.s 			page 3


  84:.\Generated_Source\PSoC4/Cm0Start.c ****     #elif defined (__ICCARM__)
  85:.\Generated_Source\PSoC4/Cm0Start.c ****         #pragma location=".bootloaderruntype"
  86:.\Generated_Source\PSoC4/Cm0Start.c ****     #endif /* (__ARMCC_VERSION) */
  87:.\Generated_Source\PSoC4/Cm0Start.c ****     volatile uint32 cyBtldrRunType;
  88:.\Generated_Source\PSoC4/Cm0Start.c **** 
  89:.\Generated_Source\PSoC4/Cm0Start.c **** #endif  /* (CYDEV_PROJ_TYPE != CYDEV_PROJ_TYPE_STANDARD) */
  90:.\Generated_Source\PSoC4/Cm0Start.c **** 
  91:.\Generated_Source\PSoC4/Cm0Start.c **** 
  92:.\Generated_Source\PSoC4/Cm0Start.c **** /*******************************************************************************
  93:.\Generated_Source\PSoC4/Cm0Start.c **** * Function Name: IntDefaultHandler
  94:.\Generated_Source\PSoC4/Cm0Start.c **** ********************************************************************************
  95:.\Generated_Source\PSoC4/Cm0Start.c **** *
  96:.\Generated_Source\PSoC4/Cm0Start.c **** * Summary:
  97:.\Generated_Source\PSoC4/Cm0Start.c **** *  This function is called for all interrupts, other than a reset that is called
  98:.\Generated_Source\PSoC4/Cm0Start.c **** *  before the system is setup.
  99:.\Generated_Source\PSoC4/Cm0Start.c **** *
 100:.\Generated_Source\PSoC4/Cm0Start.c **** * Parameters:
 101:.\Generated_Source\PSoC4/Cm0Start.c **** *  None
 102:.\Generated_Source\PSoC4/Cm0Start.c **** *
 103:.\Generated_Source\PSoC4/Cm0Start.c **** * Return:
 104:.\Generated_Source\PSoC4/Cm0Start.c **** *  None
 105:.\Generated_Source\PSoC4/Cm0Start.c **** *
 106:.\Generated_Source\PSoC4/Cm0Start.c **** * Theory:
 107:.\Generated_Source\PSoC4/Cm0Start.c **** *   Any value other than zero is acceptable.
 108:.\Generated_Source\PSoC4/Cm0Start.c **** *
 109:.\Generated_Source\PSoC4/Cm0Start.c **** *******************************************************************************/
 110:.\Generated_Source\PSoC4/Cm0Start.c **** CY_NORETURN
 111:.\Generated_Source\PSoC4/Cm0Start.c **** CY_ISR(IntDefaultHandler)
 112:.\Generated_Source\PSoC4/Cm0Start.c **** {
  32              		.loc 1 112 0
  33              		.cfi_startproc
  34 0000 80B5     		push	{r7, lr}
  35              		.cfi_def_cfa_offset 8
  36              		.cfi_offset 7, -8
  37              		.cfi_offset 14, -4
  38 0002 00AF     		add	r7, sp, #0
  39              		.cfi_def_cfa_register 7
  40              	.L2:
 113:.\Generated_Source\PSoC4/Cm0Start.c ****     /***************************************************************************
 114:.\Generated_Source\PSoC4/Cm0Start.c ****     * We must not get here. If we do, a serious problem occurs, so go into
 115:.\Generated_Source\PSoC4/Cm0Start.c ****     * an infinite loop.
 116:.\Generated_Source\PSoC4/Cm0Start.c ****     ***************************************************************************/
 117:.\Generated_Source\PSoC4/Cm0Start.c **** 
 118:.\Generated_Source\PSoC4/Cm0Start.c ****     #ifdef CY_BOOT_INT_DEFAULT_HANDLER_EXCEPTION_ENTRY_CALLBACK
 119:.\Generated_Source\PSoC4/Cm0Start.c ****         CyBoot_IntDefaultHandler_Exception_EntryCallback();
 120:.\Generated_Source\PSoC4/Cm0Start.c ****     #endif /* CY_BOOT_INT_DEFAULT_HANDLER_EXCEPTION_ENTRY_CALLBACK */
 121:.\Generated_Source\PSoC4/Cm0Start.c **** 
 122:.\Generated_Source\PSoC4/Cm0Start.c ****     while(1)
 123:.\Generated_Source\PSoC4/Cm0Start.c ****     {
 124:.\Generated_Source\PSoC4/Cm0Start.c **** 
 125:.\Generated_Source\PSoC4/Cm0Start.c ****     }
  41              		.loc 1 125 0 discriminator 1
  42 0004 FEE7     		b	.L2
  43              		.cfi_endproc
  44              	.LFE0:
  45              		.size	IntDefaultHandler, .-IntDefaultHandler
  46 0006 C046     		.section	.text._exit,"ax",%progbits
ARM GAS  C:\Users\HERMIN~1\AppData\Local\Temp\cctNHhOW.s 			page 4


  47              		.align	2
  48              		.weak	_exit
  49              		.code	16
  50              		.thumb_func
  51              		.type	_exit, %function
  52              	_exit:
  53              	.LFB1:
 126:.\Generated_Source\PSoC4/Cm0Start.c **** }
 127:.\Generated_Source\PSoC4/Cm0Start.c **** 
 128:.\Generated_Source\PSoC4/Cm0Start.c **** #if defined(__ARMCC_VERSION)
 129:.\Generated_Source\PSoC4/Cm0Start.c **** 
 130:.\Generated_Source\PSoC4/Cm0Start.c **** /* Local function for device reset. */
 131:.\Generated_Source\PSoC4/Cm0Start.c **** extern void Reset(void);
 132:.\Generated_Source\PSoC4/Cm0Start.c **** 
 133:.\Generated_Source\PSoC4/Cm0Start.c **** /* Application entry point. */
 134:.\Generated_Source\PSoC4/Cm0Start.c **** extern void $Super$$main(void);
 135:.\Generated_Source\PSoC4/Cm0Start.c **** 
 136:.\Generated_Source\PSoC4/Cm0Start.c **** /* Linker-generated Stack Base addresses, Two Region and One Region */
 137:.\Generated_Source\PSoC4/Cm0Start.c **** extern unsigned long Image$$ARM_LIB_STACK$$ZI$$Limit;
 138:.\Generated_Source\PSoC4/Cm0Start.c **** 
 139:.\Generated_Source\PSoC4/Cm0Start.c **** /* RealView C Library initialization. */
 140:.\Generated_Source\PSoC4/Cm0Start.c **** extern int __main(void);
 141:.\Generated_Source\PSoC4/Cm0Start.c **** 
 142:.\Generated_Source\PSoC4/Cm0Start.c **** 
 143:.\Generated_Source\PSoC4/Cm0Start.c **** /*******************************************************************************
 144:.\Generated_Source\PSoC4/Cm0Start.c **** * Function Name: Reset
 145:.\Generated_Source\PSoC4/Cm0Start.c **** ********************************************************************************
 146:.\Generated_Source\PSoC4/Cm0Start.c **** *
 147:.\Generated_Source\PSoC4/Cm0Start.c **** * Summary:
 148:.\Generated_Source\PSoC4/Cm0Start.c **** *  This function handles the reset interrupt for the RVDS/MDK toolchains.
 149:.\Generated_Source\PSoC4/Cm0Start.c **** *  This is the first bit of code that is executed at startup.
 150:.\Generated_Source\PSoC4/Cm0Start.c **** *
 151:.\Generated_Source\PSoC4/Cm0Start.c **** * Parameters:
 152:.\Generated_Source\PSoC4/Cm0Start.c **** *  None
 153:.\Generated_Source\PSoC4/Cm0Start.c **** *
 154:.\Generated_Source\PSoC4/Cm0Start.c **** * Return:
 155:.\Generated_Source\PSoC4/Cm0Start.c **** *  None
 156:.\Generated_Source\PSoC4/Cm0Start.c **** *
 157:.\Generated_Source\PSoC4/Cm0Start.c **** *******************************************************************************/
 158:.\Generated_Source\PSoC4/Cm0Start.c **** void Reset(void)
 159:.\Generated_Source\PSoC4/Cm0Start.c **** {
 160:.\Generated_Source\PSoC4/Cm0Start.c ****     #if (CYDEV_PROJ_TYPE == CYDEV_PROJ_TYPE_LOADABLE || CYDEV_PROJ_TYPE == CYDEV_PROJ_TYPE_LOADABLE
 161:.\Generated_Source\PSoC4/Cm0Start.c ****         /* The bootloadable application image is started at Reset() handler
 162:.\Generated_Source\PSoC4/Cm0Start.c ****         * as a result of a branch instruction execution from the bootloader.
 163:.\Generated_Source\PSoC4/Cm0Start.c ****         * So, the stack pointer needs to be reset to be sure that
 164:.\Generated_Source\PSoC4/Cm0Start.c ****         * there is no garbage in the stack.
 165:.\Generated_Source\PSoC4/Cm0Start.c ****         */
 166:.\Generated_Source\PSoC4/Cm0Start.c ****         register uint32_t msp __asm("msp");
 167:.\Generated_Source\PSoC4/Cm0Start.c ****         msp = (uint32_t)&Image$$ARM_LIB_STACK$$ZI$$Limit;
 168:.\Generated_Source\PSoC4/Cm0Start.c ****     #endif /*(CYDEV_PROJ_TYPE == CYDEV_PROJ_TYPE_LOADABLE || CYDEV_PROJ_TYPE == CYDEV_PROJ_TYPE_LOA
 169:.\Generated_Source\PSoC4/Cm0Start.c **** 
 170:.\Generated_Source\PSoC4/Cm0Start.c ****     #if(CY_IP_SRSSLT)
 171:.\Generated_Source\PSoC4/Cm0Start.c ****         CySysWdtDisable();
 172:.\Generated_Source\PSoC4/Cm0Start.c ****     #endif  /* (CY_IP_SRSSLT) */
 173:.\Generated_Source\PSoC4/Cm0Start.c **** 
 174:.\Generated_Source\PSoC4/Cm0Start.c ****     #if ((CYDEV_BOOTLOADER_ENABLE) && (CYDEV_PROJ_TYPE != CYDEV_PROJ_TYPE_LOADABLEANDBOOTLOADER))
 175:.\Generated_Source\PSoC4/Cm0Start.c ****         CyBtldr_CheckLaunch();
ARM GAS  C:\Users\HERMIN~1\AppData\Local\Temp\cctNHhOW.s 			page 5


 176:.\Generated_Source\PSoC4/Cm0Start.c ****     #endif /* ((CYDEV_BOOTLOADER_ENABLE) && (CYDEV_PROJ_TYPE != CYDEV_PROJ_TYPE_LOADABLEANDBOOTLOAD
 177:.\Generated_Source\PSoC4/Cm0Start.c **** 
 178:.\Generated_Source\PSoC4/Cm0Start.c ****     __main();
 179:.\Generated_Source\PSoC4/Cm0Start.c **** }
 180:.\Generated_Source\PSoC4/Cm0Start.c **** 
 181:.\Generated_Source\PSoC4/Cm0Start.c **** /*******************************************************************************
 182:.\Generated_Source\PSoC4/Cm0Start.c **** * Function Name: $Sub$$main
 183:.\Generated_Source\PSoC4/Cm0Start.c **** ********************************************************************************
 184:.\Generated_Source\PSoC4/Cm0Start.c **** *
 185:.\Generated_Source\PSoC4/Cm0Start.c **** * Summary:
 186:.\Generated_Source\PSoC4/Cm0Start.c **** *  This function is called immediately before the users main
 187:.\Generated_Source\PSoC4/Cm0Start.c **** *
 188:.\Generated_Source\PSoC4/Cm0Start.c **** * Parameters:
 189:.\Generated_Source\PSoC4/Cm0Start.c **** *  None
 190:.\Generated_Source\PSoC4/Cm0Start.c **** *
 191:.\Generated_Source\PSoC4/Cm0Start.c **** * Return:
 192:.\Generated_Source\PSoC4/Cm0Start.c **** *  None
 193:.\Generated_Source\PSoC4/Cm0Start.c **** *
 194:.\Generated_Source\PSoC4/Cm0Start.c **** *******************************************************************************/
 195:.\Generated_Source\PSoC4/Cm0Start.c **** __attribute__ ((noreturn, __noinline__))
 196:.\Generated_Source\PSoC4/Cm0Start.c **** void $Sub$$main(void)
 197:.\Generated_Source\PSoC4/Cm0Start.c **** {
 198:.\Generated_Source\PSoC4/Cm0Start.c ****     initialize_psoc();
 199:.\Generated_Source\PSoC4/Cm0Start.c **** 
 200:.\Generated_Source\PSoC4/Cm0Start.c ****     /* Call original main */
 201:.\Generated_Source\PSoC4/Cm0Start.c ****     $Super$$main();
 202:.\Generated_Source\PSoC4/Cm0Start.c **** 
 203:.\Generated_Source\PSoC4/Cm0Start.c ****     while (1)
 204:.\Generated_Source\PSoC4/Cm0Start.c ****     {
 205:.\Generated_Source\PSoC4/Cm0Start.c ****         /* If main returns it is undefined what we should do. */
 206:.\Generated_Source\PSoC4/Cm0Start.c ****     }
 207:.\Generated_Source\PSoC4/Cm0Start.c **** }
 208:.\Generated_Source\PSoC4/Cm0Start.c **** 
 209:.\Generated_Source\PSoC4/Cm0Start.c **** #elif defined(__GNUC__)
 210:.\Generated_Source\PSoC4/Cm0Start.c **** 
 211:.\Generated_Source\PSoC4/Cm0Start.c **** /* Stack Base address */
 212:.\Generated_Source\PSoC4/Cm0Start.c **** extern void __cy_stack(void);
 213:.\Generated_Source\PSoC4/Cm0Start.c **** 
 214:.\Generated_Source\PSoC4/Cm0Start.c **** /* Application entry point. */
 215:.\Generated_Source\PSoC4/Cm0Start.c **** extern int main(void);
 216:.\Generated_Source\PSoC4/Cm0Start.c **** 
 217:.\Generated_Source\PSoC4/Cm0Start.c **** /* The static objects constructors initializer */
 218:.\Generated_Source\PSoC4/Cm0Start.c **** extern void __libc_init_array(void);
 219:.\Generated_Source\PSoC4/Cm0Start.c **** 
 220:.\Generated_Source\PSoC4/Cm0Start.c **** typedef unsigned char __cy_byte_align8 __attribute ((aligned (8)));
 221:.\Generated_Source\PSoC4/Cm0Start.c **** 
 222:.\Generated_Source\PSoC4/Cm0Start.c **** struct __cy_region
 223:.\Generated_Source\PSoC4/Cm0Start.c **** {
 224:.\Generated_Source\PSoC4/Cm0Start.c ****     __cy_byte_align8 *init; /* Initial contents of this region.  */
 225:.\Generated_Source\PSoC4/Cm0Start.c ****     __cy_byte_align8 *data; /* Start address of region.  */
 226:.\Generated_Source\PSoC4/Cm0Start.c ****     size_t init_size;       /* Size of initial data.  */
 227:.\Generated_Source\PSoC4/Cm0Start.c ****     size_t zero_size;       /* Additional size to be zeroed.  */
 228:.\Generated_Source\PSoC4/Cm0Start.c **** };
 229:.\Generated_Source\PSoC4/Cm0Start.c **** 
 230:.\Generated_Source\PSoC4/Cm0Start.c **** extern const struct __cy_region __cy_regions[];
 231:.\Generated_Source\PSoC4/Cm0Start.c **** extern const char __cy_region_num __attribute__((weak));
 232:.\Generated_Source\PSoC4/Cm0Start.c **** #define __cy_region_num ((size_t)&__cy_region_num)
ARM GAS  C:\Users\HERMIN~1\AppData\Local\Temp\cctNHhOW.s 			page 6


 233:.\Generated_Source\PSoC4/Cm0Start.c **** 
 234:.\Generated_Source\PSoC4/Cm0Start.c **** 
 235:.\Generated_Source\PSoC4/Cm0Start.c **** /*******************************************************************************
 236:.\Generated_Source\PSoC4/Cm0Start.c **** * System Calls of the Red Hat newlib C Library
 237:.\Generated_Source\PSoC4/Cm0Start.c **** *******************************************************************************/
 238:.\Generated_Source\PSoC4/Cm0Start.c **** 
 239:.\Generated_Source\PSoC4/Cm0Start.c **** 
 240:.\Generated_Source\PSoC4/Cm0Start.c **** /*******************************************************************************
 241:.\Generated_Source\PSoC4/Cm0Start.c **** * Function Name: _exit
 242:.\Generated_Source\PSoC4/Cm0Start.c **** ********************************************************************************
 243:.\Generated_Source\PSoC4/Cm0Start.c **** *
 244:.\Generated_Source\PSoC4/Cm0Start.c **** * Summary:
 245:.\Generated_Source\PSoC4/Cm0Start.c **** *  Exit a program without cleaning up files. If your system doesn't provide
 246:.\Generated_Source\PSoC4/Cm0Start.c **** *  this, it is best to avoid linking with subroutines that require it (exit,
 247:.\Generated_Source\PSoC4/Cm0Start.c **** *  system).
 248:.\Generated_Source\PSoC4/Cm0Start.c **** *
 249:.\Generated_Source\PSoC4/Cm0Start.c **** * Parameters:
 250:.\Generated_Source\PSoC4/Cm0Start.c **** *  status: Status caused program exit.
 251:.\Generated_Source\PSoC4/Cm0Start.c **** *
 252:.\Generated_Source\PSoC4/Cm0Start.c **** * Return:
 253:.\Generated_Source\PSoC4/Cm0Start.c **** *  None
 254:.\Generated_Source\PSoC4/Cm0Start.c **** *
 255:.\Generated_Source\PSoC4/Cm0Start.c **** *******************************************************************************/
 256:.\Generated_Source\PSoC4/Cm0Start.c **** __attribute__((weak))
 257:.\Generated_Source\PSoC4/Cm0Start.c **** void _exit(int status)
 258:.\Generated_Source\PSoC4/Cm0Start.c **** {
  54              		.loc 1 258 0
  55              		.cfi_startproc
  56 0000 80B5     		push	{r7, lr}
  57              		.cfi_def_cfa_offset 8
  58              		.cfi_offset 7, -8
  59              		.cfi_offset 14, -4
  60 0002 82B0     		sub	sp, sp, #8
  61              		.cfi_def_cfa_offset 16
  62 0004 00AF     		add	r7, sp, #0
  63              		.cfi_def_cfa_register 7
  64 0006 7860     		str	r0, [r7, #4]
 259:.\Generated_Source\PSoC4/Cm0Start.c ****     CyHalt((uint8) status);
  65              		.loc 1 259 0
  66 0008 7B68     		ldr	r3, [r7, #4]
  67 000a DBB2     		uxtb	r3, r3
  68 000c 181C     		mov	r0, r3
  69 000e FFF7FEFF 		bl	CyHalt
  70              	.L4:
 260:.\Generated_Source\PSoC4/Cm0Start.c **** 
 261:.\Generated_Source\PSoC4/Cm0Start.c ****     while(1)
 262:.\Generated_Source\PSoC4/Cm0Start.c ****     {
 263:.\Generated_Source\PSoC4/Cm0Start.c **** 
 264:.\Generated_Source\PSoC4/Cm0Start.c ****     }
  71              		.loc 1 264 0 discriminator 1
  72 0012 FEE7     		b	.L4
  73              		.cfi_endproc
  74              	.LFE1:
  75              		.size	_exit, .-_exit
  76              		.section	.text._sbrk,"ax",%progbits
  77              		.align	2
  78              		.weak	_sbrk
ARM GAS  C:\Users\HERMIN~1\AppData\Local\Temp\cctNHhOW.s 			page 7


  79              		.code	16
  80              		.thumb_func
  81              		.type	_sbrk, %function
  82              	_sbrk:
  83              	.LFB2:
 265:.\Generated_Source\PSoC4/Cm0Start.c **** }
 266:.\Generated_Source\PSoC4/Cm0Start.c **** 
 267:.\Generated_Source\PSoC4/Cm0Start.c **** 
 268:.\Generated_Source\PSoC4/Cm0Start.c **** /*******************************************************************************
 269:.\Generated_Source\PSoC4/Cm0Start.c **** * Function Name: _sbrk
 270:.\Generated_Source\PSoC4/Cm0Start.c **** ********************************************************************************
 271:.\Generated_Source\PSoC4/Cm0Start.c **** *
 272:.\Generated_Source\PSoC4/Cm0Start.c **** * Summary:
 273:.\Generated_Source\PSoC4/Cm0Start.c **** *  Increase program data space. As malloc and related functions depend on this,
 274:.\Generated_Source\PSoC4/Cm0Start.c **** *  it is useful to have a working implementation. The following suffices for a
 275:.\Generated_Source\PSoC4/Cm0Start.c **** *  standalone system; it exploits the symbol end automatically defined by the
 276:.\Generated_Source\PSoC4/Cm0Start.c **** *  GNU linker.
 277:.\Generated_Source\PSoC4/Cm0Start.c **** *
 278:.\Generated_Source\PSoC4/Cm0Start.c **** * Parameters:
 279:.\Generated_Source\PSoC4/Cm0Start.c **** *  nbytes: The number of bytes requested (if the parameter value is positive)
 280:.\Generated_Source\PSoC4/Cm0Start.c **** *  from the heap or returned back to the heap (if the parameter value is
 281:.\Generated_Source\PSoC4/Cm0Start.c **** *  negative).
 282:.\Generated_Source\PSoC4/Cm0Start.c **** *
 283:.\Generated_Source\PSoC4/Cm0Start.c **** * Return:
 284:.\Generated_Source\PSoC4/Cm0Start.c **** *  None
 285:.\Generated_Source\PSoC4/Cm0Start.c **** *
 286:.\Generated_Source\PSoC4/Cm0Start.c **** *******************************************************************************/
 287:.\Generated_Source\PSoC4/Cm0Start.c **** __attribute__((weak))
 288:.\Generated_Source\PSoC4/Cm0Start.c **** void * _sbrk (int nbytes)
 289:.\Generated_Source\PSoC4/Cm0Start.c **** {
  84              		.loc 1 289 0
  85              		.cfi_startproc
  86 0000 80B5     		push	{r7, lr}
  87              		.cfi_def_cfa_offset 8
  88              		.cfi_offset 7, -8
  89              		.cfi_offset 14, -4
  90 0002 84B0     		sub	sp, sp, #16
  91              		.cfi_def_cfa_offset 24
  92 0004 00AF     		add	r7, sp, #0
  93              		.cfi_def_cfa_register 7
  94 0006 7860     		str	r0, [r7, #4]
 290:.\Generated_Source\PSoC4/Cm0Start.c ****     extern int  end;            /* Symbol defined by linker map. Start of free memory (as symbol). 
 291:.\Generated_Source\PSoC4/Cm0Start.c ****     void *      returnValue;
 292:.\Generated_Source\PSoC4/Cm0Start.c **** 
 293:.\Generated_Source\PSoC4/Cm0Start.c ****     /* The statically held previous end of the heap, with its initialization. */
 294:.\Generated_Source\PSoC4/Cm0Start.c ****     static void *heapPointer = (void *) &end;                 /* Previous end */
 295:.\Generated_Source\PSoC4/Cm0Start.c **** 
 296:.\Generated_Source\PSoC4/Cm0Start.c ****     if (((heapPointer + nbytes) - (void *) &end) <= CYDEV_HEAP_SIZE)
  95              		.loc 1 296 0
  96 0008 104B     		ldr	r3, .L9
  97 000a 1A68     		ldr	r2, [r3]
  98 000c 7B68     		ldr	r3, [r7, #4]
  99 000e D318     		add	r3, r2, r3
 100 0010 1A1C     		mov	r2, r3
 101 0012 0F4B     		ldr	r3, .L9+4
 102 0014 D21A     		sub	r2, r2, r3
 103 0016 8023     		mov	r3, #128
ARM GAS  C:\Users\HERMIN~1\AppData\Local\Temp\cctNHhOW.s 			page 8


 104 0018 5B00     		lsl	r3, r3, #1
 105 001a 9A42     		cmp	r2, r3
 106 001c 09DC     		bgt	.L6
 297:.\Generated_Source\PSoC4/Cm0Start.c ****     {
 298:.\Generated_Source\PSoC4/Cm0Start.c ****         returnValue  = heapPointer;
 107              		.loc 1 298 0
 108 001e 0B4B     		ldr	r3, .L9
 109 0020 1B68     		ldr	r3, [r3]
 110 0022 FB60     		str	r3, [r7, #12]
 299:.\Generated_Source\PSoC4/Cm0Start.c ****         heapPointer += nbytes;
 111              		.loc 1 299 0
 112 0024 094B     		ldr	r3, .L9
 113 0026 1A68     		ldr	r2, [r3]
 114 0028 7B68     		ldr	r3, [r7, #4]
 115 002a D218     		add	r2, r2, r3
 116 002c 074B     		ldr	r3, .L9
 117 002e 1A60     		str	r2, [r3]
 118 0030 07E0     		b	.L7
 119              	.L6:
 300:.\Generated_Source\PSoC4/Cm0Start.c ****     }
 301:.\Generated_Source\PSoC4/Cm0Start.c ****     else
 302:.\Generated_Source\PSoC4/Cm0Start.c ****     {
 303:.\Generated_Source\PSoC4/Cm0Start.c ****         errno = ENOMEM;
 120              		.loc 1 303 0
 121 0032 FFF7FEFF 		bl	__errno
 122 0036 031C     		mov	r3, r0
 123 0038 0C22     		mov	r2, #12
 124 003a 1A60     		str	r2, [r3]
 304:.\Generated_Source\PSoC4/Cm0Start.c ****         returnValue = (void *) -1;
 125              		.loc 1 304 0
 126 003c 0123     		mov	r3, #1
 127 003e 5B42     		neg	r3, r3
 128 0040 FB60     		str	r3, [r7, #12]
 129              	.L7:
 305:.\Generated_Source\PSoC4/Cm0Start.c ****     }
 306:.\Generated_Source\PSoC4/Cm0Start.c **** 
 307:.\Generated_Source\PSoC4/Cm0Start.c ****     return (returnValue);
 130              		.loc 1 307 0
 131 0042 FB68     		ldr	r3, [r7, #12]
 308:.\Generated_Source\PSoC4/Cm0Start.c **** }
 132              		.loc 1 308 0
 133 0044 181C     		mov	r0, r3
 134 0046 BD46     		mov	sp, r7
 135 0048 04B0     		add	sp, sp, #16
 136              		@ sp needed
 137 004a 80BD     		pop	{r7, pc}
 138              	.L10:
 139              		.align	2
 140              	.L9:
 141 004c 00000000 		.word	heapPointer.4713
 142 0050 00000000 		.word	end
 143              		.cfi_endproc
 144              	.LFE2:
 145              		.size	_sbrk, .-_sbrk
 146              		.section	.text.Start_c,"ax",%progbits
 147              		.align	2
 148              		.global	Start_c
ARM GAS  C:\Users\HERMIN~1\AppData\Local\Temp\cctNHhOW.s 			page 9


 149              		.code	16
 150              		.thumb_func
 151              		.type	Start_c, %function
 152              	Start_c:
 153              	.LFB3:
 309:.\Generated_Source\PSoC4/Cm0Start.c **** 
 310:.\Generated_Source\PSoC4/Cm0Start.c **** 
 311:.\Generated_Source\PSoC4/Cm0Start.c **** /*******************************************************************************
 312:.\Generated_Source\PSoC4/Cm0Start.c **** * Function Name: Start_c
 313:.\Generated_Source\PSoC4/Cm0Start.c **** ********************************************************************************
 314:.\Generated_Source\PSoC4/Cm0Start.c **** *
 315:.\Generated_Source\PSoC4/Cm0Start.c **** * Summary:
 316:.\Generated_Source\PSoC4/Cm0Start.c **** *  This function handles initializing the .data and .bss sections in
 317:.\Generated_Source\PSoC4/Cm0Start.c **** *  preparation for running the standard c code.  Once initialization is complete
 318:.\Generated_Source\PSoC4/Cm0Start.c **** *  it will call main().  This function will never return.
 319:.\Generated_Source\PSoC4/Cm0Start.c **** *
 320:.\Generated_Source\PSoC4/Cm0Start.c **** * Parameters:
 321:.\Generated_Source\PSoC4/Cm0Start.c **** *  None
 322:.\Generated_Source\PSoC4/Cm0Start.c **** *
 323:.\Generated_Source\PSoC4/Cm0Start.c **** * Return:
 324:.\Generated_Source\PSoC4/Cm0Start.c **** *  None
 325:.\Generated_Source\PSoC4/Cm0Start.c **** *
 326:.\Generated_Source\PSoC4/Cm0Start.c **** *******************************************************************************/
 327:.\Generated_Source\PSoC4/Cm0Start.c **** void Start_c(void)  __attribute__ ((noreturn, noinline));
 328:.\Generated_Source\PSoC4/Cm0Start.c **** void Start_c(void)
 329:.\Generated_Source\PSoC4/Cm0Start.c **** {
 154              		.loc 1 329 0
 155              		.cfi_startproc
 156 0000 80B5     		push	{r7, lr}
 157              		.cfi_def_cfa_offset 8
 158              		.cfi_offset 7, -8
 159              		.cfi_offset 14, -4
 160 0002 86B0     		sub	sp, sp, #24
 161              		.cfi_def_cfa_offset 32
 162 0004 00AF     		add	r7, sp, #0
 163              		.cfi_def_cfa_register 7
 330:.\Generated_Source\PSoC4/Cm0Start.c ****     #ifdef CY_BOOT_START_C_CALLBACK
 331:.\Generated_Source\PSoC4/Cm0Start.c ****         CyBoot_Start_c_Callback();
 332:.\Generated_Source\PSoC4/Cm0Start.c ****     #else
 333:.\Generated_Source\PSoC4/Cm0Start.c ****         unsigned regions = __cy_region_num;
 164              		.loc 1 333 0
 165 0006 224B     		ldr	r3, .L19
 166 0008 7B61     		str	r3, [r7, #20]
 334:.\Generated_Source\PSoC4/Cm0Start.c ****         const struct __cy_region *rptr = __cy_regions;
 167              		.loc 1 334 0
 168 000a 224B     		ldr	r3, .L19+4
 169 000c 3B61     		str	r3, [r7, #16]
 335:.\Generated_Source\PSoC4/Cm0Start.c **** 
 336:.\Generated_Source\PSoC4/Cm0Start.c ****         /* Initialize memory */
 337:.\Generated_Source\PSoC4/Cm0Start.c ****         for (regions = __cy_region_num; regions != 0u; regions--)
 170              		.loc 1 337 0
 171 000e 204B     		ldr	r3, .L19
 172 0010 7B61     		str	r3, [r7, #20]
 173 0012 35E0     		b	.L12
 174              	.L17:
 175              	.LBB2:
 338:.\Generated_Source\PSoC4/Cm0Start.c ****         {
ARM GAS  C:\Users\HERMIN~1\AppData\Local\Temp\cctNHhOW.s 			page 10


 339:.\Generated_Source\PSoC4/Cm0Start.c ****             uint32 *src = (uint32 *)rptr->init;
 176              		.loc 1 339 0
 177 0014 3B69     		ldr	r3, [r7, #16]
 178 0016 1B68     		ldr	r3, [r3]
 179 0018 FB60     		str	r3, [r7, #12]
 340:.\Generated_Source\PSoC4/Cm0Start.c ****             uint32 *dst = (uint32 *)rptr->data;
 180              		.loc 1 340 0
 181 001a 3B69     		ldr	r3, [r7, #16]
 182 001c 5B68     		ldr	r3, [r3, #4]
 183 001e BB60     		str	r3, [r7, #8]
 341:.\Generated_Source\PSoC4/Cm0Start.c ****             unsigned limit = rptr->init_size;
 184              		.loc 1 341 0
 185 0020 3B69     		ldr	r3, [r7, #16]
 186 0022 9B68     		ldr	r3, [r3, #8]
 187 0024 3B60     		str	r3, [r7]
 342:.\Generated_Source\PSoC4/Cm0Start.c ****             unsigned count;
 343:.\Generated_Source\PSoC4/Cm0Start.c **** 
 344:.\Generated_Source\PSoC4/Cm0Start.c ****             for (count = 0u; count != limit; count += sizeof (uint32))
 188              		.loc 1 344 0
 189 0026 0023     		mov	r3, #0
 190 0028 7B60     		str	r3, [r7, #4]
 191 002a 0CE0     		b	.L13
 192              	.L14:
 345:.\Generated_Source\PSoC4/Cm0Start.c ****             {
 346:.\Generated_Source\PSoC4/Cm0Start.c ****                 *dst = *src;
 193              		.loc 1 346 0 discriminator 3
 194 002c FB68     		ldr	r3, [r7, #12]
 195 002e 1A68     		ldr	r2, [r3]
 196 0030 BB68     		ldr	r3, [r7, #8]
 197 0032 1A60     		str	r2, [r3]
 347:.\Generated_Source\PSoC4/Cm0Start.c ****                 dst++;
 198              		.loc 1 347 0 discriminator 3
 199 0034 BB68     		ldr	r3, [r7, #8]
 200 0036 0433     		add	r3, r3, #4
 201 0038 BB60     		str	r3, [r7, #8]
 348:.\Generated_Source\PSoC4/Cm0Start.c ****                 src++;
 202              		.loc 1 348 0 discriminator 3
 203 003a FB68     		ldr	r3, [r7, #12]
 204 003c 0433     		add	r3, r3, #4
 205 003e FB60     		str	r3, [r7, #12]
 344:.\Generated_Source\PSoC4/Cm0Start.c ****             {
 206              		.loc 1 344 0 discriminator 3
 207 0040 7B68     		ldr	r3, [r7, #4]
 208 0042 0433     		add	r3, r3, #4
 209 0044 7B60     		str	r3, [r7, #4]
 210              	.L13:
 344:.\Generated_Source\PSoC4/Cm0Start.c ****             {
 211              		.loc 1 344 0 is_stmt 0 discriminator 1
 212 0046 7A68     		ldr	r2, [r7, #4]
 213 0048 3B68     		ldr	r3, [r7]
 214 004a 9A42     		cmp	r2, r3
 215 004c EED1     		bne	.L14
 349:.\Generated_Source\PSoC4/Cm0Start.c ****             }
 350:.\Generated_Source\PSoC4/Cm0Start.c ****             limit = rptr->zero_size;
 216              		.loc 1 350 0 is_stmt 1
 217 004e 3B69     		ldr	r3, [r7, #16]
 218 0050 DB68     		ldr	r3, [r3, #12]
ARM GAS  C:\Users\HERMIN~1\AppData\Local\Temp\cctNHhOW.s 			page 11


 219 0052 3B60     		str	r3, [r7]
 351:.\Generated_Source\PSoC4/Cm0Start.c ****             for (count = 0u; count != limit; count += sizeof (uint32))
 220              		.loc 1 351 0
 221 0054 0023     		mov	r3, #0
 222 0056 7B60     		str	r3, [r7, #4]
 223 0058 08E0     		b	.L15
 224              	.L16:
 352:.\Generated_Source\PSoC4/Cm0Start.c ****             {
 353:.\Generated_Source\PSoC4/Cm0Start.c ****                 *dst = 0u;
 225              		.loc 1 353 0 discriminator 3
 226 005a BB68     		ldr	r3, [r7, #8]
 227 005c 0022     		mov	r2, #0
 228 005e 1A60     		str	r2, [r3]
 354:.\Generated_Source\PSoC4/Cm0Start.c ****                 dst++;
 229              		.loc 1 354 0 discriminator 3
 230 0060 BB68     		ldr	r3, [r7, #8]
 231 0062 0433     		add	r3, r3, #4
 232 0064 BB60     		str	r3, [r7, #8]
 351:.\Generated_Source\PSoC4/Cm0Start.c ****             for (count = 0u; count != limit; count += sizeof (uint32))
 233              		.loc 1 351 0 discriminator 3
 234 0066 7B68     		ldr	r3, [r7, #4]
 235 0068 0433     		add	r3, r3, #4
 236 006a 7B60     		str	r3, [r7, #4]
 237              	.L15:
 351:.\Generated_Source\PSoC4/Cm0Start.c ****             for (count = 0u; count != limit; count += sizeof (uint32))
 238              		.loc 1 351 0 is_stmt 0 discriminator 1
 239 006c 7A68     		ldr	r2, [r7, #4]
 240 006e 3B68     		ldr	r3, [r7]
 241 0070 9A42     		cmp	r2, r3
 242 0072 F2D1     		bne	.L16
 355:.\Generated_Source\PSoC4/Cm0Start.c ****             }
 356:.\Generated_Source\PSoC4/Cm0Start.c **** 
 357:.\Generated_Source\PSoC4/Cm0Start.c ****             rptr++;
 243              		.loc 1 357 0 is_stmt 1 discriminator 2
 244 0074 3B69     		ldr	r3, [r7, #16]
 245 0076 1033     		add	r3, r3, #16
 246 0078 3B61     		str	r3, [r7, #16]
 247              	.LBE2:
 337:.\Generated_Source\PSoC4/Cm0Start.c ****         {
 248              		.loc 1 337 0 discriminator 2
 249 007a 7B69     		ldr	r3, [r7, #20]
 250 007c 013B     		sub	r3, r3, #1
 251 007e 7B61     		str	r3, [r7, #20]
 252              	.L12:
 337:.\Generated_Source\PSoC4/Cm0Start.c ****         {
 253              		.loc 1 337 0 is_stmt 0 discriminator 1
 254 0080 7B69     		ldr	r3, [r7, #20]
 255 0082 002B     		cmp	r3, #0
 256 0084 C6D1     		bne	.L17
 358:.\Generated_Source\PSoC4/Cm0Start.c ****         }
 359:.\Generated_Source\PSoC4/Cm0Start.c **** 
 360:.\Generated_Source\PSoC4/Cm0Start.c ****         /* Invoke static objects constructors */
 361:.\Generated_Source\PSoC4/Cm0Start.c ****         __libc_init_array();
 257              		.loc 1 361 0 is_stmt 1
 258 0086 FFF7FEFF 		bl	__libc_init_array
 362:.\Generated_Source\PSoC4/Cm0Start.c ****         (void) main();
 259              		.loc 1 362 0
ARM GAS  C:\Users\HERMIN~1\AppData\Local\Temp\cctNHhOW.s 			page 12


 260 008a FFF7FEFF 		bl	main
 261              	.L18:
 363:.\Generated_Source\PSoC4/Cm0Start.c **** 
 364:.\Generated_Source\PSoC4/Cm0Start.c ****         while (1)
 365:.\Generated_Source\PSoC4/Cm0Start.c ****         {
 366:.\Generated_Source\PSoC4/Cm0Start.c ****             /* If main returns, make sure we don't return. */
 367:.\Generated_Source\PSoC4/Cm0Start.c ****         }
 262              		.loc 1 367 0 discriminator 1
 263 008e FEE7     		b	.L18
 264              	.L20:
 265              		.align	2
 266              	.L19:
 267 0090 00000000 		.word	__cy_region_num
 268 0094 00000000 		.word	__cy_regions
 269              		.cfi_endproc
 270              	.LFE3:
 271              		.size	Start_c, .-Start_c
 272              		.section	.text.Reset,"ax",%progbits
 273              		.align	2
 274              		.global	Reset
 275              		.code	16
 276              		.thumb_func
 277              		.type	Reset, %function
 278              	Reset:
 279              	.LFB4:
 368:.\Generated_Source\PSoC4/Cm0Start.c **** 
 369:.\Generated_Source\PSoC4/Cm0Start.c ****     #endif /* CY_BOOT_START_C_CALLBACK */
 370:.\Generated_Source\PSoC4/Cm0Start.c **** }
 371:.\Generated_Source\PSoC4/Cm0Start.c **** 
 372:.\Generated_Source\PSoC4/Cm0Start.c **** 
 373:.\Generated_Source\PSoC4/Cm0Start.c **** /*******************************************************************************
 374:.\Generated_Source\PSoC4/Cm0Start.c **** * Function Name: Reset
 375:.\Generated_Source\PSoC4/Cm0Start.c **** ********************************************************************************
 376:.\Generated_Source\PSoC4/Cm0Start.c **** *
 377:.\Generated_Source\PSoC4/Cm0Start.c **** * Summary:
 378:.\Generated_Source\PSoC4/Cm0Start.c **** *  This function handles the reset interrupt for the GCC toolchain.  This is
 379:.\Generated_Source\PSoC4/Cm0Start.c **** *  the first bit of code that is executed at startup.
 380:.\Generated_Source\PSoC4/Cm0Start.c **** *
 381:.\Generated_Source\PSoC4/Cm0Start.c **** * Parameters:
 382:.\Generated_Source\PSoC4/Cm0Start.c **** *  None
 383:.\Generated_Source\PSoC4/Cm0Start.c **** *
 384:.\Generated_Source\PSoC4/Cm0Start.c **** * Return:
 385:.\Generated_Source\PSoC4/Cm0Start.c **** *  None
 386:.\Generated_Source\PSoC4/Cm0Start.c **** *
 387:.\Generated_Source\PSoC4/Cm0Start.c **** *******************************************************************************/
 388:.\Generated_Source\PSoC4/Cm0Start.c **** void Reset(void)
 389:.\Generated_Source\PSoC4/Cm0Start.c **** {
 280              		.loc 1 389 0
 281              		.cfi_startproc
 282 0000 80B5     		push	{r7, lr}
 283              		.cfi_def_cfa_offset 8
 284              		.cfi_offset 7, -8
 285              		.cfi_offset 14, -4
 286 0002 00AF     		add	r7, sp, #0
 287              		.cfi_def_cfa_register 7
 390:.\Generated_Source\PSoC4/Cm0Start.c ****     #if (CYDEV_PROJ_TYPE == CYDEV_PROJ_TYPE_LOADABLE || CYDEV_PROJ_TYPE == CYDEV_PROJ_TYPE_LOADABLE
 391:.\Generated_Source\PSoC4/Cm0Start.c **** 
ARM GAS  C:\Users\HERMIN~1\AppData\Local\Temp\cctNHhOW.s 			page 13


 392:.\Generated_Source\PSoC4/Cm0Start.c ****         /* The bootloadable application image is started at Reset() handler
 393:.\Generated_Source\PSoC4/Cm0Start.c ****         * as a result of a branch instruction execution from the bootloader.
 394:.\Generated_Source\PSoC4/Cm0Start.c ****         * So, the stack pointer needs to be reset to be sure that
 395:.\Generated_Source\PSoC4/Cm0Start.c ****         * there is no garbage in the stack.
 396:.\Generated_Source\PSoC4/Cm0Start.c ****         */
 397:.\Generated_Source\PSoC4/Cm0Start.c ****         __asm volatile ("MSR msp, %0\n" : : "r" ((uint32)&__cy_stack) : "sp");
 398:.\Generated_Source\PSoC4/Cm0Start.c ****     #endif /* CYDEV_PROJ_TYPE_LOADABLE */
 399:.\Generated_Source\PSoC4/Cm0Start.c **** 
 400:.\Generated_Source\PSoC4/Cm0Start.c ****     #if(CY_IP_SRSSLT)
 401:.\Generated_Source\PSoC4/Cm0Start.c ****         CySysWdtDisable();
 402:.\Generated_Source\PSoC4/Cm0Start.c ****     #endif  /* (CY_IP_SRSSLT) */
 403:.\Generated_Source\PSoC4/Cm0Start.c **** 
 404:.\Generated_Source\PSoC4/Cm0Start.c ****     #if ((CYDEV_BOOTLOADER_ENABLE) && (CYDEV_PROJ_TYPE != CYDEV_PROJ_TYPE_LOADABLEANDBOOTLOADER))
 405:.\Generated_Source\PSoC4/Cm0Start.c ****         CyBtldr_CheckLaunch();
 406:.\Generated_Source\PSoC4/Cm0Start.c ****     #endif /* ((CYDEV_BOOTLOADER_ENABLE) && (CYDEV_PROJ_TYPE != CYDEV_PROJ_TYPE_LOADABLEANDBOOTLOAD
 407:.\Generated_Source\PSoC4/Cm0Start.c ****     Start_c();
 288              		.loc 1 407 0
 289 0004 FFF7FEFF 		bl	Start_c
 290              		.cfi_endproc
 291              	.LFE4:
 292              		.size	Reset, .-Reset
 293              		.global	CyRamVectors
 294              		.section	.ramvectors,"aw",%progbits
 295              		.align	2
 296              		.type	CyRamVectors, %object
 297              		.size	CyRamVectors, 192
 298              	CyRamVectors:
 299 0000 00000000 		.space	192
 299      00000000 
 299      00000000 
 299      00000000 
 299      00000000 
 300              		.global	RomVectors
 301              		.section	.romvectors,"a",%progbits
 302              		.align	2
 303              		.type	RomVectors, %object
 304              		.size	RomVectors, 16
 305              	RomVectors:
 306 0000 00000000 		.word	__cy_stack
 307 0004 00000000 		.word	Reset
 308 0008 00000000 		.word	IntDefaultHandler
 309 000c 00000000 		.word	IntDefaultHandler
 310              		.section	.text.initialize_psoc,"ax",%progbits
 311              		.align	2
 312              		.global	initialize_psoc
 313              		.code	16
 314              		.thumb_func
 315              		.type	initialize_psoc, %function
 316              	initialize_psoc:
 317              	.LFB5:
 408:.\Generated_Source\PSoC4/Cm0Start.c **** }
 409:.\Generated_Source\PSoC4/Cm0Start.c **** 
 410:.\Generated_Source\PSoC4/Cm0Start.c **** #elif defined (__ICCARM__)
 411:.\Generated_Source\PSoC4/Cm0Start.c **** 
 412:.\Generated_Source\PSoC4/Cm0Start.c **** 
 413:.\Generated_Source\PSoC4/Cm0Start.c **** /*******************************************************************************
 414:.\Generated_Source\PSoC4/Cm0Start.c **** * Function Name: __low_level_init
ARM GAS  C:\Users\HERMIN~1\AppData\Local\Temp\cctNHhOW.s 			page 14


 415:.\Generated_Source\PSoC4/Cm0Start.c **** ********************************************************************************
 416:.\Generated_Source\PSoC4/Cm0Start.c **** *
 417:.\Generated_Source\PSoC4/Cm0Start.c **** * Summary:
 418:.\Generated_Source\PSoC4/Cm0Start.c **** *  This function performs early initializations for the IAR Embedded
 419:.\Generated_Source\PSoC4/Cm0Start.c **** *  Workbench IDE. It is executed in the context of reset interrupt handler
 420:.\Generated_Source\PSoC4/Cm0Start.c **** *  before the data sections are initialized.
 421:.\Generated_Source\PSoC4/Cm0Start.c **** *
 422:.\Generated_Source\PSoC4/Cm0Start.c **** * Parameters:
 423:.\Generated_Source\PSoC4/Cm0Start.c **** *  None
 424:.\Generated_Source\PSoC4/Cm0Start.c **** *
 425:.\Generated_Source\PSoC4/Cm0Start.c **** * Return:
 426:.\Generated_Source\PSoC4/Cm0Start.c **** *  The value that determines whether or not data sections should be initialized
 427:.\Generated_Source\PSoC4/Cm0Start.c **** *  by the system startup code:
 428:.\Generated_Source\PSoC4/Cm0Start.c **** *    0 - skip data sections initialization;
 429:.\Generated_Source\PSoC4/Cm0Start.c **** *    1 - initialize data sections;
 430:.\Generated_Source\PSoC4/Cm0Start.c **** *
 431:.\Generated_Source\PSoC4/Cm0Start.c **** *******************************************************************************/
 432:.\Generated_Source\PSoC4/Cm0Start.c **** #pragma inline = never
 433:.\Generated_Source\PSoC4/Cm0Start.c **** int __low_level_init(void)
 434:.\Generated_Source\PSoC4/Cm0Start.c **** {
 435:.\Generated_Source\PSoC4/Cm0Start.c ****     #if(CY_IP_SRSSLT)
 436:.\Generated_Source\PSoC4/Cm0Start.c ****         CySysWdtDisable();
 437:.\Generated_Source\PSoC4/Cm0Start.c ****     #endif  /* (CY_IP_SRSSLT) */
 438:.\Generated_Source\PSoC4/Cm0Start.c **** 
 439:.\Generated_Source\PSoC4/Cm0Start.c **** #if ((CYDEV_BOOTLOADER_ENABLE) && (CYDEV_PROJ_TYPE != CYDEV_PROJ_TYPE_LOADABLEANDBOOTLOADER))
 440:.\Generated_Source\PSoC4/Cm0Start.c ****     CyBtldr_CheckLaunch();
 441:.\Generated_Source\PSoC4/Cm0Start.c **** #endif /* ((CYDEV_BOOTLOADER_ENABLE) && (CYDEV_PROJ_TYPE != CYDEV_PROJ_TYPE_LOADABLEANDBOOTLOADER))
 442:.\Generated_Source\PSoC4/Cm0Start.c **** 
 443:.\Generated_Source\PSoC4/Cm0Start.c ****     /* Initialize data sections */
 444:.\Generated_Source\PSoC4/Cm0Start.c ****     __iar_data_init3();
 445:.\Generated_Source\PSoC4/Cm0Start.c **** 
 446:.\Generated_Source\PSoC4/Cm0Start.c ****     initialize_psoc();
 447:.\Generated_Source\PSoC4/Cm0Start.c **** 
 448:.\Generated_Source\PSoC4/Cm0Start.c ****     return 0;
 449:.\Generated_Source\PSoC4/Cm0Start.c **** }
 450:.\Generated_Source\PSoC4/Cm0Start.c **** 
 451:.\Generated_Source\PSoC4/Cm0Start.c **** #endif /* __GNUC__ */
 452:.\Generated_Source\PSoC4/Cm0Start.c **** 
 453:.\Generated_Source\PSoC4/Cm0Start.c **** 
 454:.\Generated_Source\PSoC4/Cm0Start.c **** /*******************************************************************************
 455:.\Generated_Source\PSoC4/Cm0Start.c **** * Ram Interrupt Vector table storage area. Must be placed at 0x20000000.
 456:.\Generated_Source\PSoC4/Cm0Start.c **** *******************************************************************************/
 457:.\Generated_Source\PSoC4/Cm0Start.c **** 
 458:.\Generated_Source\PSoC4/Cm0Start.c **** #if defined (__ICCARM__)
 459:.\Generated_Source\PSoC4/Cm0Start.c ****     #pragma location=".ramvectors"
 460:.\Generated_Source\PSoC4/Cm0Start.c **** #else
 461:.\Generated_Source\PSoC4/Cm0Start.c ****     #ifndef CY_SYS_RAM_VECTOR_SECTION
 462:.\Generated_Source\PSoC4/Cm0Start.c ****         #define CY_SYS_RAM_VECTOR_SECTION CY_SECTION(".ramvectors")
 463:.\Generated_Source\PSoC4/Cm0Start.c ****     #endif /* CY_SYS_RAM_VECTOR_SECTION */
 464:.\Generated_Source\PSoC4/Cm0Start.c ****     CY_SYS_RAM_VECTOR_SECTION
 465:.\Generated_Source\PSoC4/Cm0Start.c **** #endif  /* defined (__ICCARM__) */
 466:.\Generated_Source\PSoC4/Cm0Start.c **** cyisraddress CyRamVectors[CY_NUM_VECTORS];
 467:.\Generated_Source\PSoC4/Cm0Start.c **** 
 468:.\Generated_Source\PSoC4/Cm0Start.c **** 
 469:.\Generated_Source\PSoC4/Cm0Start.c **** /*******************************************************************************
 470:.\Generated_Source\PSoC4/Cm0Start.c **** * Rom Interrupt Vector table storage area. Must be 256-byte aligned.
 471:.\Generated_Source\PSoC4/Cm0Start.c **** *******************************************************************************/
ARM GAS  C:\Users\HERMIN~1\AppData\Local\Temp\cctNHhOW.s 			page 15


 472:.\Generated_Source\PSoC4/Cm0Start.c **** 
 473:.\Generated_Source\PSoC4/Cm0Start.c **** #if defined(__ARMCC_VERSION)
 474:.\Generated_Source\PSoC4/Cm0Start.c ****     /* Suppress diagnostic message 1296-D: extended constant initialiser used */
 475:.\Generated_Source\PSoC4/Cm0Start.c ****     #pragma diag_suppress 1296
 476:.\Generated_Source\PSoC4/Cm0Start.c **** #endif  /* defined(__ARMCC_VERSION) */
 477:.\Generated_Source\PSoC4/Cm0Start.c **** 
 478:.\Generated_Source\PSoC4/Cm0Start.c **** #if defined (__ICCARM__)
 479:.\Generated_Source\PSoC4/Cm0Start.c ****     #pragma location=".romvectors"
 480:.\Generated_Source\PSoC4/Cm0Start.c ****     const intvec_elem __vector_table[CY_NUM_ROM_VECTORS] =
 481:.\Generated_Source\PSoC4/Cm0Start.c **** #else
 482:.\Generated_Source\PSoC4/Cm0Start.c ****     #ifndef CY_SYS_ROM_VECTOR_SECTION
 483:.\Generated_Source\PSoC4/Cm0Start.c ****         #define CY_SYS_ROM_VECTOR_SECTION CY_SECTION(".romvectors")
 484:.\Generated_Source\PSoC4/Cm0Start.c ****     #endif /* CY_SYS_ROM_VECTOR_SECTION */
 485:.\Generated_Source\PSoC4/Cm0Start.c ****     CY_SYS_ROM_VECTOR_SECTION
 486:.\Generated_Source\PSoC4/Cm0Start.c ****     const cyisraddress RomVectors[CY_NUM_ROM_VECTORS] =
 487:.\Generated_Source\PSoC4/Cm0Start.c **** #endif  /* defined (__ICCARM__) */
 488:.\Generated_Source\PSoC4/Cm0Start.c **** {
 489:.\Generated_Source\PSoC4/Cm0Start.c ****     CY_SYS_INITIAL_STACK_POINTER,   /* The initial stack pointer  0 */
 490:.\Generated_Source\PSoC4/Cm0Start.c ****     #if defined (__ICCARM__) /* The reset handler          1 */
 491:.\Generated_Source\PSoC4/Cm0Start.c ****         __iar_program_start,
 492:.\Generated_Source\PSoC4/Cm0Start.c ****     #else
 493:.\Generated_Source\PSoC4/Cm0Start.c ****         (cyisraddress)&Reset,
 494:.\Generated_Source\PSoC4/Cm0Start.c ****     #endif  /* defined (__ICCARM__) */
 495:.\Generated_Source\PSoC4/Cm0Start.c ****     &IntDefaultHandler,      /* The NMI handler            2 */
 496:.\Generated_Source\PSoC4/Cm0Start.c ****     &IntDefaultHandler,      /* The hard fault handler     3 */
 497:.\Generated_Source\PSoC4/Cm0Start.c **** };
 498:.\Generated_Source\PSoC4/Cm0Start.c **** 
 499:.\Generated_Source\PSoC4/Cm0Start.c **** #if defined(__ARMCC_VERSION)
 500:.\Generated_Source\PSoC4/Cm0Start.c ****     #pragma diag_default 1296
 501:.\Generated_Source\PSoC4/Cm0Start.c **** #endif  /* defined(__ARMCC_VERSION) */
 502:.\Generated_Source\PSoC4/Cm0Start.c **** 
 503:.\Generated_Source\PSoC4/Cm0Start.c **** 
 504:.\Generated_Source\PSoC4/Cm0Start.c **** /*******************************************************************************
 505:.\Generated_Source\PSoC4/Cm0Start.c **** * Function Name: initialize_psoc
 506:.\Generated_Source\PSoC4/Cm0Start.c **** ********************************************************************************
 507:.\Generated_Source\PSoC4/Cm0Start.c **** *
 508:.\Generated_Source\PSoC4/Cm0Start.c **** * Summary:
 509:.\Generated_Source\PSoC4/Cm0Start.c **** *  This function is used to initialize the PSoC chip before calling main.
 510:.\Generated_Source\PSoC4/Cm0Start.c **** *
 511:.\Generated_Source\PSoC4/Cm0Start.c **** * Parameters:
 512:.\Generated_Source\PSoC4/Cm0Start.c **** *  None
 513:.\Generated_Source\PSoC4/Cm0Start.c **** *
 514:.\Generated_Source\PSoC4/Cm0Start.c **** * Return:
 515:.\Generated_Source\PSoC4/Cm0Start.c **** *  None
 516:.\Generated_Source\PSoC4/Cm0Start.c **** *
 517:.\Generated_Source\PSoC4/Cm0Start.c **** *******************************************************************************/
 518:.\Generated_Source\PSoC4/Cm0Start.c **** #if(defined(__GNUC__) && !defined(__ARMCC_VERSION))
 519:.\Generated_Source\PSoC4/Cm0Start.c **** __attribute__ ((constructor(101)))
 520:.\Generated_Source\PSoC4/Cm0Start.c **** #endif  /* (defined(__GNUC__) && !defined(__ARMCC_VERSION)) */
 521:.\Generated_Source\PSoC4/Cm0Start.c **** void initialize_psoc(void)
 522:.\Generated_Source\PSoC4/Cm0Start.c **** {
 318              		.loc 1 522 0
 319              		.cfi_startproc
 320 0000 80B5     		push	{r7, lr}
 321              		.cfi_def_cfa_offset 8
 322              		.cfi_offset 7, -8
 323              		.cfi_offset 14, -4
ARM GAS  C:\Users\HERMIN~1\AppData\Local\Temp\cctNHhOW.s 			page 16


 324 0002 82B0     		sub	sp, sp, #8
 325              		.cfi_def_cfa_offset 16
 326 0004 00AF     		add	r7, sp, #0
 327              		.cfi_def_cfa_register 7
 523:.\Generated_Source\PSoC4/Cm0Start.c ****     uint32 indexInit;
 524:.\Generated_Source\PSoC4/Cm0Start.c **** 
 525:.\Generated_Source\PSoC4/Cm0Start.c ****     #if(CY_IP_CPUSSV2)
 526:.\Generated_Source\PSoC4/Cm0Start.c ****         /***********************************************************************
 527:.\Generated_Source\PSoC4/Cm0Start.c ****         * Make sure that Vector Table is located at 0000_0000 in Flash, before
 528:.\Generated_Source\PSoC4/Cm0Start.c ****         * accessing RomVectors or calling functions that may be placed in
 529:.\Generated_Source\PSoC4/Cm0Start.c ****         * .psocinit (cyfitter_cfg and ClockSetup). Note The CY_CPUSS_CONFIG_REG
 530:.\Generated_Source\PSoC4/Cm0Start.c ****         * register is retention for the specified device family.
 531:.\Generated_Source\PSoC4/Cm0Start.c ****         ***********************************************************************/
 532:.\Generated_Source\PSoC4/Cm0Start.c ****         CY_CPUSS_CONFIG_REG &= (uint32) ~CY_CPUSS_CONFIG_VECT_IN_RAM;
 533:.\Generated_Source\PSoC4/Cm0Start.c ****     #endif  /* (CY_IP_CPUSSV2) */
 534:.\Generated_Source\PSoC4/Cm0Start.c **** 
 535:.\Generated_Source\PSoC4/Cm0Start.c ****     /* Set Ram interrupt vectors to default functions. */
 536:.\Generated_Source\PSoC4/Cm0Start.c ****     for (indexInit = 0u; indexInit < CY_NUM_VECTORS; indexInit++)
 328              		.loc 1 536 0
 329 0006 0023     		mov	r3, #0
 330 0008 7B60     		str	r3, [r7, #4]
 331 000a 0FE0     		b	.L23
 332              	.L26:
 537:.\Generated_Source\PSoC4/Cm0Start.c ****     {
 538:.\Generated_Source\PSoC4/Cm0Start.c ****         CyRamVectors[indexInit] = (indexInit < CY_NUM_ROM_VECTORS) ?
 539:.\Generated_Source\PSoC4/Cm0Start.c ****             #if defined (__ICCARM__)
 540:.\Generated_Source\PSoC4/Cm0Start.c ****                 __vector_table[indexInit].__fun : &IntDefaultHandler;
 541:.\Generated_Source\PSoC4/Cm0Start.c ****             #else
 542:.\Generated_Source\PSoC4/Cm0Start.c ****                 RomVectors[indexInit] : &IntDefaultHandler;
 333              		.loc 1 542 0
 334 000c 7B68     		ldr	r3, [r7, #4]
 335 000e 032B     		cmp	r3, #3
 336 0010 04D8     		bhi	.L24
 337              		.loc 1 542 0 is_stmt 0 discriminator 1
 338 0012 104B     		ldr	r3, .L27
 339 0014 7A68     		ldr	r2, [r7, #4]
 340 0016 9200     		lsl	r2, r2, #2
 341 0018 D358     		ldr	r3, [r2, r3]
 342 001a 00E0     		b	.L25
 343              	.L24:
 344              		.loc 1 542 0 discriminator 2
 345 001c 0E4B     		ldr	r3, .L27+4
 346              	.L25:
 538:.\Generated_Source\PSoC4/Cm0Start.c ****             #if defined (__ICCARM__)
 347              		.loc 1 538 0 is_stmt 1 discriminator 2
 348 001e 0F4A     		ldr	r2, .L27+8
 349 0020 7968     		ldr	r1, [r7, #4]
 350 0022 8900     		lsl	r1, r1, #2
 351 0024 8B50     		str	r3, [r1, r2]
 536:.\Generated_Source\PSoC4/Cm0Start.c ****     {
 352              		.loc 1 536 0 discriminator 2
 353 0026 7B68     		ldr	r3, [r7, #4]
 354 0028 0133     		add	r3, r3, #1
 355 002a 7B60     		str	r3, [r7, #4]
 356              	.L23:
 536:.\Generated_Source\PSoC4/Cm0Start.c ****     {
 357              		.loc 1 536 0 is_stmt 0 discriminator 1
ARM GAS  C:\Users\HERMIN~1\AppData\Local\Temp\cctNHhOW.s 			page 17


 358 002c 7B68     		ldr	r3, [r7, #4]
 359 002e 2F2B     		cmp	r3, #47
 360 0030 ECD9     		bls	.L26
 543:.\Generated_Source\PSoC4/Cm0Start.c ****             #endif  /* defined (__ICCARM__) */
 544:.\Generated_Source\PSoC4/Cm0Start.c ****     }
 545:.\Generated_Source\PSoC4/Cm0Start.c **** 
 546:.\Generated_Source\PSoC4/Cm0Start.c ****     /* Initialize configuration registers. */
 547:.\Generated_Source\PSoC4/Cm0Start.c ****     cyfitter_cfg();
 361              		.loc 1 547 0 is_stmt 1
 362 0032 FFF7FEFF 		bl	cyfitter_cfg
 548:.\Generated_Source\PSoC4/Cm0Start.c **** 
 549:.\Generated_Source\PSoC4/Cm0Start.c ****     #if !defined (__ICCARM__)
 550:.\Generated_Source\PSoC4/Cm0Start.c ****         /* Actually, no need to clean this variable, just to make compiler happy. */
 551:.\Generated_Source\PSoC4/Cm0Start.c ****         cySysNoInitDataValid = 0u;
 363              		.loc 1 551 0
 364 0036 0A4B     		ldr	r3, .L27+12
 365 0038 0022     		mov	r2, #0
 366 003a 1A60     		str	r2, [r3]
 552:.\Generated_Source\PSoC4/Cm0Start.c ****     #endif  /* !defined (__ICCARM__) */
 553:.\Generated_Source\PSoC4/Cm0Start.c **** 
 554:.\Generated_Source\PSoC4/Cm0Start.c ****     #if (CYDEV_PROJ_TYPE != CYDEV_PROJ_TYPE_STANDARD)
 555:.\Generated_Source\PSoC4/Cm0Start.c **** 
 556:.\Generated_Source\PSoC4/Cm0Start.c ****         /* Need to make sure that this variable will not be optimized out */
 557:.\Generated_Source\PSoC4/Cm0Start.c ****         if (0u == cyBtldrRunType)
 558:.\Generated_Source\PSoC4/Cm0Start.c ****         {
 559:.\Generated_Source\PSoC4/Cm0Start.c ****             cyBtldrRunType = 0u;
 560:.\Generated_Source\PSoC4/Cm0Start.c ****         }
 561:.\Generated_Source\PSoC4/Cm0Start.c **** 
 562:.\Generated_Source\PSoC4/Cm0Start.c ****     #endif  /* (CYDEV_PROJ_TYPE != CYDEV_PROJ_TYPE_STANDARD) */
 563:.\Generated_Source\PSoC4/Cm0Start.c **** 
 564:.\Generated_Source\PSoC4/Cm0Start.c ****     /* Vector Table is located at 0x2000:0000 in SRAM */
 565:.\Generated_Source\PSoC4/Cm0Start.c ****     CY_CPUSS_CONFIG_REG |= CY_CPUSS_CONFIG_VECT_IN_RAM;
 367              		.loc 1 565 0
 368 003c 8023     		mov	r3, #128
 369 003e DB05     		lsl	r3, r3, #23
 370 0040 8022     		mov	r2, #128
 371 0042 D205     		lsl	r2, r2, #23
 372 0044 1268     		ldr	r2, [r2]
 373 0046 0121     		mov	r1, #1
 374 0048 0A43     		orr	r2, r1
 375 004a 1A60     		str	r2, [r3]
 566:.\Generated_Source\PSoC4/Cm0Start.c **** }
 376              		.loc 1 566 0
 377 004c BD46     		mov	sp, r7
 378 004e 02B0     		add	sp, sp, #8
 379              		@ sp needed
 380 0050 80BD     		pop	{r7, pc}
 381              	.L28:
 382 0052 C046     		.align	2
 383              	.L27:
 384 0054 00000000 		.word	RomVectors
 385 0058 00000000 		.word	IntDefaultHandler
 386 005c 00000000 		.word	CyRamVectors
 387 0060 00000000 		.word	cySysNoInitDataValid
 388              		.cfi_endproc
 389              	.LFE5:
 390              		.size	initialize_psoc, .-initialize_psoc
ARM GAS  C:\Users\HERMIN~1\AppData\Local\Temp\cctNHhOW.s 			page 18


 391              		.section	.init_array,"aw",%init_array
 392              		.align	2
 393 0000 00000000 		.word	initialize_psoc(target1)
 394              		.data
 395              		.align	2
 396              		.type	heapPointer.4713, %object
 397              		.size	heapPointer.4713, 4
 398              	heapPointer.4713:
 399 0000 00000000 		.word	end
 400              		.weak	__cy_region_num
 401              		.text
 402              	.Letext0:
 403              		.file 2 ".\\Generated_Source\\PSoC4\\cytypes.h"
 404              		.file 3 "c:\\program files (x86)\\cypress\\psoc creator\\3.3\\psoc creator\\import\\gnu\\arm\\4.9.
 405              		.section	.debug_info,"",%progbits
 406              	.Ldebug_info0:
 407 0000 FE020000 		.4byte	0x2fe
 408 0004 0400     		.2byte	0x4
 409 0006 00000000 		.4byte	.Ldebug_abbrev0
 410 000a 04       		.byte	0x4
 411 000b 01       		.uleb128 0x1
 412 000c 06000000 		.4byte	.LASF42
 413 0010 01       		.byte	0x1
 414 0011 17020000 		.4byte	.LASF43
 415 0015 4E020000 		.4byte	.LASF44
 416 0019 00000000 		.4byte	.Ldebug_ranges0+0
 417 001d 00000000 		.4byte	0
 418 0021 00000000 		.4byte	.Ldebug_line0
 419 0025 02       		.uleb128 0x2
 420 0026 01       		.byte	0x1
 421 0027 06       		.byte	0x6
 422 0028 80020000 		.4byte	.LASF0
 423 002c 02       		.uleb128 0x2
 424 002d 01       		.byte	0x1
 425 002e 08       		.byte	0x8
 426 002f 0B010000 		.4byte	.LASF1
 427 0033 02       		.uleb128 0x2
 428 0034 02       		.byte	0x2
 429 0035 05       		.byte	0x5
 430 0036 3B020000 		.4byte	.LASF2
 431 003a 02       		.uleb128 0x2
 432 003b 02       		.byte	0x2
 433 003c 07       		.byte	0x7
 434 003d C2000000 		.4byte	.LASF3
 435 0041 02       		.uleb128 0x2
 436 0042 04       		.byte	0x4
 437 0043 05       		.byte	0x5
 438 0044 45020000 		.4byte	.LASF4
 439 0048 02       		.uleb128 0x2
 440 0049 04       		.byte	0x4
 441 004a 07       		.byte	0x7
 442 004b 30010000 		.4byte	.LASF5
 443 004f 02       		.uleb128 0x2
 444 0050 08       		.byte	0x8
 445 0051 05       		.byte	0x5
 446 0052 04020000 		.4byte	.LASF6
 447 0056 02       		.uleb128 0x2
ARM GAS  C:\Users\HERMIN~1\AppData\Local\Temp\cctNHhOW.s 			page 19


 448 0057 08       		.byte	0x8
 449 0058 07       		.byte	0x7
 450 0059 B6010000 		.4byte	.LASF7
 451 005d 03       		.uleb128 0x3
 452 005e 04       		.byte	0x4
 453 005f 05       		.byte	0x5
 454 0060 696E7400 		.ascii	"int\000"
 455 0064 02       		.uleb128 0x2
 456 0065 04       		.byte	0x4
 457 0066 07       		.byte	0x7
 458 0067 A9010000 		.4byte	.LASF8
 459 006b 04       		.uleb128 0x4
 460 006c 57010000 		.4byte	.LASF9
 461 0070 02       		.byte	0x2
 462 0071 3801     		.2byte	0x138
 463 0073 2C000000 		.4byte	0x2c
 464 0077 04       		.uleb128 0x4
 465 0078 98010000 		.4byte	.LASF10
 466 007c 02       		.byte	0x2
 467 007d 3A01     		.2byte	0x13a
 468 007f 48000000 		.4byte	0x48
 469 0083 02       		.uleb128 0x2
 470 0084 04       		.byte	0x4
 471 0085 04       		.byte	0x4
 472 0086 00010000 		.4byte	.LASF11
 473 008a 02       		.uleb128 0x2
 474 008b 08       		.byte	0x8
 475 008c 04       		.byte	0x4
 476 008d 81010000 		.4byte	.LASF12
 477 0091 02       		.uleb128 0x2
 478 0092 01       		.byte	0x1
 479 0093 08       		.byte	0x8
 480 0094 12020000 		.4byte	.LASF13
 481 0098 04       		.uleb128 0x4
 482 0099 00000000 		.4byte	.LASF14
 483 009d 02       		.byte	0x2
 484 009e E401     		.2byte	0x1e4
 485 00a0 A4000000 		.4byte	0xa4
 486 00a4 05       		.uleb128 0x5
 487 00a5 77000000 		.4byte	0x77
 488 00a9 04       		.uleb128 0x4
 489 00aa D3010000 		.4byte	.LASF15
 490 00ae 02       		.byte	0x2
 491 00af F401     		.2byte	0x1f4
 492 00b1 B5000000 		.4byte	0xb5
 493 00b5 06       		.uleb128 0x6
 494 00b6 04       		.byte	0x4
 495 00b7 BB000000 		.4byte	0xbb
 496 00bb 07       		.uleb128 0x7
 497 00bc 08       		.uleb128 0x8
 498 00bd 94000000 		.4byte	.LASF16
 499 00c1 03       		.byte	0x3
 500 00c2 D4       		.byte	0xd4
 501 00c3 64000000 		.4byte	0x64
 502 00c7 02       		.uleb128 0x2
 503 00c8 04       		.byte	0x4
 504 00c9 07       		.byte	0x7
ARM GAS  C:\Users\HERMIN~1\AppData\Local\Temp\cctNHhOW.s 			page 20


 505 00ca FB010000 		.4byte	.LASF17
 506 00ce 09       		.uleb128 0x9
 507 00cf 04       		.byte	0x4
 508 00d0 0A       		.uleb128 0xa
 509 00d1 91000000 		.4byte	0x91
 510 00d5 08       		.uleb128 0x8
 511 00d6 EA010000 		.4byte	.LASF18
 512 00da 01       		.byte	0x1
 513 00db DC       		.byte	0xdc
 514 00dc 2C000000 		.4byte	0x2c
 515 00e0 0B       		.uleb128 0xb
 516 00e1 A8020000 		.4byte	.LASF45
 517 00e5 10       		.byte	0x10
 518 00e6 01       		.byte	0x1
 519 00e7 DE       		.byte	0xde
 520 00e8 1D010000 		.4byte	0x11d
 521 00ec 0C       		.uleb128 0xc
 522 00ed E5000000 		.4byte	.LASF19
 523 00f1 01       		.byte	0x1
 524 00f2 E0       		.byte	0xe0
 525 00f3 1D010000 		.4byte	0x11d
 526 00f7 00       		.byte	0
 527 00f8 0C       		.uleb128 0xc
 528 00f9 06010000 		.4byte	.LASF20
 529 00fd 01       		.byte	0x1
 530 00fe E1       		.byte	0xe1
 531 00ff 1D010000 		.4byte	0x11d
 532 0103 04       		.byte	0x4
 533 0104 0C       		.uleb128 0xc
 534 0105 E0010000 		.4byte	.LASF21
 535 0109 01       		.byte	0x1
 536 010a E2       		.byte	0xe2
 537 010b BC000000 		.4byte	0xbc
 538 010f 08       		.byte	0x8
 539 0110 0C       		.uleb128 0xc
 540 0111 F1000000 		.4byte	.LASF22
 541 0115 01       		.byte	0x1
 542 0116 E3       		.byte	0xe3
 543 0117 BC000000 		.4byte	0xbc
 544 011b 0C       		.byte	0xc
 545 011c 00       		.byte	0
 546 011d 06       		.uleb128 0x6
 547 011e 04       		.byte	0x4
 548 011f D5000000 		.4byte	0xd5
 549 0123 0D       		.uleb128 0xd
 550 0124 69010000 		.4byte	.LASF33
 551 0128 01       		.byte	0x1
 552 0129 6F       		.byte	0x6f
 553 012a 00000000 		.4byte	.LFB0
 554 012e 06000000 		.4byte	.LFE0-.LFB0
 555 0132 01       		.uleb128 0x1
 556 0133 9C       		.byte	0x9c
 557 0134 0E       		.uleb128 0xe
 558 0135 63010000 		.4byte	.LASF27
 559 0139 01       		.byte	0x1
 560 013a 0101     		.2byte	0x101
 561 013c 00000000 		.4byte	.LFB1
ARM GAS  C:\Users\HERMIN~1\AppData\Local\Temp\cctNHhOW.s 			page 21


 562 0140 14000000 		.4byte	.LFE1-.LFB1
 563 0144 01       		.uleb128 0x1
 564 0145 9C       		.byte	0x9c
 565 0146 5A010000 		.4byte	0x15a
 566 014a 0F       		.uleb128 0xf
 567 014b EA000000 		.4byte	.LASF23
 568 014f 01       		.byte	0x1
 569 0150 0101     		.2byte	0x101
 570 0152 5D000000 		.4byte	0x5d
 571 0156 02       		.uleb128 0x2
 572 0157 91       		.byte	0x91
 573 0158 74       		.sleb128 -12
 574 0159 00       		.byte	0
 575 015a 10       		.uleb128 0x10
 576 015b 7B010000 		.4byte	.LASF46
 577 015f 01       		.byte	0x1
 578 0160 2001     		.2byte	0x120
 579 0162 CE000000 		.4byte	0xce
 580 0166 00000000 		.4byte	.LFB2
 581 016a 54000000 		.4byte	.LFE2-.LFB2
 582 016e 01       		.uleb128 0x1
 583 016f 9C       		.byte	0x9c
 584 0170 B1010000 		.4byte	0x1b1
 585 0174 0F       		.uleb128 0xf
 586 0175 A1020000 		.4byte	.LASF24
 587 0179 01       		.byte	0x1
 588 017a 2001     		.2byte	0x120
 589 017c 5D000000 		.4byte	0x5d
 590 0180 02       		.uleb128 0x2
 591 0181 91       		.byte	0x91
 592 0182 6C       		.sleb128 -20
 593 0183 11       		.uleb128 0x11
 594 0184 656E6400 		.ascii	"end\000"
 595 0188 01       		.byte	0x1
 596 0189 2201     		.2byte	0x122
 597 018b 5D000000 		.4byte	0x5d
 598 018f 12       		.uleb128 0x12
 599 0190 19010000 		.4byte	.LASF25
 600 0194 01       		.byte	0x1
 601 0195 2301     		.2byte	0x123
 602 0197 CE000000 		.4byte	0xce
 603 019b 02       		.uleb128 0x2
 604 019c 91       		.byte	0x91
 605 019d 74       		.sleb128 -12
 606 019e 12       		.uleb128 0x12
 607 019f B6000000 		.4byte	.LASF26
 608 01a3 01       		.byte	0x1
 609 01a4 2601     		.2byte	0x126
 610 01a6 CE000000 		.4byte	0xce
 611 01aa 05       		.uleb128 0x5
 612 01ab 03       		.byte	0x3
 613 01ac 00000000 		.4byte	heapPointer.4713
 614 01b0 00       		.byte	0
 615 01b1 0E       		.uleb128 0xe
 616 01b2 A8000000 		.4byte	.LASF28
 617 01b6 01       		.byte	0x1
 618 01b7 4801     		.2byte	0x148
ARM GAS  C:\Users\HERMIN~1\AppData\Local\Temp\cctNHhOW.s 			page 22


 619 01b9 00000000 		.4byte	.LFB3
 620 01bd 98000000 		.4byte	.LFE3-.LFB3
 621 01c1 01       		.uleb128 0x1
 622 01c2 9C       		.byte	0x9c
 623 01c3 2C020000 		.4byte	0x22c
 624 01c7 12       		.uleb128 0x12
 625 01c8 99020000 		.4byte	.LASF29
 626 01cc 01       		.byte	0x1
 627 01cd 4D01     		.2byte	0x14d
 628 01cf 64000000 		.4byte	0x64
 629 01d3 02       		.uleb128 0x2
 630 01d4 91       		.byte	0x91
 631 01d5 74       		.sleb128 -12
 632 01d6 12       		.uleb128 0x12
 633 01d7 FB000000 		.4byte	.LASF30
 634 01db 01       		.byte	0x1
 635 01dc 4E01     		.2byte	0x14e
 636 01de 2C020000 		.4byte	0x22c
 637 01e2 02       		.uleb128 0x2
 638 01e3 91       		.byte	0x91
 639 01e4 70       		.sleb128 -16
 640 01e5 13       		.uleb128 0x13
 641 01e6 14000000 		.4byte	.LBB2
 642 01ea 66000000 		.4byte	.LBE2-.LBB2
 643 01ee 14       		.uleb128 0x14
 644 01ef 73726300 		.ascii	"src\000"
 645 01f3 01       		.byte	0x1
 646 01f4 5301     		.2byte	0x153
 647 01f6 37020000 		.4byte	0x237
 648 01fa 02       		.uleb128 0x2
 649 01fb 91       		.byte	0x91
 650 01fc 6C       		.sleb128 -20
 651 01fd 14       		.uleb128 0x14
 652 01fe 64737400 		.ascii	"dst\000"
 653 0202 01       		.byte	0x1
 654 0203 5401     		.2byte	0x154
 655 0205 37020000 		.4byte	0x237
 656 0209 02       		.uleb128 0x2
 657 020a 91       		.byte	0x91
 658 020b 68       		.sleb128 -24
 659 020c 12       		.uleb128 0x12
 660 020d CD010000 		.4byte	.LASF31
 661 0211 01       		.byte	0x1
 662 0212 5501     		.2byte	0x155
 663 0214 64000000 		.4byte	0x64
 664 0218 02       		.uleb128 0x2
 665 0219 91       		.byte	0x91
 666 021a 60       		.sleb128 -32
 667 021b 12       		.uleb128 0x12
 668 021c B0000000 		.4byte	.LASF32
 669 0220 01       		.byte	0x1
 670 0221 5601     		.2byte	0x156
 671 0223 64000000 		.4byte	0x64
 672 0227 02       		.uleb128 0x2
 673 0228 91       		.byte	0x91
 674 0229 64       		.sleb128 -28
 675 022a 00       		.byte	0
ARM GAS  C:\Users\HERMIN~1\AppData\Local\Temp\cctNHhOW.s 			page 23


 676 022b 00       		.byte	0
 677 022c 06       		.uleb128 0x6
 678 022d 04       		.byte	0x4
 679 022e 32020000 		.4byte	0x232
 680 0232 0A       		.uleb128 0xa
 681 0233 E0000000 		.4byte	0xe0
 682 0237 06       		.uleb128 0x6
 683 0238 04       		.byte	0x4
 684 0239 77000000 		.4byte	0x77
 685 023d 15       		.uleb128 0x15
 686 023e 5D010000 		.4byte	.LASF34
 687 0242 01       		.byte	0x1
 688 0243 8401     		.2byte	0x184
 689 0245 00000000 		.4byte	.LFB4
 690 0249 08000000 		.4byte	.LFE4-.LFB4
 691 024d 01       		.uleb128 0x1
 692 024e 9C       		.byte	0x9c
 693 024f 0E       		.uleb128 0xe
 694 0250 88010000 		.4byte	.LASF35
 695 0254 01       		.byte	0x1
 696 0255 0902     		.2byte	0x209
 697 0257 00000000 		.4byte	.LFB5
 698 025b 64000000 		.4byte	.LFE5-.LFB5
 699 025f 01       		.uleb128 0x1
 700 0260 9C       		.byte	0x9c
 701 0261 75020000 		.4byte	0x275
 702 0265 12       		.uleb128 0x12
 703 0266 9F010000 		.4byte	.LASF36
 704 026a 01       		.byte	0x1
 705 026b 0B02     		.2byte	0x20b
 706 026d 77000000 		.4byte	0x77
 707 0271 02       		.uleb128 0x2
 708 0272 91       		.byte	0x91
 709 0273 74       		.sleb128 -12
 710 0274 00       		.byte	0
 711 0275 16       		.uleb128 0x16
 712 0276 42010000 		.4byte	.LASF37
 713 027a 01       		.byte	0x1
 714 027b 46       		.byte	0x46
 715 027c 77000000 		.4byte	0x77
 716 0280 05       		.uleb128 0x5
 717 0281 03       		.byte	0x3
 718 0282 00000000 		.4byte	cySysNoInitDataValid
 719 0286 11       		.uleb128 0x11
 720 0287 656E6400 		.ascii	"end\000"
 721 028b 01       		.byte	0x1
 722 028c 2201     		.2byte	0x122
 723 028e 5D000000 		.4byte	0x5d
 724 0292 17       		.uleb128 0x17
 725 0293 E0000000 		.4byte	0xe0
 726 0297 9D020000 		.4byte	0x29d
 727 029b 18       		.uleb128 0x18
 728 029c 00       		.byte	0
 729 029d 19       		.uleb128 0x19
 730 029e 8C020000 		.4byte	.LASF38
 731 02a2 01       		.byte	0x1
 732 02a3 E6       		.byte	0xe6
ARM GAS  C:\Users\HERMIN~1\AppData\Local\Temp\cctNHhOW.s 			page 24


 733 02a4 A8020000 		.4byte	0x2a8
 734 02a8 0A       		.uleb128 0xa
 735 02a9 92020000 		.4byte	0x292
 736 02ad 19       		.uleb128 0x19
 737 02ae D5000000 		.4byte	.LASF39
 738 02b2 01       		.byte	0x1
 739 02b3 E7       		.byte	0xe7
 740 02b4 D0000000 		.4byte	0xd0
 741 02b8 17       		.uleb128 0x17
 742 02b9 A9000000 		.4byte	0xa9
 743 02bd C8020000 		.4byte	0x2c8
 744 02c1 1A       		.uleb128 0x1a
 745 02c2 C7000000 		.4byte	0xc7
 746 02c6 2F       		.byte	0x2f
 747 02c7 00       		.byte	0
 748 02c8 1B       		.uleb128 0x1b
 749 02c9 9B000000 		.4byte	.LASF40
 750 02cd 01       		.byte	0x1
 751 02ce D201     		.2byte	0x1d2
 752 02d0 B8020000 		.4byte	0x2b8
 753 02d4 05       		.uleb128 0x5
 754 02d5 03       		.byte	0x3
 755 02d6 00000000 		.4byte	CyRamVectors
 756 02da 17       		.uleb128 0x17
 757 02db A9000000 		.4byte	0xa9
 758 02df EA020000 		.4byte	0x2ea
 759 02e3 1A       		.uleb128 0x1a
 760 02e4 C7000000 		.4byte	0xc7
 761 02e8 03       		.byte	0x3
 762 02e9 00       		.byte	0
 763 02ea 1B       		.uleb128 0x1b
 764 02eb 25010000 		.4byte	.LASF41
 765 02ef 01       		.byte	0x1
 766 02f0 E601     		.2byte	0x1e6
 767 02f2 FC020000 		.4byte	0x2fc
 768 02f6 05       		.uleb128 0x5
 769 02f7 03       		.byte	0x3
 770 02f8 00000000 		.4byte	RomVectors
 771 02fc 0A       		.uleb128 0xa
 772 02fd DA020000 		.4byte	0x2da
 773 0301 00       		.byte	0
 774              		.section	.debug_abbrev,"",%progbits
 775              	.Ldebug_abbrev0:
 776 0000 01       		.uleb128 0x1
 777 0001 11       		.uleb128 0x11
 778 0002 01       		.byte	0x1
 779 0003 25       		.uleb128 0x25
 780 0004 0E       		.uleb128 0xe
 781 0005 13       		.uleb128 0x13
 782 0006 0B       		.uleb128 0xb
 783 0007 03       		.uleb128 0x3
 784 0008 0E       		.uleb128 0xe
 785 0009 1B       		.uleb128 0x1b
 786 000a 0E       		.uleb128 0xe
 787 000b 55       		.uleb128 0x55
 788 000c 17       		.uleb128 0x17
 789 000d 11       		.uleb128 0x11
ARM GAS  C:\Users\HERMIN~1\AppData\Local\Temp\cctNHhOW.s 			page 25


 790 000e 01       		.uleb128 0x1
 791 000f 10       		.uleb128 0x10
 792 0010 17       		.uleb128 0x17
 793 0011 00       		.byte	0
 794 0012 00       		.byte	0
 795 0013 02       		.uleb128 0x2
 796 0014 24       		.uleb128 0x24
 797 0015 00       		.byte	0
 798 0016 0B       		.uleb128 0xb
 799 0017 0B       		.uleb128 0xb
 800 0018 3E       		.uleb128 0x3e
 801 0019 0B       		.uleb128 0xb
 802 001a 03       		.uleb128 0x3
 803 001b 0E       		.uleb128 0xe
 804 001c 00       		.byte	0
 805 001d 00       		.byte	0
 806 001e 03       		.uleb128 0x3
 807 001f 24       		.uleb128 0x24
 808 0020 00       		.byte	0
 809 0021 0B       		.uleb128 0xb
 810 0022 0B       		.uleb128 0xb
 811 0023 3E       		.uleb128 0x3e
 812 0024 0B       		.uleb128 0xb
 813 0025 03       		.uleb128 0x3
 814 0026 08       		.uleb128 0x8
 815 0027 00       		.byte	0
 816 0028 00       		.byte	0
 817 0029 04       		.uleb128 0x4
 818 002a 16       		.uleb128 0x16
 819 002b 00       		.byte	0
 820 002c 03       		.uleb128 0x3
 821 002d 0E       		.uleb128 0xe
 822 002e 3A       		.uleb128 0x3a
 823 002f 0B       		.uleb128 0xb
 824 0030 3B       		.uleb128 0x3b
 825 0031 05       		.uleb128 0x5
 826 0032 49       		.uleb128 0x49
 827 0033 13       		.uleb128 0x13
 828 0034 00       		.byte	0
 829 0035 00       		.byte	0
 830 0036 05       		.uleb128 0x5
 831 0037 35       		.uleb128 0x35
 832 0038 00       		.byte	0
 833 0039 49       		.uleb128 0x49
 834 003a 13       		.uleb128 0x13
 835 003b 00       		.byte	0
 836 003c 00       		.byte	0
 837 003d 06       		.uleb128 0x6
 838 003e 0F       		.uleb128 0xf
 839 003f 00       		.byte	0
 840 0040 0B       		.uleb128 0xb
 841 0041 0B       		.uleb128 0xb
 842 0042 49       		.uleb128 0x49
 843 0043 13       		.uleb128 0x13
 844 0044 00       		.byte	0
 845 0045 00       		.byte	0
 846 0046 07       		.uleb128 0x7
ARM GAS  C:\Users\HERMIN~1\AppData\Local\Temp\cctNHhOW.s 			page 26


 847 0047 15       		.uleb128 0x15
 848 0048 00       		.byte	0
 849 0049 27       		.uleb128 0x27
 850 004a 19       		.uleb128 0x19
 851 004b 00       		.byte	0
 852 004c 00       		.byte	0
 853 004d 08       		.uleb128 0x8
 854 004e 16       		.uleb128 0x16
 855 004f 00       		.byte	0
 856 0050 03       		.uleb128 0x3
 857 0051 0E       		.uleb128 0xe
 858 0052 3A       		.uleb128 0x3a
 859 0053 0B       		.uleb128 0xb
 860 0054 3B       		.uleb128 0x3b
 861 0055 0B       		.uleb128 0xb
 862 0056 49       		.uleb128 0x49
 863 0057 13       		.uleb128 0x13
 864 0058 00       		.byte	0
 865 0059 00       		.byte	0
 866 005a 09       		.uleb128 0x9
 867 005b 0F       		.uleb128 0xf
 868 005c 00       		.byte	0
 869 005d 0B       		.uleb128 0xb
 870 005e 0B       		.uleb128 0xb
 871 005f 00       		.byte	0
 872 0060 00       		.byte	0
 873 0061 0A       		.uleb128 0xa
 874 0062 26       		.uleb128 0x26
 875 0063 00       		.byte	0
 876 0064 49       		.uleb128 0x49
 877 0065 13       		.uleb128 0x13
 878 0066 00       		.byte	0
 879 0067 00       		.byte	0
 880 0068 0B       		.uleb128 0xb
 881 0069 13       		.uleb128 0x13
 882 006a 01       		.byte	0x1
 883 006b 03       		.uleb128 0x3
 884 006c 0E       		.uleb128 0xe
 885 006d 0B       		.uleb128 0xb
 886 006e 0B       		.uleb128 0xb
 887 006f 3A       		.uleb128 0x3a
 888 0070 0B       		.uleb128 0xb
 889 0071 3B       		.uleb128 0x3b
 890 0072 0B       		.uleb128 0xb
 891 0073 01       		.uleb128 0x1
 892 0074 13       		.uleb128 0x13
 893 0075 00       		.byte	0
 894 0076 00       		.byte	0
 895 0077 0C       		.uleb128 0xc
 896 0078 0D       		.uleb128 0xd
 897 0079 00       		.byte	0
 898 007a 03       		.uleb128 0x3
 899 007b 0E       		.uleb128 0xe
 900 007c 3A       		.uleb128 0x3a
 901 007d 0B       		.uleb128 0xb
 902 007e 3B       		.uleb128 0x3b
 903 007f 0B       		.uleb128 0xb
ARM GAS  C:\Users\HERMIN~1\AppData\Local\Temp\cctNHhOW.s 			page 27


 904 0080 49       		.uleb128 0x49
 905 0081 13       		.uleb128 0x13
 906 0082 38       		.uleb128 0x38
 907 0083 0B       		.uleb128 0xb
 908 0084 00       		.byte	0
 909 0085 00       		.byte	0
 910 0086 0D       		.uleb128 0xd
 911 0087 2E       		.uleb128 0x2e
 912 0088 00       		.byte	0
 913 0089 3F       		.uleb128 0x3f
 914 008a 19       		.uleb128 0x19
 915 008b 03       		.uleb128 0x3
 916 008c 0E       		.uleb128 0xe
 917 008d 3A       		.uleb128 0x3a
 918 008e 0B       		.uleb128 0xb
 919 008f 3B       		.uleb128 0x3b
 920 0090 0B       		.uleb128 0xb
 921 0091 27       		.uleb128 0x27
 922 0092 19       		.uleb128 0x19
 923 0093 11       		.uleb128 0x11
 924 0094 01       		.uleb128 0x1
 925 0095 12       		.uleb128 0x12
 926 0096 06       		.uleb128 0x6
 927 0097 40       		.uleb128 0x40
 928 0098 18       		.uleb128 0x18
 929 0099 9742     		.uleb128 0x2117
 930 009b 19       		.uleb128 0x19
 931 009c 00       		.byte	0
 932 009d 00       		.byte	0
 933 009e 0E       		.uleb128 0xe
 934 009f 2E       		.uleb128 0x2e
 935 00a0 01       		.byte	0x1
 936 00a1 3F       		.uleb128 0x3f
 937 00a2 19       		.uleb128 0x19
 938 00a3 03       		.uleb128 0x3
 939 00a4 0E       		.uleb128 0xe
 940 00a5 3A       		.uleb128 0x3a
 941 00a6 0B       		.uleb128 0xb
 942 00a7 3B       		.uleb128 0x3b
 943 00a8 05       		.uleb128 0x5
 944 00a9 27       		.uleb128 0x27
 945 00aa 19       		.uleb128 0x19
 946 00ab 11       		.uleb128 0x11
 947 00ac 01       		.uleb128 0x1
 948 00ad 12       		.uleb128 0x12
 949 00ae 06       		.uleb128 0x6
 950 00af 40       		.uleb128 0x40
 951 00b0 18       		.uleb128 0x18
 952 00b1 9642     		.uleb128 0x2116
 953 00b3 19       		.uleb128 0x19
 954 00b4 01       		.uleb128 0x1
 955 00b5 13       		.uleb128 0x13
 956 00b6 00       		.byte	0
 957 00b7 00       		.byte	0
 958 00b8 0F       		.uleb128 0xf
 959 00b9 05       		.uleb128 0x5
 960 00ba 00       		.byte	0
ARM GAS  C:\Users\HERMIN~1\AppData\Local\Temp\cctNHhOW.s 			page 28


 961 00bb 03       		.uleb128 0x3
 962 00bc 0E       		.uleb128 0xe
 963 00bd 3A       		.uleb128 0x3a
 964 00be 0B       		.uleb128 0xb
 965 00bf 3B       		.uleb128 0x3b
 966 00c0 05       		.uleb128 0x5
 967 00c1 49       		.uleb128 0x49
 968 00c2 13       		.uleb128 0x13
 969 00c3 02       		.uleb128 0x2
 970 00c4 18       		.uleb128 0x18
 971 00c5 00       		.byte	0
 972 00c6 00       		.byte	0
 973 00c7 10       		.uleb128 0x10
 974 00c8 2E       		.uleb128 0x2e
 975 00c9 01       		.byte	0x1
 976 00ca 3F       		.uleb128 0x3f
 977 00cb 19       		.uleb128 0x19
 978 00cc 03       		.uleb128 0x3
 979 00cd 0E       		.uleb128 0xe
 980 00ce 3A       		.uleb128 0x3a
 981 00cf 0B       		.uleb128 0xb
 982 00d0 3B       		.uleb128 0x3b
 983 00d1 05       		.uleb128 0x5
 984 00d2 27       		.uleb128 0x27
 985 00d3 19       		.uleb128 0x19
 986 00d4 49       		.uleb128 0x49
 987 00d5 13       		.uleb128 0x13
 988 00d6 11       		.uleb128 0x11
 989 00d7 01       		.uleb128 0x1
 990 00d8 12       		.uleb128 0x12
 991 00d9 06       		.uleb128 0x6
 992 00da 40       		.uleb128 0x40
 993 00db 18       		.uleb128 0x18
 994 00dc 9642     		.uleb128 0x2116
 995 00de 19       		.uleb128 0x19
 996 00df 01       		.uleb128 0x1
 997 00e0 13       		.uleb128 0x13
 998 00e1 00       		.byte	0
 999 00e2 00       		.byte	0
 1000 00e3 11       		.uleb128 0x11
 1001 00e4 34       		.uleb128 0x34
 1002 00e5 00       		.byte	0
 1003 00e6 03       		.uleb128 0x3
 1004 00e7 08       		.uleb128 0x8
 1005 00e8 3A       		.uleb128 0x3a
 1006 00e9 0B       		.uleb128 0xb
 1007 00ea 3B       		.uleb128 0x3b
 1008 00eb 05       		.uleb128 0x5
 1009 00ec 49       		.uleb128 0x49
 1010 00ed 13       		.uleb128 0x13
 1011 00ee 3F       		.uleb128 0x3f
 1012 00ef 19       		.uleb128 0x19
 1013 00f0 3C       		.uleb128 0x3c
 1014 00f1 19       		.uleb128 0x19
 1015 00f2 00       		.byte	0
 1016 00f3 00       		.byte	0
 1017 00f4 12       		.uleb128 0x12
ARM GAS  C:\Users\HERMIN~1\AppData\Local\Temp\cctNHhOW.s 			page 29


 1018 00f5 34       		.uleb128 0x34
 1019 00f6 00       		.byte	0
 1020 00f7 03       		.uleb128 0x3
 1021 00f8 0E       		.uleb128 0xe
 1022 00f9 3A       		.uleb128 0x3a
 1023 00fa 0B       		.uleb128 0xb
 1024 00fb 3B       		.uleb128 0x3b
 1025 00fc 05       		.uleb128 0x5
 1026 00fd 49       		.uleb128 0x49
 1027 00fe 13       		.uleb128 0x13
 1028 00ff 02       		.uleb128 0x2
 1029 0100 18       		.uleb128 0x18
 1030 0101 00       		.byte	0
 1031 0102 00       		.byte	0
 1032 0103 13       		.uleb128 0x13
 1033 0104 0B       		.uleb128 0xb
 1034 0105 01       		.byte	0x1
 1035 0106 11       		.uleb128 0x11
 1036 0107 01       		.uleb128 0x1
 1037 0108 12       		.uleb128 0x12
 1038 0109 06       		.uleb128 0x6
 1039 010a 00       		.byte	0
 1040 010b 00       		.byte	0
 1041 010c 14       		.uleb128 0x14
 1042 010d 34       		.uleb128 0x34
 1043 010e 00       		.byte	0
 1044 010f 03       		.uleb128 0x3
 1045 0110 08       		.uleb128 0x8
 1046 0111 3A       		.uleb128 0x3a
 1047 0112 0B       		.uleb128 0xb
 1048 0113 3B       		.uleb128 0x3b
 1049 0114 05       		.uleb128 0x5
 1050 0115 49       		.uleb128 0x49
 1051 0116 13       		.uleb128 0x13
 1052 0117 02       		.uleb128 0x2
 1053 0118 18       		.uleb128 0x18
 1054 0119 00       		.byte	0
 1055 011a 00       		.byte	0
 1056 011b 15       		.uleb128 0x15
 1057 011c 2E       		.uleb128 0x2e
 1058 011d 00       		.byte	0
 1059 011e 3F       		.uleb128 0x3f
 1060 011f 19       		.uleb128 0x19
 1061 0120 03       		.uleb128 0x3
 1062 0121 0E       		.uleb128 0xe
 1063 0122 3A       		.uleb128 0x3a
 1064 0123 0B       		.uleb128 0xb
 1065 0124 3B       		.uleb128 0x3b
 1066 0125 05       		.uleb128 0x5
 1067 0126 27       		.uleb128 0x27
 1068 0127 19       		.uleb128 0x19
 1069 0128 11       		.uleb128 0x11
 1070 0129 01       		.uleb128 0x1
 1071 012a 12       		.uleb128 0x12
 1072 012b 06       		.uleb128 0x6
 1073 012c 40       		.uleb128 0x40
 1074 012d 18       		.uleb128 0x18
ARM GAS  C:\Users\HERMIN~1\AppData\Local\Temp\cctNHhOW.s 			page 30


 1075 012e 9642     		.uleb128 0x2116
 1076 0130 19       		.uleb128 0x19
 1077 0131 00       		.byte	0
 1078 0132 00       		.byte	0
 1079 0133 16       		.uleb128 0x16
 1080 0134 34       		.uleb128 0x34
 1081 0135 00       		.byte	0
 1082 0136 03       		.uleb128 0x3
 1083 0137 0E       		.uleb128 0xe
 1084 0138 3A       		.uleb128 0x3a
 1085 0139 0B       		.uleb128 0xb
 1086 013a 3B       		.uleb128 0x3b
 1087 013b 0B       		.uleb128 0xb
 1088 013c 49       		.uleb128 0x49
 1089 013d 13       		.uleb128 0x13
 1090 013e 02       		.uleb128 0x2
 1091 013f 18       		.uleb128 0x18
 1092 0140 00       		.byte	0
 1093 0141 00       		.byte	0
 1094 0142 17       		.uleb128 0x17
 1095 0143 01       		.uleb128 0x1
 1096 0144 01       		.byte	0x1
 1097 0145 49       		.uleb128 0x49
 1098 0146 13       		.uleb128 0x13
 1099 0147 01       		.uleb128 0x1
 1100 0148 13       		.uleb128 0x13
 1101 0149 00       		.byte	0
 1102 014a 00       		.byte	0
 1103 014b 18       		.uleb128 0x18
 1104 014c 21       		.uleb128 0x21
 1105 014d 00       		.byte	0
 1106 014e 00       		.byte	0
 1107 014f 00       		.byte	0
 1108 0150 19       		.uleb128 0x19
 1109 0151 34       		.uleb128 0x34
 1110 0152 00       		.byte	0
 1111 0153 03       		.uleb128 0x3
 1112 0154 0E       		.uleb128 0xe
 1113 0155 3A       		.uleb128 0x3a
 1114 0156 0B       		.uleb128 0xb
 1115 0157 3B       		.uleb128 0x3b
 1116 0158 0B       		.uleb128 0xb
 1117 0159 49       		.uleb128 0x49
 1118 015a 13       		.uleb128 0x13
 1119 015b 3F       		.uleb128 0x3f
 1120 015c 19       		.uleb128 0x19
 1121 015d 3C       		.uleb128 0x3c
 1122 015e 19       		.uleb128 0x19
 1123 015f 00       		.byte	0
 1124 0160 00       		.byte	0
 1125 0161 1A       		.uleb128 0x1a
 1126 0162 21       		.uleb128 0x21
 1127 0163 00       		.byte	0
 1128 0164 49       		.uleb128 0x49
 1129 0165 13       		.uleb128 0x13
 1130 0166 2F       		.uleb128 0x2f
 1131 0167 0B       		.uleb128 0xb
ARM GAS  C:\Users\HERMIN~1\AppData\Local\Temp\cctNHhOW.s 			page 31


 1132 0168 00       		.byte	0
 1133 0169 00       		.byte	0
 1134 016a 1B       		.uleb128 0x1b
 1135 016b 34       		.uleb128 0x34
 1136 016c 00       		.byte	0
 1137 016d 03       		.uleb128 0x3
 1138 016e 0E       		.uleb128 0xe
 1139 016f 3A       		.uleb128 0x3a
 1140 0170 0B       		.uleb128 0xb
 1141 0171 3B       		.uleb128 0x3b
 1142 0172 05       		.uleb128 0x5
 1143 0173 49       		.uleb128 0x49
 1144 0174 13       		.uleb128 0x13
 1145 0175 3F       		.uleb128 0x3f
 1146 0176 19       		.uleb128 0x19
 1147 0177 02       		.uleb128 0x2
 1148 0178 18       		.uleb128 0x18
 1149 0179 00       		.byte	0
 1150 017a 00       		.byte	0
 1151 017b 00       		.byte	0
 1152              		.section	.debug_aranges,"",%progbits
 1153 0000 44000000 		.4byte	0x44
 1154 0004 0200     		.2byte	0x2
 1155 0006 00000000 		.4byte	.Ldebug_info0
 1156 000a 04       		.byte	0x4
 1157 000b 00       		.byte	0
 1158 000c 0000     		.2byte	0
 1159 000e 0000     		.2byte	0
 1160 0010 00000000 		.4byte	.LFB0
 1161 0014 06000000 		.4byte	.LFE0-.LFB0
 1162 0018 00000000 		.4byte	.LFB1
 1163 001c 14000000 		.4byte	.LFE1-.LFB1
 1164 0020 00000000 		.4byte	.LFB2
 1165 0024 54000000 		.4byte	.LFE2-.LFB2
 1166 0028 00000000 		.4byte	.LFB3
 1167 002c 98000000 		.4byte	.LFE3-.LFB3
 1168 0030 00000000 		.4byte	.LFB4
 1169 0034 08000000 		.4byte	.LFE4-.LFB4
 1170 0038 00000000 		.4byte	.LFB5
 1171 003c 64000000 		.4byte	.LFE5-.LFB5
 1172 0040 00000000 		.4byte	0
 1173 0044 00000000 		.4byte	0
 1174              		.section	.debug_ranges,"",%progbits
 1175              	.Ldebug_ranges0:
 1176 0000 00000000 		.4byte	.LFB0
 1177 0004 06000000 		.4byte	.LFE0
 1178 0008 00000000 		.4byte	.LFB1
 1179 000c 14000000 		.4byte	.LFE1
 1180 0010 00000000 		.4byte	.LFB2
 1181 0014 54000000 		.4byte	.LFE2
 1182 0018 00000000 		.4byte	.LFB3
 1183 001c 98000000 		.4byte	.LFE3
 1184 0020 00000000 		.4byte	.LFB4
 1185 0024 08000000 		.4byte	.LFE4
 1186 0028 00000000 		.4byte	.LFB5
 1187 002c 64000000 		.4byte	.LFE5
 1188 0030 00000000 		.4byte	0
ARM GAS  C:\Users\HERMIN~1\AppData\Local\Temp\cctNHhOW.s 			page 32


 1189 0034 00000000 		.4byte	0
 1190              		.section	.debug_line,"",%progbits
 1191              	.Ldebug_line0:
 1192 0000 C5010000 		.section	.debug_str,"MS",%progbits,1
 1192      0200C900 
 1192      00000201 
 1192      FB0E0D00 
 1192      01010101 
 1193              	.LASF14:
 1194 0000 72656733 		.ascii	"reg32\000"
 1194      3200
 1195              	.LASF42:
 1196 0006 474E5520 		.ascii	"GNU C 4.9.3 20150303 (release) [ARM/embedded-4_9-br"
 1196      4320342E 
 1196      392E3320 
 1196      32303135 
 1196      30333033 
 1197 0039 616E6368 		.ascii	"anch revision 221220] -mcpu=cortex-m0 -mthumb -g -O"
 1197      20726576 
 1197      6973696F 
 1197      6E203232 
 1197      31323230 
 1198 006c 30202D66 		.ascii	"0 -ffunction-sections -ffat-lto-objects\000"
 1198      66756E63 
 1198      74696F6E 
 1198      2D736563 
 1198      74696F6E 
 1199              	.LASF16:
 1200 0094 73697A65 		.ascii	"size_t\000"
 1200      5F7400
 1201              	.LASF40:
 1202 009b 43795261 		.ascii	"CyRamVectors\000"
 1202      6D566563 
 1202      746F7273 
 1202      00
 1203              	.LASF28:
 1204 00a8 53746172 		.ascii	"Start_c\000"
 1204      745F6300 
 1205              	.LASF32:
 1206 00b0 636F756E 		.ascii	"count\000"
 1206      7400
 1207              	.LASF26:
 1208 00b6 68656170 		.ascii	"heapPointer\000"
 1208      506F696E 
 1208      74657200 
 1209              	.LASF3:
 1210 00c2 73686F72 		.ascii	"short unsigned int\000"
 1210      7420756E 
 1210      7369676E 
 1210      65642069 
 1210      6E7400
 1211              	.LASF39:
 1212 00d5 5F5F6379 		.ascii	"__cy_region_num\000"
 1212      5F726567 
 1212      696F6E5F 
 1212      6E756D00 
 1213              	.LASF19:
ARM GAS  C:\Users\HERMIN~1\AppData\Local\Temp\cctNHhOW.s 			page 33


 1214 00e5 696E6974 		.ascii	"init\000"
 1214      00
 1215              	.LASF23:
 1216 00ea 73746174 		.ascii	"status\000"
 1216      757300
 1217              	.LASF22:
 1218 00f1 7A65726F 		.ascii	"zero_size\000"
 1218      5F73697A 
 1218      6500
 1219              	.LASF30:
 1220 00fb 72707472 		.ascii	"rptr\000"
 1220      00
 1221              	.LASF11:
 1222 0100 666C6F61 		.ascii	"float\000"
 1222      7400
 1223              	.LASF20:
 1224 0106 64617461 		.ascii	"data\000"
 1224      00
 1225              	.LASF1:
 1226 010b 756E7369 		.ascii	"unsigned char\000"
 1226      676E6564 
 1226      20636861 
 1226      7200
 1227              	.LASF25:
 1228 0119 72657475 		.ascii	"returnValue\000"
 1228      726E5661 
 1228      6C756500 
 1229              	.LASF41:
 1230 0125 526F6D56 		.ascii	"RomVectors\000"
 1230      6563746F 
 1230      727300
 1231              	.LASF5:
 1232 0130 6C6F6E67 		.ascii	"long unsigned int\000"
 1232      20756E73 
 1232      69676E65 
 1232      6420696E 
 1232      7400
 1233              	.LASF37:
 1234 0142 63795379 		.ascii	"cySysNoInitDataValid\000"
 1234      734E6F49 
 1234      6E697444 
 1234      61746156 
 1234      616C6964 
 1235              	.LASF9:
 1236 0157 75696E74 		.ascii	"uint8\000"
 1236      3800
 1237              	.LASF34:
 1238 015d 52657365 		.ascii	"Reset\000"
 1238      7400
 1239              	.LASF27:
 1240 0163 5F657869 		.ascii	"_exit\000"
 1240      7400
 1241              	.LASF33:
 1242 0169 496E7444 		.ascii	"IntDefaultHandler\000"
 1242      65666175 
 1242      6C744861 
 1242      6E646C65 
ARM GAS  C:\Users\HERMIN~1\AppData\Local\Temp\cctNHhOW.s 			page 34


 1242      7200
 1243              	.LASF46:
 1244 017b 5F736272 		.ascii	"_sbrk\000"
 1244      6B00
 1245              	.LASF12:
 1246 0181 646F7562 		.ascii	"double\000"
 1246      6C6500
 1247              	.LASF35:
 1248 0188 696E6974 		.ascii	"initialize_psoc\000"
 1248      69616C69 
 1248      7A655F70 
 1248      736F6300 
 1249              	.LASF10:
 1250 0198 75696E74 		.ascii	"uint32\000"
 1250      333200
 1251              	.LASF36:
 1252 019f 696E6465 		.ascii	"indexInit\000"
 1252      78496E69 
 1252      7400
 1253              	.LASF8:
 1254 01a9 756E7369 		.ascii	"unsigned int\000"
 1254      676E6564 
 1254      20696E74 
 1254      00
 1255              	.LASF7:
 1256 01b6 6C6F6E67 		.ascii	"long long unsigned int\000"
 1256      206C6F6E 
 1256      6720756E 
 1256      7369676E 
 1256      65642069 
 1257              	.LASF31:
 1258 01cd 6C696D69 		.ascii	"limit\000"
 1258      7400
 1259              	.LASF15:
 1260 01d3 63796973 		.ascii	"cyisraddress\000"
 1260      72616464 
 1260      72657373 
 1260      00
 1261              	.LASF21:
 1262 01e0 696E6974 		.ascii	"init_size\000"
 1262      5F73697A 
 1262      6500
 1263              	.LASF18:
 1264 01ea 5F5F6379 		.ascii	"__cy_byte_align8\000"
 1264      5F627974 
 1264      655F616C 
 1264      69676E38 
 1264      00
 1265              	.LASF17:
 1266 01fb 73697A65 		.ascii	"sizetype\000"
 1266      74797065 
 1266      00
 1267              	.LASF6:
 1268 0204 6C6F6E67 		.ascii	"long long int\000"
 1268      206C6F6E 
 1268      6720696E 
 1268      7400
ARM GAS  C:\Users\HERMIN~1\AppData\Local\Temp\cctNHhOW.s 			page 35


 1269              	.LASF13:
 1270 0212 63686172 		.ascii	"char\000"
 1270      00
 1271              	.LASF43:
 1272 0217 2E5C4765 		.ascii	".\\Generated_Source\\PSoC4\\Cm0Start.c\000"
 1272      6E657261 
 1272      7465645F 
 1272      536F7572 
 1272      63655C50 
 1273              	.LASF2:
 1274 023b 73686F72 		.ascii	"short int\000"
 1274      7420696E 
 1274      7400
 1275              	.LASF4:
 1276 0245 6C6F6E67 		.ascii	"long int\000"
 1276      20696E74 
 1276      00
 1277              	.LASF44:
 1278 024e 433A5C70 		.ascii	"C:\\projekts\\Gunshow_PSoC\\SCB_I2cCommSlave01.cyds"
 1278      726F6A65 
 1278      6B74735C 
 1278      47756E73 
 1278      686F775F 
 1279 027e 6E00     		.ascii	"n\000"
 1280              	.LASF0:
 1281 0280 7369676E 		.ascii	"signed char\000"
 1281      65642063 
 1281      68617200 
 1282              	.LASF38:
 1283 028c 5F5F6379 		.ascii	"__cy_regions\000"
 1283      5F726567 
 1283      696F6E73 
 1283      00
 1284              	.LASF29:
 1285 0299 72656769 		.ascii	"regions\000"
 1285      6F6E7300 
 1286              	.LASF24:
 1287 02a1 6E627974 		.ascii	"nbytes\000"
 1287      657300
 1288              	.LASF45:
 1289 02a8 5F5F6379 		.ascii	"__cy_region\000"
 1289      5F726567 
 1289      696F6E00 
 1290              		.ident	"GCC: (GNU Tools for ARM Embedded Processors) 4.9.3 20150303 (release) [ARM/embedded-4_9-br
