ARM GAS  C:\Users\HERMIN~1\AppData\Local\Temp\ccJS53G7.s 			page 1


   1              		.cpu cortex-m0
   2              		.fpu softvfp
   3              		.eabi_attribute 20, 1
   4              		.eabi_attribute 21, 1
   5              		.eabi_attribute 23, 3
   6              		.eabi_attribute 24, 1
   7              		.eabi_attribute 25, 1
   8              		.eabi_attribute 26, 1
   9              		.eabi_attribute 30, 6
  10              		.eabi_attribute 34, 0
  11              		.eabi_attribute 18, 4
  12              		.code	16
  13              		.file	"cyfitter_cfg.c"
  14              		.text
  15              	.Ltext0:
  16              		.cfi_sections	.debug_frame
  17              		.section	.text.CYMEMZERO,"ax",%progbits
  18              		.align	2
  19              		.code	16
  20              		.thumb_func
  21              		.type	CYMEMZERO, %function
  22              	CYMEMZERO:
  23              	.LFB0:
  24              		.file 1 ".\\Generated_Source\\PSoC4\\cyfitter_cfg.c"
   1:.\Generated_Source\PSoC4/cyfitter_cfg.c **** /*******************************************************************************
   2:.\Generated_Source\PSoC4/cyfitter_cfg.c **** * File Name: cyfitter_cfg.c
   3:.\Generated_Source\PSoC4/cyfitter_cfg.c **** * 
   4:.\Generated_Source\PSoC4/cyfitter_cfg.c **** * PSoC Creator  3.3 CP2
   5:.\Generated_Source\PSoC4/cyfitter_cfg.c **** *
   6:.\Generated_Source\PSoC4/cyfitter_cfg.c **** * Description:
   7:.\Generated_Source\PSoC4/cyfitter_cfg.c **** * This file contains device initialization code.
   8:.\Generated_Source\PSoC4/cyfitter_cfg.c **** * Except for the user defined sections in CyClockStartupError(), this file should not be modified.
   9:.\Generated_Source\PSoC4/cyfitter_cfg.c **** * This file is automatically generated by PSoC Creator.
  10:.\Generated_Source\PSoC4/cyfitter_cfg.c **** *
  11:.\Generated_Source\PSoC4/cyfitter_cfg.c **** ********************************************************************************
  12:.\Generated_Source\PSoC4/cyfitter_cfg.c **** * Copyright (c) 2007-2015 Cypress Semiconductor.  All rights reserved.
  13:.\Generated_Source\PSoC4/cyfitter_cfg.c **** * You may use this file only in accordance with the license, terms, conditions, 
  14:.\Generated_Source\PSoC4/cyfitter_cfg.c **** * disclaimers, and limitations in the end user license agreement accompanying 
  15:.\Generated_Source\PSoC4/cyfitter_cfg.c **** * the software package with which this file was provided.
  16:.\Generated_Source\PSoC4/cyfitter_cfg.c **** ********************************************************************************/
  17:.\Generated_Source\PSoC4/cyfitter_cfg.c **** 
  18:.\Generated_Source\PSoC4/cyfitter_cfg.c **** #include <string.h>
  19:.\Generated_Source\PSoC4/cyfitter_cfg.c **** #include "cytypes.h"
  20:.\Generated_Source\PSoC4/cyfitter_cfg.c **** #include "cydevice_trm.h"
  21:.\Generated_Source\PSoC4/cyfitter_cfg.c **** #include "cyfitter.h"
  22:.\Generated_Source\PSoC4/cyfitter_cfg.c **** #include "CyLib.h"
  23:.\Generated_Source\PSoC4/cyfitter_cfg.c **** #include "cyfitter_cfg.h"
  24:.\Generated_Source\PSoC4/cyfitter_cfg.c **** 
  25:.\Generated_Source\PSoC4/cyfitter_cfg.c **** 
  26:.\Generated_Source\PSoC4/cyfitter_cfg.c **** #if defined(__GNUC__) || defined(__ARMCC_VERSION)
  27:.\Generated_Source\PSoC4/cyfitter_cfg.c ****     #define CYPACKED 
  28:.\Generated_Source\PSoC4/cyfitter_cfg.c ****     #define CYPACKED_ATTR __attribute__ ((packed))
  29:.\Generated_Source\PSoC4/cyfitter_cfg.c ****     #define CYALIGNED __attribute__ ((aligned))
  30:.\Generated_Source\PSoC4/cyfitter_cfg.c ****     #define CY_CFG_UNUSED __attribute__ ((unused))
  31:.\Generated_Source\PSoC4/cyfitter_cfg.c ****     #ifndef CY_CFG_SECTION
  32:.\Generated_Source\PSoC4/cyfitter_cfg.c ****         #define CY_CFG_SECTION __attribute__ ((section(".psocinit")))
  33:.\Generated_Source\PSoC4/cyfitter_cfg.c ****     #endif
ARM GAS  C:\Users\HERMIN~1\AppData\Local\Temp\ccJS53G7.s 			page 2


  34:.\Generated_Source\PSoC4/cyfitter_cfg.c ****     
  35:.\Generated_Source\PSoC4/cyfitter_cfg.c ****     #if defined(__ARMCC_VERSION)
  36:.\Generated_Source\PSoC4/cyfitter_cfg.c ****         #define CY_CFG_MEMORY_BARRIER() __memory_changed()
  37:.\Generated_Source\PSoC4/cyfitter_cfg.c ****     #else
  38:.\Generated_Source\PSoC4/cyfitter_cfg.c ****         #define CY_CFG_MEMORY_BARRIER() __sync_synchronize()
  39:.\Generated_Source\PSoC4/cyfitter_cfg.c ****     #endif
  40:.\Generated_Source\PSoC4/cyfitter_cfg.c ****     
  41:.\Generated_Source\PSoC4/cyfitter_cfg.c **** #elif defined(__ICCARM__)
  42:.\Generated_Source\PSoC4/cyfitter_cfg.c ****     #include <intrinsics.h>
  43:.\Generated_Source\PSoC4/cyfitter_cfg.c **** 
  44:.\Generated_Source\PSoC4/cyfitter_cfg.c ****     #define CYPACKED __packed
  45:.\Generated_Source\PSoC4/cyfitter_cfg.c ****     #define CYPACKED_ATTR 
  46:.\Generated_Source\PSoC4/cyfitter_cfg.c ****     #define CYALIGNED _Pragma("data_alignment=4")
  47:.\Generated_Source\PSoC4/cyfitter_cfg.c ****     #define CY_CFG_UNUSED _Pragma("diag_suppress=Pe177")
  48:.\Generated_Source\PSoC4/cyfitter_cfg.c ****     #define CY_CFG_SECTION _Pragma("location=\".psocinit\"")
  49:.\Generated_Source\PSoC4/cyfitter_cfg.c ****     
  50:.\Generated_Source\PSoC4/cyfitter_cfg.c ****     #define CY_CFG_MEMORY_BARRIER() __DMB()
  51:.\Generated_Source\PSoC4/cyfitter_cfg.c ****     
  52:.\Generated_Source\PSoC4/cyfitter_cfg.c **** #else
  53:.\Generated_Source\PSoC4/cyfitter_cfg.c ****     #error Unsupported toolchain
  54:.\Generated_Source\PSoC4/cyfitter_cfg.c **** #endif
  55:.\Generated_Source\PSoC4/cyfitter_cfg.c **** 
  56:.\Generated_Source\PSoC4/cyfitter_cfg.c **** 
  57:.\Generated_Source\PSoC4/cyfitter_cfg.c **** CY_CFG_UNUSED
  58:.\Generated_Source\PSoC4/cyfitter_cfg.c **** static void CYMEMZERO(void *s, size_t n);
  59:.\Generated_Source\PSoC4/cyfitter_cfg.c **** CY_CFG_UNUSED
  60:.\Generated_Source\PSoC4/cyfitter_cfg.c **** static void CYMEMZERO(void *s, size_t n)
  61:.\Generated_Source\PSoC4/cyfitter_cfg.c **** {
  25              		.loc 1 61 0
  26              		.cfi_startproc
  27 0000 80B5     		push	{r7, lr}
  28              		.cfi_def_cfa_offset 8
  29              		.cfi_offset 7, -8
  30              		.cfi_offset 14, -4
  31 0002 82B0     		sub	sp, sp, #8
  32              		.cfi_def_cfa_offset 16
  33 0004 00AF     		add	r7, sp, #0
  34              		.cfi_def_cfa_register 7
  35 0006 7860     		str	r0, [r7, #4]
  36 0008 3960     		str	r1, [r7]
  62:.\Generated_Source\PSoC4/cyfitter_cfg.c **** 	(void)memset(s, 0, n);
  37              		.loc 1 62 0
  38 000a 7A68     		ldr	r2, [r7, #4]
  39 000c 3B68     		ldr	r3, [r7]
  40 000e 101C     		mov	r0, r2
  41 0010 0021     		mov	r1, #0
  42 0012 1A1C     		mov	r2, r3
  43 0014 FFF7FEFF 		bl	memset
  63:.\Generated_Source\PSoC4/cyfitter_cfg.c **** }
  44              		.loc 1 63 0
  45 0018 BD46     		mov	sp, r7
  46 001a 02B0     		add	sp, sp, #8
  47              		@ sp needed
  48 001c 80BD     		pop	{r7, pc}
  49              		.cfi_endproc
  50              	.LFE0:
  51              		.size	CYMEMZERO, .-CYMEMZERO
ARM GAS  C:\Users\HERMIN~1\AppData\Local\Temp\ccJS53G7.s 			page 3


  52 001e C046     		.section	.text.CYCONFIGCPY,"ax",%progbits
  53              		.align	2
  54              		.code	16
  55              		.thumb_func
  56              		.type	CYCONFIGCPY, %function
  57              	CYCONFIGCPY:
  58              	.LFB1:
  64:.\Generated_Source\PSoC4/cyfitter_cfg.c **** CY_CFG_UNUSED
  65:.\Generated_Source\PSoC4/cyfitter_cfg.c **** static void CYCONFIGCPY(void *dest, const void *src, size_t n);
  66:.\Generated_Source\PSoC4/cyfitter_cfg.c **** CY_CFG_UNUSED
  67:.\Generated_Source\PSoC4/cyfitter_cfg.c **** static void CYCONFIGCPY(void *dest, const void *src, size_t n)
  68:.\Generated_Source\PSoC4/cyfitter_cfg.c **** {
  59              		.loc 1 68 0
  60              		.cfi_startproc
  61 0000 80B5     		push	{r7, lr}
  62              		.cfi_def_cfa_offset 8
  63              		.cfi_offset 7, -8
  64              		.cfi_offset 14, -4
  65 0002 84B0     		sub	sp, sp, #16
  66              		.cfi_def_cfa_offset 24
  67 0004 00AF     		add	r7, sp, #0
  68              		.cfi_def_cfa_register 7
  69 0006 F860     		str	r0, [r7, #12]
  70 0008 B960     		str	r1, [r7, #8]
  71 000a 7A60     		str	r2, [r7, #4]
  69:.\Generated_Source\PSoC4/cyfitter_cfg.c **** 	(void)memcpy(dest, src, n);
  72              		.loc 1 69 0
  73 000c F968     		ldr	r1, [r7, #12]
  74 000e BA68     		ldr	r2, [r7, #8]
  75 0010 7B68     		ldr	r3, [r7, #4]
  76 0012 081C     		mov	r0, r1
  77 0014 111C     		mov	r1, r2
  78 0016 1A1C     		mov	r2, r3
  79 0018 FFF7FEFF 		bl	memcpy
  70:.\Generated_Source\PSoC4/cyfitter_cfg.c **** }
  80              		.loc 1 70 0
  81 001c BD46     		mov	sp, r7
  82 001e 04B0     		add	sp, sp, #16
  83              		@ sp needed
  84 0020 80BD     		pop	{r7, pc}
  85              		.cfi_endproc
  86              	.LFE1:
  87              		.size	CYCONFIGCPY, .-CYCONFIGCPY
  88 0022 C046     		.section	.text.CYCONFIGCPYCODE,"ax",%progbits
  89              		.align	2
  90              		.code	16
  91              		.thumb_func
  92              		.type	CYCONFIGCPYCODE, %function
  93              	CYCONFIGCPYCODE:
  94              	.LFB2:
  71:.\Generated_Source\PSoC4/cyfitter_cfg.c **** CY_CFG_UNUSED
  72:.\Generated_Source\PSoC4/cyfitter_cfg.c **** static void CYCONFIGCPYCODE(void *dest, const void *src, size_t n);
  73:.\Generated_Source\PSoC4/cyfitter_cfg.c **** CY_CFG_UNUSED
  74:.\Generated_Source\PSoC4/cyfitter_cfg.c **** static void CYCONFIGCPYCODE(void *dest, const void *src, size_t n)
  75:.\Generated_Source\PSoC4/cyfitter_cfg.c **** {
  95              		.loc 1 75 0
  96              		.cfi_startproc
ARM GAS  C:\Users\HERMIN~1\AppData\Local\Temp\ccJS53G7.s 			page 4


  97 0000 80B5     		push	{r7, lr}
  98              		.cfi_def_cfa_offset 8
  99              		.cfi_offset 7, -8
 100              		.cfi_offset 14, -4
 101 0002 84B0     		sub	sp, sp, #16
 102              		.cfi_def_cfa_offset 24
 103 0004 00AF     		add	r7, sp, #0
 104              		.cfi_def_cfa_register 7
 105 0006 F860     		str	r0, [r7, #12]
 106 0008 B960     		str	r1, [r7, #8]
 107 000a 7A60     		str	r2, [r7, #4]
  76:.\Generated_Source\PSoC4/cyfitter_cfg.c **** 	(void)memcpy(dest, src, n);
 108              		.loc 1 76 0
 109 000c F968     		ldr	r1, [r7, #12]
 110 000e BA68     		ldr	r2, [r7, #8]
 111 0010 7B68     		ldr	r3, [r7, #4]
 112 0012 081C     		mov	r0, r1
 113 0014 111C     		mov	r1, r2
 114 0016 1A1C     		mov	r2, r3
 115 0018 FFF7FEFF 		bl	memcpy
  77:.\Generated_Source\PSoC4/cyfitter_cfg.c **** }
 116              		.loc 1 77 0
 117 001c BD46     		mov	sp, r7
 118 001e 04B0     		add	sp, sp, #16
 119              		@ sp needed
 120 0020 80BD     		pop	{r7, pc}
 121              		.cfi_endproc
 122              	.LFE2:
 123              		.size	CYCONFIGCPYCODE, .-CYCONFIGCPYCODE
 124 0022 C046     		.section	.psocinit,"ax",%progbits
 125              		.align	2
 126              		.code	16
 127              		.thumb_func
 128              		.type	ClockSetup, %function
 129              	ClockSetup:
 130              	.LFB3:
  78:.\Generated_Source\PSoC4/cyfitter_cfg.c **** 
  79:.\Generated_Source\PSoC4/cyfitter_cfg.c **** 
  80:.\Generated_Source\PSoC4/cyfitter_cfg.c **** 
  81:.\Generated_Source\PSoC4/cyfitter_cfg.c **** /* Clock startup error codes                                                   */
  82:.\Generated_Source\PSoC4/cyfitter_cfg.c **** #define CYCLOCKSTART_NO_ERROR    0u
  83:.\Generated_Source\PSoC4/cyfitter_cfg.c **** #define CYCLOCKSTART_XTAL_ERROR  1u
  84:.\Generated_Source\PSoC4/cyfitter_cfg.c **** #define CYCLOCKSTART_32KHZ_ERROR 2u
  85:.\Generated_Source\PSoC4/cyfitter_cfg.c **** #define CYCLOCKSTART_PLL_ERROR   3u
  86:.\Generated_Source\PSoC4/cyfitter_cfg.c **** 
  87:.\Generated_Source\PSoC4/cyfitter_cfg.c **** #ifdef CY_NEED_CYCLOCKSTARTUPERROR
  88:.\Generated_Source\PSoC4/cyfitter_cfg.c **** /*******************************************************************************
  89:.\Generated_Source\PSoC4/cyfitter_cfg.c **** * Function Name: CyClockStartupError
  90:.\Generated_Source\PSoC4/cyfitter_cfg.c **** ********************************************************************************
  91:.\Generated_Source\PSoC4/cyfitter_cfg.c **** * Summary:
  92:.\Generated_Source\PSoC4/cyfitter_cfg.c **** *  If an error is encountered during clock configuration (crystal startup error,
  93:.\Generated_Source\PSoC4/cyfitter_cfg.c **** *  PLL lock error, etc.), the system will end up here.  Unless reimplemented by
  94:.\Generated_Source\PSoC4/cyfitter_cfg.c **** *  the customer, this function will stop in an infinite loop.
  95:.\Generated_Source\PSoC4/cyfitter_cfg.c **** *
  96:.\Generated_Source\PSoC4/cyfitter_cfg.c **** * Parameters:
  97:.\Generated_Source\PSoC4/cyfitter_cfg.c **** *   void
  98:.\Generated_Source\PSoC4/cyfitter_cfg.c **** *
ARM GAS  C:\Users\HERMIN~1\AppData\Local\Temp\ccJS53G7.s 			page 5


  99:.\Generated_Source\PSoC4/cyfitter_cfg.c **** * Return:
 100:.\Generated_Source\PSoC4/cyfitter_cfg.c **** *   void
 101:.\Generated_Source\PSoC4/cyfitter_cfg.c **** *
 102:.\Generated_Source\PSoC4/cyfitter_cfg.c **** *******************************************************************************/
 103:.\Generated_Source\PSoC4/cyfitter_cfg.c **** CY_CFG_UNUSED
 104:.\Generated_Source\PSoC4/cyfitter_cfg.c **** static void CyClockStartupError(uint8 errorCode);
 105:.\Generated_Source\PSoC4/cyfitter_cfg.c **** CY_CFG_UNUSED
 106:.\Generated_Source\PSoC4/cyfitter_cfg.c **** static void CyClockStartupError(uint8 errorCode)
 107:.\Generated_Source\PSoC4/cyfitter_cfg.c **** {
 108:.\Generated_Source\PSoC4/cyfitter_cfg.c ****     /* To remove the compiler warning if errorCode not used.                */
 109:.\Generated_Source\PSoC4/cyfitter_cfg.c ****     errorCode = errorCode;
 110:.\Generated_Source\PSoC4/cyfitter_cfg.c **** 
 111:.\Generated_Source\PSoC4/cyfitter_cfg.c ****     /* `#START CyClockStartupError` */
 112:.\Generated_Source\PSoC4/cyfitter_cfg.c **** 
 113:.\Generated_Source\PSoC4/cyfitter_cfg.c ****     /* If we have a clock startup error (bad MHz crystal, PLL lock, etc.),  */
 114:.\Generated_Source\PSoC4/cyfitter_cfg.c ****     /* we will end up here to allow the customer to implement something to  */
 115:.\Generated_Source\PSoC4/cyfitter_cfg.c ****     /* deal with the clock condition.                                       */
 116:.\Generated_Source\PSoC4/cyfitter_cfg.c **** 
 117:.\Generated_Source\PSoC4/cyfitter_cfg.c ****     /* `#END` */
 118:.\Generated_Source\PSoC4/cyfitter_cfg.c **** 
 119:.\Generated_Source\PSoC4/cyfitter_cfg.c ****     /* If nothing else, stop here since the clocks have not started         */
 120:.\Generated_Source\PSoC4/cyfitter_cfg.c ****     /* correctly.                                                           */
 121:.\Generated_Source\PSoC4/cyfitter_cfg.c ****     while(1) {}
 122:.\Generated_Source\PSoC4/cyfitter_cfg.c **** }
 123:.\Generated_Source\PSoC4/cyfitter_cfg.c **** #endif
 124:.\Generated_Source\PSoC4/cyfitter_cfg.c **** 
 125:.\Generated_Source\PSoC4/cyfitter_cfg.c **** 
 126:.\Generated_Source\PSoC4/cyfitter_cfg.c **** 
 127:.\Generated_Source\PSoC4/cyfitter_cfg.c **** /*******************************************************************************
 128:.\Generated_Source\PSoC4/cyfitter_cfg.c **** * Function Name: ClockSetup
 129:.\Generated_Source\PSoC4/cyfitter_cfg.c **** ********************************************************************************
 130:.\Generated_Source\PSoC4/cyfitter_cfg.c **** *
 131:.\Generated_Source\PSoC4/cyfitter_cfg.c **** * Summary:
 132:.\Generated_Source\PSoC4/cyfitter_cfg.c **** *   Performs the initialization of all of the clocks in the device based on the
 133:.\Generated_Source\PSoC4/cyfitter_cfg.c **** *   settings in the Clock tab of the DWR.  This includes enabling the requested
 134:.\Generated_Source\PSoC4/cyfitter_cfg.c **** *   clocks and setting the necessary dividers to produce the desired frequency. 
 135:.\Generated_Source\PSoC4/cyfitter_cfg.c **** *
 136:.\Generated_Source\PSoC4/cyfitter_cfg.c **** * Parameters:
 137:.\Generated_Source\PSoC4/cyfitter_cfg.c **** *   void
 138:.\Generated_Source\PSoC4/cyfitter_cfg.c **** *
 139:.\Generated_Source\PSoC4/cyfitter_cfg.c **** * Return:
 140:.\Generated_Source\PSoC4/cyfitter_cfg.c **** *   void
 141:.\Generated_Source\PSoC4/cyfitter_cfg.c **** *
 142:.\Generated_Source\PSoC4/cyfitter_cfg.c **** *******************************************************************************/
 143:.\Generated_Source\PSoC4/cyfitter_cfg.c **** static void ClockSetup(void);
 144:.\Generated_Source\PSoC4/cyfitter_cfg.c **** CY_CFG_SECTION
 145:.\Generated_Source\PSoC4/cyfitter_cfg.c **** static void ClockSetup(void)
 146:.\Generated_Source\PSoC4/cyfitter_cfg.c **** {
 131              		.loc 1 146 0
 132              		.cfi_startproc
 133 0000 80B5     		push	{r7, lr}
 134              		.cfi_def_cfa_offset 8
 135              		.cfi_offset 7, -8
 136              		.cfi_offset 14, -4
 137 0002 00AF     		add	r7, sp, #0
 138              		.cfi_def_cfa_register 7
 147:.\Generated_Source\PSoC4/cyfitter_cfg.c **** 	/* Enable HALF_EN before trimming for the flash accelerator. */
ARM GAS  C:\Users\HERMIN~1\AppData\Local\Temp\ccJS53G7.s 			page 6


 148:.\Generated_Source\PSoC4/cyfitter_cfg.c **** 	CY_SET_REG32((void CYXDATA *)(CYREG_CLK_SELECT), (CY_GET_REG32((void *)CYREG_CLK_SELECT) | 0x00040
 139              		.loc 1 148 0
 140 0004 124B     		ldr	r3, .L5
 141 0006 124A     		ldr	r2, .L5
 142 0008 1268     		ldr	r2, [r2]
 143 000a 8021     		mov	r1, #128
 144 000c C902     		lsl	r1, r1, #11
 145 000e 0A43     		orr	r2, r1
 146 0010 1A60     		str	r2, [r3]
 149:.\Generated_Source\PSoC4/cyfitter_cfg.c **** 
 150:.\Generated_Source\PSoC4/cyfitter_cfg.c **** 	/* Setup and trim IMO based on desired frequency. */
 151:.\Generated_Source\PSoC4/cyfitter_cfg.c **** 	CySysClkWriteImoFreq(24u);
 147              		.loc 1 151 0
 148 0012 1820     		mov	r0, #24
 149 0014 FFF7FEFF 		bl	CySysClkWriteImoFreq
 152:.\Generated_Source\PSoC4/cyfitter_cfg.c **** 
 153:.\Generated_Source\PSoC4/cyfitter_cfg.c **** 	/* Disable HALF_EN since it is not required at this IMO frequency. */
 154:.\Generated_Source\PSoC4/cyfitter_cfg.c **** 	CY_SET_REG32((void CYXDATA *)(CYREG_CLK_SELECT), (CY_GET_REG32((void *)CYREG_CLK_SELECT) & 0xFFFBF
 150              		.loc 1 154 0
 151 0018 0D4B     		ldr	r3, .L5
 152 001a 0D4A     		ldr	r2, .L5
 153 001c 1268     		ldr	r2, [r2]
 154 001e 0D49     		ldr	r1, .L5+4
 155 0020 0A40     		and	r2, r1
 156 0022 1A60     		str	r2, [r3]
 155:.\Generated_Source\PSoC4/cyfitter_cfg.c **** 	/* CYDEV_CLK_ILO_CONFIG Starting address: CYDEV_CLK_ILO_CONFIG */
 156:.\Generated_Source\PSoC4/cyfitter_cfg.c **** 	CY_SET_XTND_REG32((void CYFAR *)(CYREG_CLK_ILO_CONFIG), 0x80000006u);
 157              		.loc 1 156 0
 158 0024 0C4B     		ldr	r3, .L5+8
 159 0026 0D4A     		ldr	r2, .L5+12
 160 0028 1A60     		str	r2, [r3]
 157:.\Generated_Source\PSoC4/cyfitter_cfg.c **** 
 158:.\Generated_Source\PSoC4/cyfitter_cfg.c **** 
 159:.\Generated_Source\PSoC4/cyfitter_cfg.c **** 	/* CYDEV_CLK_SELECT00 Starting address: CYDEV_CLK_SELECT00 */
 160:.\Generated_Source\PSoC4/cyfitter_cfg.c **** 	CY_SET_XTND_REG32((void CYFAR *)(CYREG_CLK_SELECT03), 0x00000010u);
 161              		.loc 1 160 0
 162 002a 0D4B     		ldr	r3, .L5+16
 163 002c 1022     		mov	r2, #16
 164 002e 1A60     		str	r2, [r3]
 161:.\Generated_Source\PSoC4/cyfitter_cfg.c **** 
 162:.\Generated_Source\PSoC4/cyfitter_cfg.c **** 	/* CYDEV_CLK_IMO_CONFIG Starting address: CYDEV_CLK_IMO_CONFIG */
 163:.\Generated_Source\PSoC4/cyfitter_cfg.c **** 	CY_SET_XTND_REG32((void CYFAR *)(CYREG_CLK_IMO_CONFIG), 0x80000000u);
 165              		.loc 1 163 0
 166 0030 0C4B     		ldr	r3, .L5+20
 167 0032 8022     		mov	r2, #128
 168 0034 1206     		lsl	r2, r2, #24
 169 0036 1A60     		str	r2, [r3]
 164:.\Generated_Source\PSoC4/cyfitter_cfg.c **** 
 165:.\Generated_Source\PSoC4/cyfitter_cfg.c **** 	/* CYDEV_CLK_SELECT Starting address: CYDEV_CLK_SELECT */
 166:.\Generated_Source\PSoC4/cyfitter_cfg.c **** 	CY_SET_XTND_REG32((void CYFAR *)(CYREG_CLK_SELECT), 0x00000000u);
 170              		.loc 1 166 0
 171 0038 054B     		ldr	r3, .L5
 172 003a 0022     		mov	r2, #0
 173 003c 1A60     		str	r2, [r3]
 167:.\Generated_Source\PSoC4/cyfitter_cfg.c **** 
 168:.\Generated_Source\PSoC4/cyfitter_cfg.c **** 	/* CYDEV_CLK_DIVIDER_A00 Starting address: CYDEV_CLK_DIVIDER_A00 */
 169:.\Generated_Source\PSoC4/cyfitter_cfg.c **** 	CY_SET_XTND_REG32((void CYFAR *)(CYREG_CLK_DIVIDER_A00), 0x8000000Eu);
ARM GAS  C:\Users\HERMIN~1\AppData\Local\Temp\ccJS53G7.s 			page 7


 174              		.loc 1 169 0
 175 003e 0A4B     		ldr	r3, .L5+24
 176 0040 0A4A     		ldr	r2, .L5+28
 177 0042 1A60     		str	r2, [r3]
 170:.\Generated_Source\PSoC4/cyfitter_cfg.c **** 
 171:.\Generated_Source\PSoC4/cyfitter_cfg.c **** 	CY_SET_XTND_REG32((void CYFAR *)(CYREG_WDT_CONFIG), 0x00000000u);
 178              		.loc 1 171 0
 179 0044 0A4B     		ldr	r3, .L5+32
 180 0046 0022     		mov	r2, #0
 181 0048 1A60     		str	r2, [r3]
 172:.\Generated_Source\PSoC4/cyfitter_cfg.c **** }
 182              		.loc 1 172 0
 183 004a BD46     		mov	sp, r7
 184              		@ sp needed
 185 004c 80BD     		pop	{r7, pc}
 186              	.L6:
 187 004e C046     		.align	2
 188              	.L5:
 189 0050 00010B40 		.word	1074462976
 190 0054 FFFFFBFF 		.word	-262145
 191 0058 04010B40 		.word	1074462980
 192 005c 06000080 		.word	-2147483642
 193 0060 0C020240 		.word	1073873420
 194 0064 08010B40 		.word	1074462984
 195 0068 00000240 		.word	1073872896
 196 006c 0E000080 		.word	-2147483634
 197 0070 0C020B40 		.word	1074463244
 198              		.cfi_endproc
 199              	.LFE3:
 200              		.size	ClockSetup, .-ClockSetup
 201              		.section	.text.AnalogSetDefault,"ax",%progbits
 202              		.align	2
 203              		.code	16
 204              		.thumb_func
 205              		.type	AnalogSetDefault, %function
 206              	AnalogSetDefault:
 207              	.LFB4:
 173:.\Generated_Source\PSoC4/cyfitter_cfg.c **** 
 174:.\Generated_Source\PSoC4/cyfitter_cfg.c **** 
 175:.\Generated_Source\PSoC4/cyfitter_cfg.c **** /* Analog API Functions */
 176:.\Generated_Source\PSoC4/cyfitter_cfg.c **** 
 177:.\Generated_Source\PSoC4/cyfitter_cfg.c **** 
 178:.\Generated_Source\PSoC4/cyfitter_cfg.c **** /*******************************************************************************
 179:.\Generated_Source\PSoC4/cyfitter_cfg.c **** * Function Name: AnalogSetDefault
 180:.\Generated_Source\PSoC4/cyfitter_cfg.c **** ********************************************************************************
 181:.\Generated_Source\PSoC4/cyfitter_cfg.c **** *
 182:.\Generated_Source\PSoC4/cyfitter_cfg.c **** * Summary:
 183:.\Generated_Source\PSoC4/cyfitter_cfg.c **** *  Sets up the analog portions of the chip to default values based on chip
 184:.\Generated_Source\PSoC4/cyfitter_cfg.c **** *  configuration options from the project.
 185:.\Generated_Source\PSoC4/cyfitter_cfg.c **** *
 186:.\Generated_Source\PSoC4/cyfitter_cfg.c **** * Parameters:
 187:.\Generated_Source\PSoC4/cyfitter_cfg.c **** *  void
 188:.\Generated_Source\PSoC4/cyfitter_cfg.c **** *
 189:.\Generated_Source\PSoC4/cyfitter_cfg.c **** * Return:
 190:.\Generated_Source\PSoC4/cyfitter_cfg.c **** *  void
 191:.\Generated_Source\PSoC4/cyfitter_cfg.c **** *
 192:.\Generated_Source\PSoC4/cyfitter_cfg.c **** *******************************************************************************/
ARM GAS  C:\Users\HERMIN~1\AppData\Local\Temp\ccJS53G7.s 			page 8


 193:.\Generated_Source\PSoC4/cyfitter_cfg.c **** static void AnalogSetDefault(void);
 194:.\Generated_Source\PSoC4/cyfitter_cfg.c **** static void AnalogSetDefault(void)
 195:.\Generated_Source\PSoC4/cyfitter_cfg.c **** {
 208              		.loc 1 195 0
 209              		.cfi_startproc
 210 0000 80B5     		push	{r7, lr}
 211              		.cfi_def_cfa_offset 8
 212              		.cfi_offset 7, -8
 213              		.cfi_offset 14, -4
 214 0002 00AF     		add	r7, sp, #0
 215              		.cfi_def_cfa_register 7
 196:.\Generated_Source\PSoC4/cyfitter_cfg.c **** }
 216              		.loc 1 196 0
 217 0004 BD46     		mov	sp, r7
 218              		@ sp needed
 219 0006 80BD     		pop	{r7, pc}
 220              		.cfi_endproc
 221              	.LFE4:
 222              		.size	AnalogSetDefault, .-AnalogSetDefault
 223              		.section	.psocinit
 224              		.align	2
 225              		.global	cyfitter_cfg
 226              		.code	16
 227              		.thumb_func
 228              		.type	cyfitter_cfg, %function
 229              	cyfitter_cfg:
 230              	.LFB5:
 197:.\Generated_Source\PSoC4/cyfitter_cfg.c **** 
 198:.\Generated_Source\PSoC4/cyfitter_cfg.c **** #define CY_AMUX_UNUSED CYREG_CM0_ROM_DWT
 199:.\Generated_Source\PSoC4/cyfitter_cfg.c **** 
 200:.\Generated_Source\PSoC4/cyfitter_cfg.c **** 
 201:.\Generated_Source\PSoC4/cyfitter_cfg.c **** /*******************************************************************************
 202:.\Generated_Source\PSoC4/cyfitter_cfg.c **** * Function Name: cyfitter_cfg
 203:.\Generated_Source\PSoC4/cyfitter_cfg.c **** ********************************************************************************
 204:.\Generated_Source\PSoC4/cyfitter_cfg.c **** * Summary:
 205:.\Generated_Source\PSoC4/cyfitter_cfg.c **** *  This function is called by the start-up code for the selected device. It
 206:.\Generated_Source\PSoC4/cyfitter_cfg.c **** *  performs all of the necessary device configuration based on the design
 207:.\Generated_Source\PSoC4/cyfitter_cfg.c **** *  settings.  This includes settings from the Design Wide Resources (DWR) such
 208:.\Generated_Source\PSoC4/cyfitter_cfg.c **** *  as Clocks and Pins as well as any component configuration that is necessary.
 209:.\Generated_Source\PSoC4/cyfitter_cfg.c **** *
 210:.\Generated_Source\PSoC4/cyfitter_cfg.c **** * Parameters:  
 211:.\Generated_Source\PSoC4/cyfitter_cfg.c **** *   void
 212:.\Generated_Source\PSoC4/cyfitter_cfg.c **** *
 213:.\Generated_Source\PSoC4/cyfitter_cfg.c **** * Return:
 214:.\Generated_Source\PSoC4/cyfitter_cfg.c **** *   void
 215:.\Generated_Source\PSoC4/cyfitter_cfg.c **** *
 216:.\Generated_Source\PSoC4/cyfitter_cfg.c **** *******************************************************************************/
 217:.\Generated_Source\PSoC4/cyfitter_cfg.c **** CY_CFG_SECTION
 218:.\Generated_Source\PSoC4/cyfitter_cfg.c **** void cyfitter_cfg(void)
 219:.\Generated_Source\PSoC4/cyfitter_cfg.c **** {
 231              		.loc 1 219 0
 232              		.cfi_startproc
 233 0074 80B5     		push	{r7, lr}
 234              		.cfi_def_cfa_offset 8
 235              		.cfi_offset 7, -8
 236              		.cfi_offset 14, -4
 237 0076 82B0     		sub	sp, sp, #8
ARM GAS  C:\Users\HERMIN~1\AppData\Local\Temp\ccJS53G7.s 			page 9


 238              		.cfi_def_cfa_offset 16
 239 0078 00AF     		add	r7, sp, #0
 240              		.cfi_def_cfa_register 7
 220:.\Generated_Source\PSoC4/cyfitter_cfg.c **** 	/* Disable interrupts by default. Let user enable if/when they want. */
 221:.\Generated_Source\PSoC4/cyfitter_cfg.c **** 	CyGlobalIntDisable;
 241              		.loc 1 221 0
 242              	@ 221 ".\Generated_Source\PSoC4\cyfitter_cfg.c" 1
 243 007a 72B6     		CPSID   i
 244              	@ 0 "" 2
 245              		.code	16
 246              	.LBB2:
 222:.\Generated_Source\PSoC4/cyfitter_cfg.c **** 
 223:.\Generated_Source\PSoC4/cyfitter_cfg.c **** 	{
 224:.\Generated_Source\PSoC4/cyfitter_cfg.c **** 
 225:.\Generated_Source\PSoC4/cyfitter_cfg.c **** 		CYPACKED typedef struct {
 226:.\Generated_Source\PSoC4/cyfitter_cfg.c **** 			void CYFAR *address;
 227:.\Generated_Source\PSoC4/cyfitter_cfg.c **** 			uint16 size;
 228:.\Generated_Source\PSoC4/cyfitter_cfg.c **** 		} CYPACKED_ATTR cfg_memset_t;
 229:.\Generated_Source\PSoC4/cyfitter_cfg.c **** 
 230:.\Generated_Source\PSoC4/cyfitter_cfg.c **** 		static const cfg_memset_t CYCODE cfg_memset_list [] = {
 231:.\Generated_Source\PSoC4/cyfitter_cfg.c **** 			/* address, size */
 232:.\Generated_Source\PSoC4/cyfitter_cfg.c **** 			{(void CYFAR *)(CYDEV_UDB_P0_U0_BASE), 1024u},
 233:.\Generated_Source\PSoC4/cyfitter_cfg.c **** 			{(void CYFAR *)(CYDEV_UDB_DSI0_BASE), 1024u},
 234:.\Generated_Source\PSoC4/cyfitter_cfg.c **** 		};
 235:.\Generated_Source\PSoC4/cyfitter_cfg.c **** 
 236:.\Generated_Source\PSoC4/cyfitter_cfg.c **** 		uint8 CYDATA i;
 237:.\Generated_Source\PSoC4/cyfitter_cfg.c **** 
 238:.\Generated_Source\PSoC4/cyfitter_cfg.c **** 		/* Zero out critical memory blocks before beginning configuration */
 239:.\Generated_Source\PSoC4/cyfitter_cfg.c **** 		for (i = 0u; i < (sizeof(cfg_memset_list)/sizeof(cfg_memset_list[0])); i++)
 247              		.loc 1 239 0
 248 007c FB1D     		add	r3, r7, #7
 249 007e 0022     		mov	r2, #0
 250 0080 1A70     		strb	r2, [r3]
 251 0082 23E0     		b	.L9
 252              	.L10:
 253              	.LBB3:
 240:.\Generated_Source\PSoC4/cyfitter_cfg.c **** 		{
 241:.\Generated_Source\PSoC4/cyfitter_cfg.c **** 			const cfg_memset_t CYCODE * CYDATA ms = &cfg_memset_list[i];
 254              		.loc 1 241 0 discriminator 3
 255 0084 FB1D     		add	r3, r7, #7
 256 0086 1A78     		ldrb	r2, [r3]
 257 0088 131C     		mov	r3, r2
 258 008a 5B00     		lsl	r3, r3, #1
 259 008c 9B18     		add	r3, r3, r2
 260 008e 5B00     		lsl	r3, r3, #1
 261 0090 334A     		ldr	r2, .L11
 262 0092 9B18     		add	r3, r3, r2
 263 0094 3B60     		str	r3, [r7]
 242:.\Generated_Source\PSoC4/cyfitter_cfg.c **** 			CYMEMZERO(ms->address, (size_t)(uint32)(ms->size));
 264              		.loc 1 242 0 discriminator 3
 265 0096 3B68     		ldr	r3, [r7]
 266 0098 1A78     		ldrb	r2, [r3]
 267 009a 5978     		ldrb	r1, [r3, #1]
 268 009c 0902     		lsl	r1, r1, #8
 269 009e 0A43     		orr	r2, r1
 270 00a0 9978     		ldrb	r1, [r3, #2]
 271 00a2 0904     		lsl	r1, r1, #16
ARM GAS  C:\Users\HERMIN~1\AppData\Local\Temp\ccJS53G7.s 			page 10


 272 00a4 0A43     		orr	r2, r1
 273 00a6 DB78     		ldrb	r3, [r3, #3]
 274 00a8 1B06     		lsl	r3, r3, #24
 275 00aa 1343     		orr	r3, r2
 276 00ac 191C     		mov	r1, r3
 277 00ae 3B68     		ldr	r3, [r7]
 278 00b0 1A79     		ldrb	r2, [r3, #4]
 279 00b2 5B79     		ldrb	r3, [r3, #5]
 280 00b4 1B02     		lsl	r3, r3, #8
 281 00b6 1343     		orr	r3, r2
 282 00b8 9BB2     		uxth	r3, r3
 283 00ba 081C     		mov	r0, r1
 284 00bc 191C     		mov	r1, r3
 285 00be FFF7FEFF 		bl	CYMEMZERO
 286              	.LBE3:
 239:.\Generated_Source\PSoC4/cyfitter_cfg.c **** 		{
 287              		.loc 1 239 0 discriminator 3
 288 00c2 FB1D     		add	r3, r7, #7
 289 00c4 1A78     		ldrb	r2, [r3]
 290 00c6 FB1D     		add	r3, r7, #7
 291 00c8 0132     		add	r2, r2, #1
 292 00ca 1A70     		strb	r2, [r3]
 293              	.L9:
 239:.\Generated_Source\PSoC4/cyfitter_cfg.c **** 		{
 294              		.loc 1 239 0 is_stmt 0 discriminator 1
 295 00cc FB1D     		add	r3, r7, #7
 296 00ce 1B78     		ldrb	r3, [r3]
 297 00d0 012B     		cmp	r3, #1
 298 00d2 D7D9     		bls	.L10
 243:.\Generated_Source\PSoC4/cyfitter_cfg.c **** 		}
 244:.\Generated_Source\PSoC4/cyfitter_cfg.c **** 
 245:.\Generated_Source\PSoC4/cyfitter_cfg.c **** 		/* HSIOM Starting address: CYDEV_HSIOM_BASE */
 246:.\Generated_Source\PSoC4/cyfitter_cfg.c **** 		CY_SET_XTND_REG32((void CYFAR *)(CYREG_HSIOM_PORT_SEL3), 0x0000EEEEu);
 299              		.loc 1 246 0 is_stmt 1
 300 00d4 234B     		ldr	r3, .L11+4
 301 00d6 244A     		ldr	r2, .L11+8
 302 00d8 1A60     		str	r2, [r3]
 247:.\Generated_Source\PSoC4/cyfitter_cfg.c **** 
 248:.\Generated_Source\PSoC4/cyfitter_cfg.c **** 		/* UDB_PA_0 Starting address: CYDEV_UDB_PA0_BASE */
 249:.\Generated_Source\PSoC4/cyfitter_cfg.c **** 		CY_SET_XTND_REG32((void CYFAR *)(CYDEV_UDB_PA0_BASE), 0x00990000u);
 303              		.loc 1 249 0
 304 00da 244B     		ldr	r3, .L11+12
 305 00dc 9922     		mov	r2, #153
 306 00de 1204     		lsl	r2, r2, #16
 307 00e0 1A60     		str	r2, [r3]
 250:.\Generated_Source\PSoC4/cyfitter_cfg.c **** 
 251:.\Generated_Source\PSoC4/cyfitter_cfg.c **** 		/* UDB_PA_1 Starting address: CYDEV_UDB_PA1_BASE */
 252:.\Generated_Source\PSoC4/cyfitter_cfg.c **** 		CY_SET_XTND_REG32((void CYFAR *)(CYDEV_UDB_PA1_BASE), 0x00990000u);
 308              		.loc 1 252 0
 309 00e2 234B     		ldr	r3, .L11+16
 310 00e4 9922     		mov	r2, #153
 311 00e6 1204     		lsl	r2, r2, #16
 312 00e8 1A60     		str	r2, [r3]
 253:.\Generated_Source\PSoC4/cyfitter_cfg.c **** 
 254:.\Generated_Source\PSoC4/cyfitter_cfg.c **** 		/* UDB_PA_3 Starting address: CYDEV_UDB_PA3_BASE */
 255:.\Generated_Source\PSoC4/cyfitter_cfg.c **** 		CY_SET_XTND_REG32((void CYFAR *)(CYDEV_UDB_PA3_BASE), 0x00990000u);
 313              		.loc 1 255 0
ARM GAS  C:\Users\HERMIN~1\AppData\Local\Temp\ccJS53G7.s 			page 11


 314 00ea 224B     		ldr	r3, .L11+20
 315 00ec 9922     		mov	r2, #153
 316 00ee 1204     		lsl	r2, r2, #16
 317 00f0 1A60     		str	r2, [r3]
 256:.\Generated_Source\PSoC4/cyfitter_cfg.c **** 
 257:.\Generated_Source\PSoC4/cyfitter_cfg.c **** 		/* Enable digital routing */
 258:.\Generated_Source\PSoC4/cyfitter_cfg.c **** 		CY_SET_XTND_REG8((void *)CYREG_UDB_UDBIF_BANK_CTL, CY_GET_XTND_REG8((void *)CYREG_UDB_UDBIF_BANK_
 318              		.loc 1 258 0
 319 00f2 214A     		ldr	r2, .L11+24
 320 00f4 204B     		ldr	r3, .L11+24
 321 00f6 1B78     		ldrb	r3, [r3]
 322 00f8 DBB2     		uxtb	r3, r3
 323 00fa 0221     		mov	r1, #2
 324 00fc 0B43     		orr	r3, r1
 325 00fe DBB2     		uxtb	r3, r3
 326 0100 1370     		strb	r3, [r2]
 259:.\Generated_Source\PSoC4/cyfitter_cfg.c **** 
 260:.\Generated_Source\PSoC4/cyfitter_cfg.c **** 		/* Enable UDB array */
 261:.\Generated_Source\PSoC4/cyfitter_cfg.c **** 		CY_SET_XTND_REG8((void *)CYREG_UDB_UDBIF_WAIT_CFG, (uint8)((CY_GET_XTND_REG8((void *)CYREG_UDB_UD
 327              		.loc 1 261 0
 328 0102 1E4A     		ldr	r2, .L11+28
 329 0104 1D4B     		ldr	r3, .L11+28
 330 0106 1B78     		ldrb	r3, [r3]
 331 0108 DBB2     		uxtb	r3, r3
 332 010a 3C21     		mov	r1, #60
 333 010c 8B43     		bic	r3, r1
 334 010e DBB2     		uxtb	r3, r3
 335 0110 1421     		mov	r1, #20
 336 0112 0B43     		orr	r3, r1
 337 0114 DBB2     		uxtb	r3, r3
 338 0116 1370     		strb	r3, [r2]
 262:.\Generated_Source\PSoC4/cyfitter_cfg.c **** 		CY_SET_XTND_REG8((void *)CYREG_UDB_UDBIF_BANK_CTL, (uint8)(CY_GET_XTND_REG8((void *)CYREG_UDB_UDB
 339              		.loc 1 262 0
 340 0118 174A     		ldr	r2, .L11+24
 341 011a 174B     		ldr	r3, .L11+24
 342 011c 1B78     		ldrb	r3, [r3]
 343 011e DBB2     		uxtb	r3, r3
 344 0120 1621     		mov	r1, #22
 345 0122 0B43     		orr	r3, r1
 346 0124 DBB2     		uxtb	r3, r3
 347 0126 1370     		strb	r3, [r2]
 348              	.LBE2:
 263:.\Generated_Source\PSoC4/cyfitter_cfg.c **** 	}
 264:.\Generated_Source\PSoC4/cyfitter_cfg.c **** 
 265:.\Generated_Source\PSoC4/cyfitter_cfg.c **** 	/* Perform second pass device configuration. These items must be configured in specific order afte
 266:.\Generated_Source\PSoC4/cyfitter_cfg.c **** 	/* IOPINS0_0 Starting address: CYDEV_PRT0_BASE */
 267:.\Generated_Source\PSoC4/cyfitter_cfg.c **** 	CY_SET_XTND_REG32((void CYFAR *)(CYDEV_PRT0_BASE), 0x0000000Cu);
 349              		.loc 1 267 0
 350 0128 154B     		ldr	r3, .L11+32
 351 012a 0C22     		mov	r2, #12
 352 012c 1A60     		str	r2, [r3]
 268:.\Generated_Source\PSoC4/cyfitter_cfg.c **** 	CY_SET_XTND_REG32((void CYFAR *)(CYREG_PRT0_PC), 0x00000D80u);
 353              		.loc 1 268 0
 354 012e 154B     		ldr	r3, .L11+36
 355 0130 D822     		mov	r2, #216
 356 0132 1201     		lsl	r2, r2, #4
 357 0134 1A60     		str	r2, [r3]
ARM GAS  C:\Users\HERMIN~1\AppData\Local\Temp\ccJS53G7.s 			page 12


 269:.\Generated_Source\PSoC4/cyfitter_cfg.c **** 
 270:.\Generated_Source\PSoC4/cyfitter_cfg.c **** 	/* IOPINS0_1 Starting address: CYDEV_PRT1_BASE */
 271:.\Generated_Source\PSoC4/cyfitter_cfg.c **** 	CY_SET_XTND_REG32((void CYFAR *)(CYDEV_PRT1_BASE), 0x00000040u);
 358              		.loc 1 271 0
 359 0136 144B     		ldr	r3, .L11+40
 360 0138 4022     		mov	r2, #64
 361 013a 1A60     		str	r2, [r3]
 272:.\Generated_Source\PSoC4/cyfitter_cfg.c **** 	CY_SET_XTND_REG32((void CYFAR *)(CYREG_PRT1_PC), 0x00180000u);
 362              		.loc 1 272 0
 363 013c 134B     		ldr	r3, .L11+44
 364 013e C022     		mov	r2, #192
 365 0140 5203     		lsl	r2, r2, #13
 366 0142 1A60     		str	r2, [r3]
 273:.\Generated_Source\PSoC4/cyfitter_cfg.c **** 
 274:.\Generated_Source\PSoC4/cyfitter_cfg.c **** 	/* IOPINS0_3 Starting address: CYDEV_PRT3_BASE */
 275:.\Generated_Source\PSoC4/cyfitter_cfg.c **** 	CY_SET_XTND_REG32((void CYFAR *)(CYDEV_PRT3_BASE), 0x00000003u);
 367              		.loc 1 275 0
 368 0144 124B     		ldr	r3, .L11+48
 369 0146 0322     		mov	r2, #3
 370 0148 1A60     		str	r2, [r3]
 276:.\Generated_Source\PSoC4/cyfitter_cfg.c **** 	CY_SET_XTND_REG32((void CYFAR *)(CYREG_PRT3_PC), 0x00000DA4u);
 371              		.loc 1 276 0
 372 014a 124B     		ldr	r3, .L11+52
 373 014c 124A     		ldr	r2, .L11+56
 374 014e 1A60     		str	r2, [r3]
 277:.\Generated_Source\PSoC4/cyfitter_cfg.c **** 
 278:.\Generated_Source\PSoC4/cyfitter_cfg.c **** 
 279:.\Generated_Source\PSoC4/cyfitter_cfg.c **** 	/* Setup clocks based on selections from Clock DWR */
 280:.\Generated_Source\PSoC4/cyfitter_cfg.c **** 	ClockSetup();
 375              		.loc 1 280 0
 376 0150 FFF756FF 		bl	ClockSetup
 281:.\Generated_Source\PSoC4/cyfitter_cfg.c **** 
 282:.\Generated_Source\PSoC4/cyfitter_cfg.c **** 	/* Perform basic analog initialization to defaults */
 283:.\Generated_Source\PSoC4/cyfitter_cfg.c **** 	AnalogSetDefault();
 377              		.loc 1 283 0
 378 0154 FFF7FEFF 		bl	AnalogSetDefault
 284:.\Generated_Source\PSoC4/cyfitter_cfg.c **** 
 285:.\Generated_Source\PSoC4/cyfitter_cfg.c **** }
 379              		.loc 1 285 0
 380 0158 BD46     		mov	sp, r7
 381 015a 02B0     		add	sp, sp, #8
 382              		@ sp needed
 383 015c 80BD     		pop	{r7, pc}
 384              	.L12:
 385 015e C046     		.align	2
 386              	.L11:
 387 0160 00000000 		.word	cfg_memset_list.4716
 388 0164 0C000140 		.word	1073807372
 389 0168 EEEE0000 		.word	61166
 390 016c 00500F40 		.word	1074745344
 391 0170 10500F40 		.word	1074745360
 392 0174 30500F40 		.word	1074745392
 393 0178 00700F40 		.word	1074753536
 394 017c 01700F40 		.word	1074753537
 395 0180 00000440 		.word	1074003968
 396 0184 08000440 		.word	1074003976
 397 0188 00010440 		.word	1074004224
ARM GAS  C:\Users\HERMIN~1\AppData\Local\Temp\ccJS53G7.s 			page 13


 398 018c 08010440 		.word	1074004232
 399 0190 00030440 		.word	1074004736
 400 0194 08030440 		.word	1074004744
 401 0198 A40D0000 		.word	3492
 402              		.cfi_endproc
 403              	.LFE5:
 404              		.size	cyfitter_cfg, .-cyfitter_cfg
 405              		.section	.rodata
 406              		.align	2
 407              		.type	cfg_memset_list.4716, %object
 408              		.size	cfg_memset_list.4716, 12
 409              	cfg_memset_list.4716:
 410 0000 00300F40 		.word	1074737152
 411 0004 0004     		.short	1024
 412 0006 00400F40 		.4byte	1074741248
 413 000a 0004     		.short	1024
 414              		.text
 415              	.Letext0:
 416              		.file 2 "c:\\program files (x86)\\cypress\\psoc creator\\3.3\\psoc creator\\import\\gnu\\arm\\4.9.
 417              		.file 3 ".\\Generated_Source\\PSoC4\\cytypes.h"
 418              		.section	.debug_info,"",%progbits
 419              	.Ldebug_info0:
 420 0000 46020000 		.4byte	0x246
 421 0004 0400     		.2byte	0x4
 422 0006 00000000 		.4byte	.Ldebug_abbrev0
 423 000a 04       		.byte	0x4
 424 000b 01       		.uleb128 0x1
 425 000c D7000000 		.4byte	.LASF29
 426 0010 01       		.byte	0x1
 427 0011 AC010000 		.4byte	.LASF30
 428 0015 4C000000 		.4byte	.LASF31
 429 0019 00000000 		.4byte	.Ldebug_ranges0+0
 430 001d 00000000 		.4byte	0
 431 0021 00000000 		.4byte	.Ldebug_line0
 432 0025 02       		.uleb128 0x2
 433 0026 04       		.byte	0x4
 434 0027 05       		.byte	0x5
 435 0028 696E7400 		.ascii	"int\000"
 436 002c 03       		.uleb128 0x3
 437 002d 06000000 		.4byte	.LASF11
 438 0031 02       		.byte	0x2
 439 0032 D4       		.byte	0xd4
 440 0033 37000000 		.4byte	0x37
 441 0037 04       		.uleb128 0x4
 442 0038 04       		.byte	0x4
 443 0039 07       		.byte	0x7
 444 003a 73010000 		.4byte	.LASF0
 445 003e 04       		.uleb128 0x4
 446 003f 01       		.byte	0x1
 447 0040 06       		.byte	0x6
 448 0041 03020000 		.4byte	.LASF1
 449 0045 04       		.uleb128 0x4
 450 0046 01       		.byte	0x1
 451 0047 08       		.byte	0x8
 452 0048 B5000000 		.4byte	.LASF2
 453 004c 04       		.uleb128 0x4
 454 004d 02       		.byte	0x2
ARM GAS  C:\Users\HERMIN~1\AppData\Local\Temp\ccJS53G7.s 			page 14


 455 004e 05       		.byte	0x5
 456 004f F0010000 		.4byte	.LASF3
 457 0053 04       		.uleb128 0x4
 458 0054 02       		.byte	0x2
 459 0055 07       		.byte	0x7
 460 0056 39000000 		.4byte	.LASF4
 461 005a 04       		.uleb128 0x4
 462 005b 04       		.byte	0x4
 463 005c 05       		.byte	0x5
 464 005d FA010000 		.4byte	.LASF5
 465 0061 04       		.uleb128 0x4
 466 0062 04       		.byte	0x4
 467 0063 07       		.byte	0x7
 468 0064 93000000 		.4byte	.LASF6
 469 0068 04       		.uleb128 0x4
 470 0069 08       		.byte	0x8
 471 006a 05       		.byte	0x5
 472 006b DD010000 		.4byte	.LASF7
 473 006f 04       		.uleb128 0x4
 474 0070 08       		.byte	0x8
 475 0071 07       		.byte	0x7
 476 0072 88010000 		.4byte	.LASF8
 477 0076 04       		.uleb128 0x4
 478 0077 04       		.byte	0x4
 479 0078 07       		.byte	0x7
 480 0079 D4010000 		.4byte	.LASF9
 481 007d 05       		.uleb128 0x5
 482 007e 04       		.byte	0x4
 483 007f 04       		.uleb128 0x4
 484 0080 01       		.byte	0x1
 485 0081 08       		.byte	0x8
 486 0082 EB010000 		.4byte	.LASF10
 487 0086 06       		.uleb128 0x6
 488 0087 A5000000 		.4byte	.LASF12
 489 008b 03       		.byte	0x3
 490 008c 3801     		.2byte	0x138
 491 008e 45000000 		.4byte	0x45
 492 0092 06       		.uleb128 0x6
 493 0093 65010000 		.4byte	.LASF13
 494 0097 03       		.byte	0x3
 495 0098 3901     		.2byte	0x139
 496 009a 53000000 		.4byte	0x53
 497 009e 06       		.uleb128 0x6
 498 009f 6C010000 		.4byte	.LASF14
 499 00a3 03       		.byte	0x3
 500 00a4 3A01     		.2byte	0x13a
 501 00a6 61000000 		.4byte	0x61
 502 00aa 04       		.uleb128 0x4
 503 00ab 04       		.byte	0x4
 504 00ac 04       		.byte	0x4
 505 00ad 7E000000 		.4byte	.LASF15
 506 00b1 04       		.uleb128 0x4
 507 00b2 08       		.byte	0x8
 508 00b3 04       		.byte	0x4
 509 00b4 C3000000 		.4byte	.LASF16
 510 00b8 06       		.uleb128 0x6
 511 00b9 8E000000 		.4byte	.LASF17
ARM GAS  C:\Users\HERMIN~1\AppData\Local\Temp\ccJS53G7.s 			page 15


 512 00bd 03       		.byte	0x3
 513 00be E201     		.2byte	0x1e2
 514 00c0 C4000000 		.4byte	0xc4
 515 00c4 07       		.uleb128 0x7
 516 00c5 86000000 		.4byte	0x86
 517 00c9 06       		.uleb128 0x6
 518 00ca 00000000 		.4byte	.LASF18
 519 00ce 03       		.byte	0x3
 520 00cf E401     		.2byte	0x1e4
 521 00d1 D5000000 		.4byte	0xd5
 522 00d5 07       		.uleb128 0x7
 523 00d6 9E000000 		.4byte	0x9e
 524 00da 08       		.uleb128 0x8
 525 00db AB000000 		.4byte	.LASF19
 526 00df 01       		.byte	0x1
 527 00e0 3C       		.byte	0x3c
 528 00e1 00000000 		.4byte	.LFB0
 529 00e5 1E000000 		.4byte	.LFE0-.LFB0
 530 00e9 01       		.uleb128 0x1
 531 00ea 9C       		.byte	0x9c
 532 00eb 08010000 		.4byte	0x108
 533 00ef 09       		.uleb128 0x9
 534 00f0 7300     		.ascii	"s\000"
 535 00f2 01       		.byte	0x1
 536 00f3 3C       		.byte	0x3c
 537 00f4 7D000000 		.4byte	0x7d
 538 00f8 02       		.uleb128 0x2
 539 00f9 91       		.byte	0x91
 540 00fa 74       		.sleb128 -12
 541 00fb 09       		.uleb128 0x9
 542 00fc 6E00     		.ascii	"n\000"
 543 00fe 01       		.byte	0x1
 544 00ff 3C       		.byte	0x3c
 545 0100 2C000000 		.4byte	0x2c
 546 0104 02       		.uleb128 0x2
 547 0105 91       		.byte	0x91
 548 0106 70       		.sleb128 -16
 549 0107 00       		.byte	0
 550 0108 08       		.uleb128 0x8
 551 0109 1F020000 		.4byte	.LASF20
 552 010d 01       		.byte	0x1
 553 010e 43       		.byte	0x43
 554 010f 00000000 		.4byte	.LFB1
 555 0113 22000000 		.4byte	.LFE1-.LFB1
 556 0117 01       		.uleb128 0x1
 557 0118 9C       		.byte	0x9c
 558 0119 46010000 		.4byte	0x146
 559 011d 0A       		.uleb128 0xa
 560 011e 84000000 		.4byte	.LASF21
 561 0122 01       		.byte	0x1
 562 0123 43       		.byte	0x43
 563 0124 7D000000 		.4byte	0x7d
 564 0128 02       		.uleb128 0x2
 565 0129 91       		.byte	0x91
 566 012a 74       		.sleb128 -12
 567 012b 09       		.uleb128 0x9
 568 012c 73726300 		.ascii	"src\000"
ARM GAS  C:\Users\HERMIN~1\AppData\Local\Temp\ccJS53G7.s 			page 16


 569 0130 01       		.byte	0x1
 570 0131 43       		.byte	0x43
 571 0132 46010000 		.4byte	0x146
 572 0136 02       		.uleb128 0x2
 573 0137 91       		.byte	0x91
 574 0138 70       		.sleb128 -16
 575 0139 09       		.uleb128 0x9
 576 013a 6E00     		.ascii	"n\000"
 577 013c 01       		.byte	0x1
 578 013d 43       		.byte	0x43
 579 013e 2C000000 		.4byte	0x2c
 580 0142 02       		.uleb128 0x2
 581 0143 91       		.byte	0x91
 582 0144 6C       		.sleb128 -20
 583 0145 00       		.byte	0
 584 0146 0B       		.uleb128 0xb
 585 0147 04       		.byte	0x4
 586 0148 4C010000 		.4byte	0x14c
 587 014c 0C       		.uleb128 0xc
 588 014d 08       		.uleb128 0x8
 589 014e 0F020000 		.4byte	.LASF22
 590 0152 01       		.byte	0x1
 591 0153 4A       		.byte	0x4a
 592 0154 00000000 		.4byte	.LFB2
 593 0158 22000000 		.4byte	.LFE2-.LFB2
 594 015c 01       		.uleb128 0x1
 595 015d 9C       		.byte	0x9c
 596 015e 8B010000 		.4byte	0x18b
 597 0162 0A       		.uleb128 0xa
 598 0163 84000000 		.4byte	.LASF21
 599 0167 01       		.byte	0x1
 600 0168 4A       		.byte	0x4a
 601 0169 7D000000 		.4byte	0x7d
 602 016d 02       		.uleb128 0x2
 603 016e 91       		.byte	0x91
 604 016f 74       		.sleb128 -12
 605 0170 09       		.uleb128 0x9
 606 0171 73726300 		.ascii	"src\000"
 607 0175 01       		.byte	0x1
 608 0176 4A       		.byte	0x4a
 609 0177 46010000 		.4byte	0x146
 610 017b 02       		.uleb128 0x2
 611 017c 91       		.byte	0x91
 612 017d 70       		.sleb128 -16
 613 017e 09       		.uleb128 0x9
 614 017f 6E00     		.ascii	"n\000"
 615 0181 01       		.byte	0x1
 616 0182 4A       		.byte	0x4a
 617 0183 2C000000 		.4byte	0x2c
 618 0187 02       		.uleb128 0x2
 619 0188 91       		.byte	0x91
 620 0189 6C       		.sleb128 -20
 621 018a 00       		.byte	0
 622 018b 0D       		.uleb128 0xd
 623 018c 2E000000 		.4byte	.LASF23
 624 0190 01       		.byte	0x1
 625 0191 91       		.byte	0x91
ARM GAS  C:\Users\HERMIN~1\AppData\Local\Temp\ccJS53G7.s 			page 17


 626 0192 00000000 		.4byte	.LFB3
 627 0196 74000000 		.4byte	.LFE3-.LFB3
 628 019a 01       		.uleb128 0x1
 629 019b 9C       		.byte	0x9c
 630 019c 0E       		.uleb128 0xe
 631 019d 0D000000 		.4byte	.LASF24
 632 01a1 01       		.byte	0x1
 633 01a2 C2       		.byte	0xc2
 634 01a3 00000000 		.4byte	.LFB4
 635 01a7 08000000 		.4byte	.LFE4-.LFB4
 636 01ab 01       		.uleb128 0x1
 637 01ac 9C       		.byte	0x9c
 638 01ad 0F       		.uleb128 0xf
 639 01ae CA000000 		.4byte	.LASF32
 640 01b2 01       		.byte	0x1
 641 01b3 DA       		.byte	0xda
 642 01b4 74000000 		.4byte	.LFB5
 643 01b8 28010000 		.4byte	.LFE5-.LFB5
 644 01bc 01       		.uleb128 0x1
 645 01bd 9C       		.byte	0x9c
 646 01be 10       		.uleb128 0x10
 647 01bf 7C000000 		.4byte	.LBB2
 648 01c3 AC000000 		.4byte	.LBE2-.LBB2
 649 01c7 11       		.uleb128 0x11
 650 01c8 06       		.byte	0x6
 651 01c9 01       		.byte	0x1
 652 01ca E1       		.byte	0xe1
 653 01cb E8010000 		.4byte	0x1e8
 654 01cf 12       		.uleb128 0x12
 655 01d0 80010000 		.4byte	.LASF25
 656 01d4 01       		.byte	0x1
 657 01d5 E2       		.byte	0xe2
 658 01d6 7D000000 		.4byte	0x7d
 659 01da 00       		.byte	0
 660 01db 12       		.uleb128 0x12
 661 01dc 89000000 		.4byte	.LASF26
 662 01e0 01       		.byte	0x1
 663 01e1 E3       		.byte	0xe3
 664 01e2 92000000 		.4byte	0x92
 665 01e6 04       		.byte	0x4
 666 01e7 00       		.byte	0
 667 01e8 03       		.uleb128 0x3
 668 01e9 9F010000 		.4byte	.LASF27
 669 01ed 01       		.byte	0x1
 670 01ee E4       		.byte	0xe4
 671 01ef C7010000 		.4byte	0x1c7
 672 01f3 13       		.uleb128 0x13
 673 01f4 E8010000 		.4byte	0x1e8
 674 01f8 03020000 		.4byte	0x203
 675 01fc 14       		.uleb128 0x14
 676 01fd 76000000 		.4byte	0x76
 677 0201 01       		.byte	0x1
 678 0202 00       		.byte	0
 679 0203 15       		.uleb128 0x15
 680 0204 1E000000 		.4byte	.LASF28
 681 0208 01       		.byte	0x1
 682 0209 E6       		.byte	0xe6
ARM GAS  C:\Users\HERMIN~1\AppData\Local\Temp\ccJS53G7.s 			page 18


 683 020a 14020000 		.4byte	0x214
 684 020e 05       		.uleb128 0x5
 685 020f 03       		.byte	0x3
 686 0210 00000000 		.4byte	cfg_memset_list.4716
 687 0214 16       		.uleb128 0x16
 688 0215 F3010000 		.4byte	0x1f3
 689 0219 17       		.uleb128 0x17
 690 021a 6900     		.ascii	"i\000"
 691 021c 01       		.byte	0x1
 692 021d EC       		.byte	0xec
 693 021e 86000000 		.4byte	0x86
 694 0222 02       		.uleb128 0x2
 695 0223 91       		.byte	0x91
 696 0224 77       		.sleb128 -9
 697 0225 10       		.uleb128 0x10
 698 0226 84000000 		.4byte	.LBB3
 699 022a 3E000000 		.4byte	.LBE3-.LBB3
 700 022e 17       		.uleb128 0x17
 701 022f 6D7300   		.ascii	"ms\000"
 702 0232 01       		.byte	0x1
 703 0233 F1       		.byte	0xf1
 704 0234 3B020000 		.4byte	0x23b
 705 0238 02       		.uleb128 0x2
 706 0239 91       		.byte	0x91
 707 023a 70       		.sleb128 -16
 708 023b 0B       		.uleb128 0xb
 709 023c 04       		.byte	0x4
 710 023d 41020000 		.4byte	0x241
 711 0241 16       		.uleb128 0x16
 712 0242 E8010000 		.4byte	0x1e8
 713 0246 00       		.byte	0
 714 0247 00       		.byte	0
 715 0248 00       		.byte	0
 716 0249 00       		.byte	0
 717              		.section	.debug_abbrev,"",%progbits
 718              	.Ldebug_abbrev0:
 719 0000 01       		.uleb128 0x1
 720 0001 11       		.uleb128 0x11
 721 0002 01       		.byte	0x1
 722 0003 25       		.uleb128 0x25
 723 0004 0E       		.uleb128 0xe
 724 0005 13       		.uleb128 0x13
 725 0006 0B       		.uleb128 0xb
 726 0007 03       		.uleb128 0x3
 727 0008 0E       		.uleb128 0xe
 728 0009 1B       		.uleb128 0x1b
 729 000a 0E       		.uleb128 0xe
 730 000b 55       		.uleb128 0x55
 731 000c 17       		.uleb128 0x17
 732 000d 11       		.uleb128 0x11
 733 000e 01       		.uleb128 0x1
 734 000f 10       		.uleb128 0x10
 735 0010 17       		.uleb128 0x17
 736 0011 00       		.byte	0
 737 0012 00       		.byte	0
 738 0013 02       		.uleb128 0x2
 739 0014 24       		.uleb128 0x24
ARM GAS  C:\Users\HERMIN~1\AppData\Local\Temp\ccJS53G7.s 			page 19


 740 0015 00       		.byte	0
 741 0016 0B       		.uleb128 0xb
 742 0017 0B       		.uleb128 0xb
 743 0018 3E       		.uleb128 0x3e
 744 0019 0B       		.uleb128 0xb
 745 001a 03       		.uleb128 0x3
 746 001b 08       		.uleb128 0x8
 747 001c 00       		.byte	0
 748 001d 00       		.byte	0
 749 001e 03       		.uleb128 0x3
 750 001f 16       		.uleb128 0x16
 751 0020 00       		.byte	0
 752 0021 03       		.uleb128 0x3
 753 0022 0E       		.uleb128 0xe
 754 0023 3A       		.uleb128 0x3a
 755 0024 0B       		.uleb128 0xb
 756 0025 3B       		.uleb128 0x3b
 757 0026 0B       		.uleb128 0xb
 758 0027 49       		.uleb128 0x49
 759 0028 13       		.uleb128 0x13
 760 0029 00       		.byte	0
 761 002a 00       		.byte	0
 762 002b 04       		.uleb128 0x4
 763 002c 24       		.uleb128 0x24
 764 002d 00       		.byte	0
 765 002e 0B       		.uleb128 0xb
 766 002f 0B       		.uleb128 0xb
 767 0030 3E       		.uleb128 0x3e
 768 0031 0B       		.uleb128 0xb
 769 0032 03       		.uleb128 0x3
 770 0033 0E       		.uleb128 0xe
 771 0034 00       		.byte	0
 772 0035 00       		.byte	0
 773 0036 05       		.uleb128 0x5
 774 0037 0F       		.uleb128 0xf
 775 0038 00       		.byte	0
 776 0039 0B       		.uleb128 0xb
 777 003a 0B       		.uleb128 0xb
 778 003b 00       		.byte	0
 779 003c 00       		.byte	0
 780 003d 06       		.uleb128 0x6
 781 003e 16       		.uleb128 0x16
 782 003f 00       		.byte	0
 783 0040 03       		.uleb128 0x3
 784 0041 0E       		.uleb128 0xe
 785 0042 3A       		.uleb128 0x3a
 786 0043 0B       		.uleb128 0xb
 787 0044 3B       		.uleb128 0x3b
 788 0045 05       		.uleb128 0x5
 789 0046 49       		.uleb128 0x49
 790 0047 13       		.uleb128 0x13
 791 0048 00       		.byte	0
 792 0049 00       		.byte	0
 793 004a 07       		.uleb128 0x7
 794 004b 35       		.uleb128 0x35
 795 004c 00       		.byte	0
 796 004d 49       		.uleb128 0x49
ARM GAS  C:\Users\HERMIN~1\AppData\Local\Temp\ccJS53G7.s 			page 20


 797 004e 13       		.uleb128 0x13
 798 004f 00       		.byte	0
 799 0050 00       		.byte	0
 800 0051 08       		.uleb128 0x8
 801 0052 2E       		.uleb128 0x2e
 802 0053 01       		.byte	0x1
 803 0054 03       		.uleb128 0x3
 804 0055 0E       		.uleb128 0xe
 805 0056 3A       		.uleb128 0x3a
 806 0057 0B       		.uleb128 0xb
 807 0058 3B       		.uleb128 0x3b
 808 0059 0B       		.uleb128 0xb
 809 005a 27       		.uleb128 0x27
 810 005b 19       		.uleb128 0x19
 811 005c 11       		.uleb128 0x11
 812 005d 01       		.uleb128 0x1
 813 005e 12       		.uleb128 0x12
 814 005f 06       		.uleb128 0x6
 815 0060 40       		.uleb128 0x40
 816 0061 18       		.uleb128 0x18
 817 0062 9642     		.uleb128 0x2116
 818 0064 19       		.uleb128 0x19
 819 0065 01       		.uleb128 0x1
 820 0066 13       		.uleb128 0x13
 821 0067 00       		.byte	0
 822 0068 00       		.byte	0
 823 0069 09       		.uleb128 0x9
 824 006a 05       		.uleb128 0x5
 825 006b 00       		.byte	0
 826 006c 03       		.uleb128 0x3
 827 006d 08       		.uleb128 0x8
 828 006e 3A       		.uleb128 0x3a
 829 006f 0B       		.uleb128 0xb
 830 0070 3B       		.uleb128 0x3b
 831 0071 0B       		.uleb128 0xb
 832 0072 49       		.uleb128 0x49
 833 0073 13       		.uleb128 0x13
 834 0074 02       		.uleb128 0x2
 835 0075 18       		.uleb128 0x18
 836 0076 00       		.byte	0
 837 0077 00       		.byte	0
 838 0078 0A       		.uleb128 0xa
 839 0079 05       		.uleb128 0x5
 840 007a 00       		.byte	0
 841 007b 03       		.uleb128 0x3
 842 007c 0E       		.uleb128 0xe
 843 007d 3A       		.uleb128 0x3a
 844 007e 0B       		.uleb128 0xb
 845 007f 3B       		.uleb128 0x3b
 846 0080 0B       		.uleb128 0xb
 847 0081 49       		.uleb128 0x49
 848 0082 13       		.uleb128 0x13
 849 0083 02       		.uleb128 0x2
 850 0084 18       		.uleb128 0x18
 851 0085 00       		.byte	0
 852 0086 00       		.byte	0
 853 0087 0B       		.uleb128 0xb
ARM GAS  C:\Users\HERMIN~1\AppData\Local\Temp\ccJS53G7.s 			page 21


 854 0088 0F       		.uleb128 0xf
 855 0089 00       		.byte	0
 856 008a 0B       		.uleb128 0xb
 857 008b 0B       		.uleb128 0xb
 858 008c 49       		.uleb128 0x49
 859 008d 13       		.uleb128 0x13
 860 008e 00       		.byte	0
 861 008f 00       		.byte	0
 862 0090 0C       		.uleb128 0xc
 863 0091 26       		.uleb128 0x26
 864 0092 00       		.byte	0
 865 0093 00       		.byte	0
 866 0094 00       		.byte	0
 867 0095 0D       		.uleb128 0xd
 868 0096 2E       		.uleb128 0x2e
 869 0097 00       		.byte	0
 870 0098 03       		.uleb128 0x3
 871 0099 0E       		.uleb128 0xe
 872 009a 3A       		.uleb128 0x3a
 873 009b 0B       		.uleb128 0xb
 874 009c 3B       		.uleb128 0x3b
 875 009d 0B       		.uleb128 0xb
 876 009e 27       		.uleb128 0x27
 877 009f 19       		.uleb128 0x19
 878 00a0 11       		.uleb128 0x11
 879 00a1 01       		.uleb128 0x1
 880 00a2 12       		.uleb128 0x12
 881 00a3 06       		.uleb128 0x6
 882 00a4 40       		.uleb128 0x40
 883 00a5 18       		.uleb128 0x18
 884 00a6 9642     		.uleb128 0x2116
 885 00a8 19       		.uleb128 0x19
 886 00a9 00       		.byte	0
 887 00aa 00       		.byte	0
 888 00ab 0E       		.uleb128 0xe
 889 00ac 2E       		.uleb128 0x2e
 890 00ad 00       		.byte	0
 891 00ae 03       		.uleb128 0x3
 892 00af 0E       		.uleb128 0xe
 893 00b0 3A       		.uleb128 0x3a
 894 00b1 0B       		.uleb128 0xb
 895 00b2 3B       		.uleb128 0x3b
 896 00b3 0B       		.uleb128 0xb
 897 00b4 27       		.uleb128 0x27
 898 00b5 19       		.uleb128 0x19
 899 00b6 11       		.uleb128 0x11
 900 00b7 01       		.uleb128 0x1
 901 00b8 12       		.uleb128 0x12
 902 00b9 06       		.uleb128 0x6
 903 00ba 40       		.uleb128 0x40
 904 00bb 18       		.uleb128 0x18
 905 00bc 9742     		.uleb128 0x2117
 906 00be 19       		.uleb128 0x19
 907 00bf 00       		.byte	0
 908 00c0 00       		.byte	0
 909 00c1 0F       		.uleb128 0xf
 910 00c2 2E       		.uleb128 0x2e
ARM GAS  C:\Users\HERMIN~1\AppData\Local\Temp\ccJS53G7.s 			page 22


 911 00c3 01       		.byte	0x1
 912 00c4 3F       		.uleb128 0x3f
 913 00c5 19       		.uleb128 0x19
 914 00c6 03       		.uleb128 0x3
 915 00c7 0E       		.uleb128 0xe
 916 00c8 3A       		.uleb128 0x3a
 917 00c9 0B       		.uleb128 0xb
 918 00ca 3B       		.uleb128 0x3b
 919 00cb 0B       		.uleb128 0xb
 920 00cc 27       		.uleb128 0x27
 921 00cd 19       		.uleb128 0x19
 922 00ce 11       		.uleb128 0x11
 923 00cf 01       		.uleb128 0x1
 924 00d0 12       		.uleb128 0x12
 925 00d1 06       		.uleb128 0x6
 926 00d2 40       		.uleb128 0x40
 927 00d3 18       		.uleb128 0x18
 928 00d4 9642     		.uleb128 0x2116
 929 00d6 19       		.uleb128 0x19
 930 00d7 00       		.byte	0
 931 00d8 00       		.byte	0
 932 00d9 10       		.uleb128 0x10
 933 00da 0B       		.uleb128 0xb
 934 00db 01       		.byte	0x1
 935 00dc 11       		.uleb128 0x11
 936 00dd 01       		.uleb128 0x1
 937 00de 12       		.uleb128 0x12
 938 00df 06       		.uleb128 0x6
 939 00e0 00       		.byte	0
 940 00e1 00       		.byte	0
 941 00e2 11       		.uleb128 0x11
 942 00e3 13       		.uleb128 0x13
 943 00e4 01       		.byte	0x1
 944 00e5 0B       		.uleb128 0xb
 945 00e6 0B       		.uleb128 0xb
 946 00e7 3A       		.uleb128 0x3a
 947 00e8 0B       		.uleb128 0xb
 948 00e9 3B       		.uleb128 0x3b
 949 00ea 0B       		.uleb128 0xb
 950 00eb 01       		.uleb128 0x1
 951 00ec 13       		.uleb128 0x13
 952 00ed 00       		.byte	0
 953 00ee 00       		.byte	0
 954 00ef 12       		.uleb128 0x12
 955 00f0 0D       		.uleb128 0xd
 956 00f1 00       		.byte	0
 957 00f2 03       		.uleb128 0x3
 958 00f3 0E       		.uleb128 0xe
 959 00f4 3A       		.uleb128 0x3a
 960 00f5 0B       		.uleb128 0xb
 961 00f6 3B       		.uleb128 0x3b
 962 00f7 0B       		.uleb128 0xb
 963 00f8 49       		.uleb128 0x49
 964 00f9 13       		.uleb128 0x13
 965 00fa 38       		.uleb128 0x38
 966 00fb 0B       		.uleb128 0xb
 967 00fc 00       		.byte	0
ARM GAS  C:\Users\HERMIN~1\AppData\Local\Temp\ccJS53G7.s 			page 23


 968 00fd 00       		.byte	0
 969 00fe 13       		.uleb128 0x13
 970 00ff 01       		.uleb128 0x1
 971 0100 01       		.byte	0x1
 972 0101 49       		.uleb128 0x49
 973 0102 13       		.uleb128 0x13
 974 0103 01       		.uleb128 0x1
 975 0104 13       		.uleb128 0x13
 976 0105 00       		.byte	0
 977 0106 00       		.byte	0
 978 0107 14       		.uleb128 0x14
 979 0108 21       		.uleb128 0x21
 980 0109 00       		.byte	0
 981 010a 49       		.uleb128 0x49
 982 010b 13       		.uleb128 0x13
 983 010c 2F       		.uleb128 0x2f
 984 010d 0B       		.uleb128 0xb
 985 010e 00       		.byte	0
 986 010f 00       		.byte	0
 987 0110 15       		.uleb128 0x15
 988 0111 34       		.uleb128 0x34
 989 0112 00       		.byte	0
 990 0113 03       		.uleb128 0x3
 991 0114 0E       		.uleb128 0xe
 992 0115 3A       		.uleb128 0x3a
 993 0116 0B       		.uleb128 0xb
 994 0117 3B       		.uleb128 0x3b
 995 0118 0B       		.uleb128 0xb
 996 0119 49       		.uleb128 0x49
 997 011a 13       		.uleb128 0x13
 998 011b 02       		.uleb128 0x2
 999 011c 18       		.uleb128 0x18
 1000 011d 00       		.byte	0
 1001 011e 00       		.byte	0
 1002 011f 16       		.uleb128 0x16
 1003 0120 26       		.uleb128 0x26
 1004 0121 00       		.byte	0
 1005 0122 49       		.uleb128 0x49
 1006 0123 13       		.uleb128 0x13
 1007 0124 00       		.byte	0
 1008 0125 00       		.byte	0
 1009 0126 17       		.uleb128 0x17
 1010 0127 34       		.uleb128 0x34
 1011 0128 00       		.byte	0
 1012 0129 03       		.uleb128 0x3
 1013 012a 08       		.uleb128 0x8
 1014 012b 3A       		.uleb128 0x3a
 1015 012c 0B       		.uleb128 0xb
 1016 012d 3B       		.uleb128 0x3b
 1017 012e 0B       		.uleb128 0xb
 1018 012f 49       		.uleb128 0x49
 1019 0130 13       		.uleb128 0x13
 1020 0131 02       		.uleb128 0x2
 1021 0132 18       		.uleb128 0x18
 1022 0133 00       		.byte	0
 1023 0134 00       		.byte	0
 1024 0135 00       		.byte	0
ARM GAS  C:\Users\HERMIN~1\AppData\Local\Temp\ccJS53G7.s 			page 24


 1025              		.section	.debug_aranges,"",%progbits
 1026 0000 44000000 		.4byte	0x44
 1027 0004 0200     		.2byte	0x2
 1028 0006 00000000 		.4byte	.Ldebug_info0
 1029 000a 04       		.byte	0x4
 1030 000b 00       		.byte	0
 1031 000c 0000     		.2byte	0
 1032 000e 0000     		.2byte	0
 1033 0010 00000000 		.4byte	.LFB0
 1034 0014 1E000000 		.4byte	.LFE0-.LFB0
 1035 0018 00000000 		.4byte	.LFB1
 1036 001c 22000000 		.4byte	.LFE1-.LFB1
 1037 0020 00000000 		.4byte	.LFB2
 1038 0024 22000000 		.4byte	.LFE2-.LFB2
 1039 0028 00000000 		.4byte	.LFB3
 1040 002c 74000000 		.4byte	.LFE3-.LFB3
 1041 0030 00000000 		.4byte	.LFB4
 1042 0034 08000000 		.4byte	.LFE4-.LFB4
 1043 0038 74000000 		.4byte	.LFB5
 1044 003c 28010000 		.4byte	.LFE5-.LFB5
 1045 0040 00000000 		.4byte	0
 1046 0044 00000000 		.4byte	0
 1047              		.section	.debug_ranges,"",%progbits
 1048              	.Ldebug_ranges0:
 1049 0000 00000000 		.4byte	.LFB0
 1050 0004 1E000000 		.4byte	.LFE0
 1051 0008 00000000 		.4byte	.LFB1
 1052 000c 22000000 		.4byte	.LFE1
 1053 0010 00000000 		.4byte	.LFB2
 1054 0014 22000000 		.4byte	.LFE2
 1055 0018 00000000 		.4byte	.LFB3
 1056 001c 74000000 		.4byte	.LFE3
 1057 0020 00000000 		.4byte	.LFB4
 1058 0024 08000000 		.4byte	.LFE4
 1059 0028 74000000 		.4byte	.LFB5
 1060 002c 9C010000 		.4byte	.LFE5
 1061 0030 00000000 		.4byte	0
 1062 0034 00000000 		.4byte	0
 1063              		.section	.debug_line,"",%progbits
 1064              	.Ldebug_line0:
 1065 0000 62010000 		.section	.debug_str,"MS",%progbits,1
 1065      0200CD00 
 1065      00000201 
 1065      FB0E0D00 
 1065      01010101 
 1066              	.LASF18:
 1067 0000 72656733 		.ascii	"reg32\000"
 1067      3200
 1068              	.LASF11:
 1069 0006 73697A65 		.ascii	"size_t\000"
 1069      5F7400
 1070              	.LASF24:
 1071 000d 416E616C 		.ascii	"AnalogSetDefault\000"
 1071      6F675365 
 1071      74446566 
 1071      61756C74 
 1071      00
ARM GAS  C:\Users\HERMIN~1\AppData\Local\Temp\ccJS53G7.s 			page 25


 1072              	.LASF28:
 1073 001e 6366675F 		.ascii	"cfg_memset_list\000"
 1073      6D656D73 
 1073      65745F6C 
 1073      69737400 
 1074              	.LASF23:
 1075 002e 436C6F63 		.ascii	"ClockSetup\000"
 1075      6B536574 
 1075      757000
 1076              	.LASF4:
 1077 0039 73686F72 		.ascii	"short unsigned int\000"
 1077      7420756E 
 1077      7369676E 
 1077      65642069 
 1077      6E7400
 1078              	.LASF31:
 1079 004c 433A5C70 		.ascii	"C:\\projekts\\Gunshow_PSoC\\SCB_I2cCommSlave01.cyds"
 1079      726F6A65 
 1079      6B74735C 
 1079      47756E73 
 1079      686F775F 
 1080 007c 6E00     		.ascii	"n\000"
 1081              	.LASF15:
 1082 007e 666C6F61 		.ascii	"float\000"
 1082      7400
 1083              	.LASF21:
 1084 0084 64657374 		.ascii	"dest\000"
 1084      00
 1085              	.LASF26:
 1086 0089 73697A65 		.ascii	"size\000"
 1086      00
 1087              	.LASF17:
 1088 008e 72656738 		.ascii	"reg8\000"
 1088      00
 1089              	.LASF6:
 1090 0093 6C6F6E67 		.ascii	"long unsigned int\000"
 1090      20756E73 
 1090      69676E65 
 1090      6420696E 
 1090      7400
 1091              	.LASF12:
 1092 00a5 75696E74 		.ascii	"uint8\000"
 1092      3800
 1093              	.LASF19:
 1094 00ab 43594D45 		.ascii	"CYMEMZERO\000"
 1094      4D5A4552 
 1094      4F00
 1095              	.LASF2:
 1096 00b5 756E7369 		.ascii	"unsigned char\000"
 1096      676E6564 
 1096      20636861 
 1096      7200
 1097              	.LASF16:
 1098 00c3 646F7562 		.ascii	"double\000"
 1098      6C6500
 1099              	.LASF32:
 1100 00ca 63796669 		.ascii	"cyfitter_cfg\000"
ARM GAS  C:\Users\HERMIN~1\AppData\Local\Temp\ccJS53G7.s 			page 26


 1100      74746572 
 1100      5F636667 
 1100      00
 1101              	.LASF29:
 1102 00d7 474E5520 		.ascii	"GNU C 4.9.3 20150303 (release) [ARM/embedded-4_9-br"
 1102      4320342E 
 1102      392E3320 
 1102      32303135 
 1102      30333033 
 1103 010a 616E6368 		.ascii	"anch revision 221220] -mcpu=cortex-m0 -mthumb -g -O"
 1103      20726576 
 1103      6973696F 
 1103      6E203232 
 1103      31323230 
 1104 013d 30202D66 		.ascii	"0 -ffunction-sections -ffat-lto-objects\000"
 1104      66756E63 
 1104      74696F6E 
 1104      2D736563 
 1104      74696F6E 
 1105              	.LASF13:
 1106 0165 75696E74 		.ascii	"uint16\000"
 1106      313600
 1107              	.LASF14:
 1108 016c 75696E74 		.ascii	"uint32\000"
 1108      333200
 1109              	.LASF0:
 1110 0173 756E7369 		.ascii	"unsigned int\000"
 1110      676E6564 
 1110      20696E74 
 1110      00
 1111              	.LASF25:
 1112 0180 61646472 		.ascii	"address\000"
 1112      65737300 
 1113              	.LASF8:
 1114 0188 6C6F6E67 		.ascii	"long long unsigned int\000"
 1114      206C6F6E 
 1114      6720756E 
 1114      7369676E 
 1114      65642069 
 1115              	.LASF27:
 1116 019f 6366675F 		.ascii	"cfg_memset_t\000"
 1116      6D656D73 
 1116      65745F74 
 1116      00
 1117              	.LASF30:
 1118 01ac 2E5C4765 		.ascii	".\\Generated_Source\\PSoC4\\cyfitter_cfg.c\000"
 1118      6E657261 
 1118      7465645F 
 1118      536F7572 
 1118      63655C50 
 1119              	.LASF9:
 1120 01d4 73697A65 		.ascii	"sizetype\000"
 1120      74797065 
 1120      00
 1121              	.LASF7:
 1122 01dd 6C6F6E67 		.ascii	"long long int\000"
 1122      206C6F6E 
ARM GAS  C:\Users\HERMIN~1\AppData\Local\Temp\ccJS53G7.s 			page 27


 1122      6720696E 
 1122      7400
 1123              	.LASF10:
 1124 01eb 63686172 		.ascii	"char\000"
 1124      00
 1125              	.LASF3:
 1126 01f0 73686F72 		.ascii	"short int\000"
 1126      7420696E 
 1126      7400
 1127              	.LASF5:
 1128 01fa 6C6F6E67 		.ascii	"long int\000"
 1128      20696E74 
 1128      00
 1129              	.LASF1:
 1130 0203 7369676E 		.ascii	"signed char\000"
 1130      65642063 
 1130      68617200 
 1131              	.LASF22:
 1132 020f 4359434F 		.ascii	"CYCONFIGCPYCODE\000"
 1132      4E464947 
 1132      43505943 
 1132      4F444500 
 1133              	.LASF20:
 1134 021f 4359434F 		.ascii	"CYCONFIGCPY\000"
 1134      4E464947 
 1134      43505900 
 1135              		.ident	"GCC: (GNU Tools for ARM Embedded Processors) 4.9.3 20150303 (release) [ARM/embedded-4_9-br
